<?xml version="1.0" encoding="UTF-8"?>
<robot generator="Robot 7.2.2 (Python 3.12.5 on win32)" generated="2025-05-29T16:57:27.753023" rpa="false" schemaversion="5">
<suite id="s1" name="TestsAudio" source="C:\Users\bahae\Documents\PfeProject\test_cases\TestsAudio.robot">
<kw name="Démarrer Driver" type="SETUP">
<kw name="Log" owner="BuiltIn">
<msg time="2025-05-29T16:57:30.590703" level="INFO">Tentative d'initialisation du driver Appium...</msg>
<arg>Tentative d'initialisation du driver Appium...</arg>
<doc>Logs the given message with the given level.</doc>
<status status="PASS" start="2025-05-29T16:57:30.590703" elapsed="0.000000"/>
</kw>
<kw name="Log" owner="BuiltIn">
<msg time="2025-05-29T16:57:30.591702" level="INFO">URL Appium: C:\Users\bahae\Documents\PfeProject\test_cases\..\config.py</msg>
<arg>URL Appium: C:\\Users\\bahae\\Documents\\PfeProject\\test_cases${/}..${/}config.py</arg>
<doc>Logs the given message with the given level.</doc>
<status status="PASS" start="2025-05-29T16:57:30.590703" elapsed="0.000999"/>
</kw>
<kw name="Run Keyword And Ignore Error" owner="BuiltIn">
<kw name="Setup Driver" owner="Integration">
<arg>${Device}</arg>
<doc>Initialise et retourne le driver Appium.</doc>
<status status="PASS" start="2025-05-29T16:57:30.591702" elapsed="6.610273"/>
</kw>
<msg time="2025-05-29T16:57:37.201975" level="INFO">${result} = ('PASS', &lt;appium.webdriver.webdriver.WebDriver (session="8e194c7d-86a7-490e-ae2a-26948a2b5608")&gt;)</msg>
<var>${result}</var>
<arg>setup driver</arg>
<arg>${Device}</arg>
<doc>Runs the given keyword with the given arguments and ignores possible error.</doc>
<status status="PASS" start="2025-05-29T16:57:30.591702" elapsed="6.610273"/>
</kw>
<kw name="Set Variable" owner="BuiltIn">
<msg time="2025-05-29T16:57:37.202973" level="INFO">${status} = PASS</msg>
<msg time="2025-05-29T16:57:37.202973" level="INFO">${driver} = &lt;appium.webdriver.webdriver.WebDriver (session="8e194c7d-86a7-490e-ae2a-26948a2b5608")&gt;</msg>
<var>${status}</var>
<var>${driver}</var>
<arg>${result}</arg>
<doc>Returns the given values which can then be assigned to a variables.</doc>
<status status="PASS" start="2025-05-29T16:57:37.201975" elapsed="0.000998"/>
</kw>
<if>
<branch type="IF" condition="'${status}' == 'FAIL'">
<kw name="Log" owner="BuiltIn">
<arg>Échec de l'initialisation du driver: ${driver}</arg>
<doc>Logs the given message with the given level.</doc>
<status status="NOT RUN" start="2025-05-29T16:57:37.202973" elapsed="0.000000"/>
</kw>
<kw name="Fail" owner="BuiltIn">
<arg>Impossible d'initialiser le driver Appium: ${driver}</arg>
<doc>Fails the test with the given message and optionally alters its tags.</doc>
<status status="NOT RUN" start="2025-05-29T16:57:37.203972" elapsed="0.000000"/>
</kw>
<status status="NOT RUN" start="2025-05-29T16:57:37.202973" elapsed="0.000999"/>
</branch>
<status status="PASS" start="2025-05-29T16:57:37.202973" elapsed="0.000999"/>
</if>
<kw name="Set Suite Variable" owner="BuiltIn">
<msg time="2025-05-29T16:57:37.203972" level="INFO">${driver} = &lt;appium.webdriver.webdriver.WebDriver (session="8e194c7d-86a7-490e-ae2a-26948a2b5608")&gt;</msg>
<arg>${driver}</arg>
<doc>Makes a variable available everywhere within the scope of the current suite.</doc>
<status status="PASS" start="2025-05-29T16:57:37.203972" elapsed="0.000525"/>
</kw>
<kw name="Log" owner="BuiltIn">
<msg time="2025-05-29T16:57:37.204497" level="INFO">Driver Appium initialisé avec succès</msg>
<arg>Driver Appium initialisé avec succès</arg>
<doc>Logs the given message with the given level.</doc>
<status status="PASS" start="2025-05-29T16:57:37.204497" elapsed="0.000000"/>
</kw>
<status status="PASS" start="2025-05-29T16:57:30.589181" elapsed="6.615316"/>
</kw>
<test id="s1-t1" name="Test fgdya" line="236">
<kw name="Close Activity" owner="Integration">
<msg time="2025-05-29T16:57:37.212858" level="INFO">Erreur lors de la fermeture de l'application com.example.audioapplicationtest: Message: The following required parameter is missing: ["appId"]
Known required parameters are: ["appId"]
Known optional parameters are: ["timeout"]
You have provided none
Stacktrace:
BadParametersError: The following required parameter is missing: ["appId"]
Known required parameters are: ["appId"]
Known optional parameters are: ["timeout"]
You have provided none
    at checkParams (C:\Users\bahae\AppData\Roaming\npm\node_modules\appium\node_modules\@appium\base-driver\lib\protocol\protocol.js:155:9)
    at validateExecuteMethodParams (C:\Users\bahae\AppData\Roaming\npm\node_modules\appium\node_modules\@appium\base-driver\lib\protocol\protocol.js:242:5)
    at AndroidUiautomator2Driver.executeMethod (C:\Users\bahae\AppData\Roaming\npm\node_modules\appium\node_modules\@appium\base-driver\lib\basedriver\commands\execute.ts:34:45)
    at AndroidUiautomator2Driver.execute (C:\Users\bahae\.appium\node_modules\appium-uiautomator2-driver\node_modules\appium-android-driver\lib\commands\execute.js:17:23)
    at runCommandPromise (C:\Users\bahae\AppData\Roaming\npm\node_modules\appium\node_modules\@appium\base-driver\lib\basedriver\driver.ts:115:20)
    at C:\Users\bahae\AppData\Roaming\npm\node_modules\appium\node_modules\async-lock\lib\index.js:171:12
    at AsyncLock._promiseTry (C:\Users\bahae\AppData\Roaming\npm\node_modules\appium\node_modules\async-lock\lib\index.js:306:31)
    at exec (C:\Users\bahae\AppData\Roaming\npm\node_modules\appium\node_modules\async-lock\lib\index.js:170:9)
    at AsyncLock.acquire (C:\Users\bahae\AppData\Roaming\npm\node_modules\appium\node_modules\async-lock\lib\index.js:189:3)
    at AndroidUiautomator2Driver.executeCommand (C:\Users\bahae\AppData\Roaming\npm\node_modules\appium\node_modules\@appium\base-driver\lib\basedriver\driver.ts:159:39)
    at processTicksAndRejections (node:internal/process/task_queues:95:5)
    at defaultBehavior (C:\Users\bahae\AppData\Roaming\npm\node_modules\appium\lib\appium.js:787:14)
    at AppiumDriver.executeWrappedCommand (C:\Users\bahae\AppData\Roaming\npm\node_modules\appium\lib\appium.js:900:16)
    at AppiumDriver.executeCommand (C:\Users\bahae\AppData\Roaming\npm\node_modules\appium\lib\appium.js:799:17)
    at asyncHandler (C:\Users\bahae\AppData\Roaming\npm\node_modules\appium\node_modules\@appium\base-driver\lib\protocol\protocol.js:387:19)</msg>
<arg>${driver}</arg>
<arg>com.example.audioapplicationtest</arg>
<doc>Ferme une application spécifique sur un appareil Android via Appium.</doc>
<status status="PASS" start="2025-05-29T16:57:37.205489" elapsed="0.007891"/>
</kw>
<status status="PASS" start="2025-05-29T16:57:37.204497" elapsed="0.008883"/>
</test>
<kw name="Fermer Driver" type="TEARDOWN">
<kw name="Run Keyword And Return Status" owner="BuiltIn">
<kw name="Variable Should Exist" owner="BuiltIn">
<arg>${driver}</arg>
<doc>Fails unless the given variable exists within the current scope.</doc>
<status status="PASS" start="2025-05-29T16:57:37.214377" elapsed="0.000000"/>
</kw>
<msg time="2025-05-29T16:57:37.214377" level="INFO">${driver_exists} = True</msg>
<var>${driver_exists}</var>
<arg>Variable Should Exist</arg>
<arg>${driver}</arg>
<doc>Runs the given keyword with given arguments and returns the status as a Boolean value.</doc>
<status status="PASS" start="2025-05-29T16:57:37.214377" elapsed="0.000000"/>
</kw>
<if>
<branch type="IF" condition="${driver_exists}">
<kw name="Run Keyword And Return Status" owner="BuiltIn">
<kw name="Close Driver" owner="Integration">
<arg>${driver}</arg>
<doc>Ferme proprement le driver Appium.</doc>
<status status="PASS" start="2025-05-29T16:57:37.214377" elapsed="0.149347"/>
</kw>
<msg time="2025-05-29T16:57:37.363724" level="INFO">${close_success} = True</msg>
<var>${close_success}</var>
<arg>Close Driver</arg>
<arg>${driver}</arg>
<doc>Runs the given keyword with given arguments and returns the status as a Boolean value.</doc>
<status status="PASS" start="2025-05-29T16:57:37.214377" elapsed="0.149347"/>
</kw>
<if>
<branch type="IF" condition="not ${close_success}">
<kw name="Log" owner="BuiltIn">
<arg>Warning: Impossible de fermer proprement le driver Appium</arg>
<doc>Logs the given message with the given level.</doc>
<status status="NOT RUN" start="2025-05-29T16:57:37.364249" elapsed="0.000523"/>
</kw>
<status status="NOT RUN" start="2025-05-29T16:57:37.364249" elapsed="0.000523"/>
</branch>
<status status="PASS" start="2025-05-29T16:57:37.363724" elapsed="0.001048"/>
</if>
<status status="PASS" start="2025-05-29T16:57:37.214377" elapsed="0.150395"/>
</branch>
<status status="PASS" start="2025-05-29T16:57:37.214377" elapsed="0.150395"/>
</if>
<status status="PASS" start="2025-05-29T16:57:37.213380" elapsed="0.151392"/>
</kw>
<doc>Tests for audio recording and playback functionality
- Verifies audio recording capabilities
- Verifies audio playback capabilities
- Supports both French and English interfaces</doc>
<status status="PASS" start="2025-05-29T16:57:27.768225" elapsed="9.596547"/>
</suite>
<statistics>
<total>
<stat pass="1" fail="0" skip="0">All Tests</stat>
</total>
<tag>
</tag>
<suite>
<stat name="TestsAudio" id="s1" pass="1" fail="0" skip="0">TestsAudio</stat>
</suite>
</statistics>
<errors>
<msg time="2025-05-29T16:57:30.582158" level="ERROR">Error in file 'C:\Users\bahae\Documents\PfeProject\test_cases\TestsAudio.robot' on line 10: Importing library 'C:\Users\bahae\Documents\PfeProject\test_cases\TestAudio.py' failed: ModuleNotFoundError: No module named 'matplotlib'
Traceback (most recent call last):
  File "C:\Users\bahae\Documents\PfeProject\test_cases\TestAudio.py", line 3, in &lt;module&gt;
    import matplotlib.pyplot as plt
PYTHONPATH:
  C:\Users\bahae\Documents\PfeProject\test_cases
  C:\Users\bahae\AppData\Roaming\JetBrains\PyCharm2024.3\plugins\robotframework-intellij\lib\robotframework_debug_adapter
  C:\Users\bahae\Documents\PfeProject
  C:\Users\bahae\AppData\Roaming\JetBrains\PyCharm2024.3\plugins\robotframework-intellij\lib
  C:\Users\bahae\AppData\Roaming\JetBrains\PyCharm2024.3\plugins\robotframework-intellij\lib\robotframework_ls\vendored
  C:\Users\bahae\AppData\Local\Programs\Python\Python312\python312.zip
  C:\Users\bahae\AppData\Local\Programs\Python\Python312\DLLs
  C:\Users\bahae\AppData\Local\Programs\Python\Python312\Lib
  C:\Users\bahae\AppData\Local\Programs\Python\Python312
  C:\Users\bahae\AppData\Local\Programs\Python\Python312\Lib\site-packages</msg>
</errors>
</robot>
