<?xml version="1.0" encoding="UTF-8"?>
<robot generator="Robot 7.2.2 (Python 3.12.5 on win32)" generated="2025-05-29T10:03:09.899867" rpa="false" schemaversion="5">
<suite id="s1" name="InstallationApplications" source="C:\Users\bahae\Documents\PfeProject\test_cases\InstallationApplications.robot">
<kw name="D√©marrer Driver" type="SETUP">
<kw name="Setup Driver" owner="Integration">
<msg time="2025-05-29T10:03:14.780473" level="WARN">Retrying (Retry(total=2, connect=None, read=None, redirect=None, status=None)) after connection broken by 'NewConnectionError('&lt;urllib3.connection.HTTPConnection object at 0x000002169F844140&gt;: Failed to establish a new connection: [WinError 10061] Aucune connexion n‚Äôa pu √™tre √©tablie car l‚Äôordinateur cible l‚Äôa express√©ment refus√©e')': /session</msg>
<msg time="2025-05-29T10:03:19.904523" level="INFO">${driver} = &lt;appium.webdriver.webdriver.WebDriver (session="4cc769a2-1530-4b30-a8d0-120e7534604f")&gt;</msg>
<var>${driver}</var>
<arg>${Device}</arg>
<doc>Initialise et retourne le driver Appium.</doc>
<status status="PASS" start="2025-05-29T10:03:12.683424" elapsed="7.221099"/>
</kw>
<kw name="Set Suite Variable" owner="BuiltIn">
<msg time="2025-05-29T10:03:19.904523" level="INFO">${driver} = &lt;appium.webdriver.webdriver.WebDriver (session="4cc769a2-1530-4b30-a8d0-120e7534604f")&gt;</msg>
<arg>${driver}</arg>
<doc>Makes a variable available everywhere within the scope of the current suite.</doc>
<status status="PASS" start="2025-05-29T10:03:19.904523" elapsed="0.000000"/>
</kw>
<kw name="Initialize Language Settings">
<kw name="Get System Language" owner="Integration">
<msg time="2025-05-29T10:03:19.958906" level="INFO">${lang} = fr</msg>
<var>${lang}</var>
<arg>${Device}</arg>
<status status="PASS" start="2025-05-29T10:03:19.905514" elapsed="0.053392"/>
</kw>
<kw name="Set Variable If" owner="BuiltIn">
<msg time="2025-05-29T10:03:19.958906" level="INFO">${lang_dict} = {'System': 'Syst√®me', 'Setting': 'Param√®tres', 'apps': 'Applis', 'view_all': 'Voir les', 'uninstall': 'D√©sinstaller', 'confirm': 'OK'}</msg>
<var>${lang_dict}</var>
<arg>'${lang}' == 'fr'</arg>
<arg>${LANG_FR}</arg>
<arg>${LANG_EN}</arg>
<doc>Sets variable based on the given condition.</doc>
<status status="PASS" start="2025-05-29T10:03:19.958906" elapsed="0.000000"/>
</kw>
<kw name="Set Suite Variable" owner="BuiltIn">
<msg time="2025-05-29T10:03:19.958906" level="INFO">${LANG_DICT} = {'System': 'Syst√®me', 'Setting': 'Param√®tres', 'apps': 'Applis', 'view_all': 'Voir les', 'uninstall': 'D√©sinstaller', 'confirm': 'OK'}</msg>
<arg>${LANG_DICT}</arg>
<arg>${lang_dict}</arg>
<doc>Makes a variable available everywhere within the scope of the current suite.</doc>
<status status="PASS" start="2025-05-29T10:03:19.958906" elapsed="0.000000"/>
</kw>
<doc>Sets up language-specific variables based on system language</doc>
<status status="PASS" start="2025-05-29T10:03:19.904523" elapsed="0.054383"/>
</kw>
<doc>Initializes the test driver</doc>
<status status="PASS" start="2025-05-29T10:03:12.682423" elapsed="7.277482"/>
</kw>
<test id="s1-t1" name="Test Install Apk" line="198">
<kw name="Execute Test With Retry">
<kw name="Set Variable" owner="BuiltIn">
<msg time="2025-05-29T10:03:19.960905" level="INFO">${attempt} = 1</msg>
<var>${attempt}</var>
<arg>1</arg>
<doc>Returns the given values which can then be assigned to a variables.</doc>
<status status="PASS" start="2025-05-29T10:03:19.959905" elapsed="0.001000"/>
</kw>
<kw name="Set Variable" owner="BuiltIn">
<msg time="2025-05-29T10:03:19.960905" level="INFO">${test_status} = False</msg>
<var>${test_status}</var>
<arg>${FALSE}</arg>
<doc>Returns the given values which can then be assigned to a variables.</doc>
<status status="PASS" start="2025-05-29T10:03:19.960905" elapsed="0.000000"/>
</kw>
<for flavor="IN RANGE">
<iter>
<kw name="Run Keyword And Return Status" owner="BuiltIn">
<kw name="Execute Install Apk Test">
<kw name="Uninstall App If Exists">
<kw name="Search Application" owner="Integration">
<msg time="2025-05-29T10:03:34.658692" level="INFO">üìå Liste des applications d√©tect√©es : ['Agenda', 'Appium Settings', 'ARD Audiothek', 'Audio Bluetooth', 'AudioApplicationTest', 'Crunchyroll', 'Enregistreur vocal', 'Google Assistant', 'Google\xa0Actualit√©s', 'Home Assistant', 'Local Media Player', 'Google\xa0Maps', 'Param√®tres', 'Play\xa0Store', 'Prime Video']
üìå First Home Page d√©tect√©e : ['Agenda', 'Appium Settings', 'ARD Audiothek', 'Audio Bluetooth', 'AudioApplicationTest', 'Crunchyroll', 'Enregistreur vocal', 'Google Assistant', 'Google\xa0Actualit√©s', 'Home Assistant', 'Local Media Player', 'Google\xa0Maps', 'Param√®tres', 'Play\xa0Store', 'Prime Video']

üìå Liste des applications d√©tect√©es : ['Agenda', 'Appium Settings', 'ARD Audiothek', 'Audio Bluetooth', 'AudioApplicationTest', 'Crunchyroll', 'Enregistreur vocal', 'Google Assistant', 'Google\xa0Actualit√©s', 'Home Assistant', 'Local Media Player', 'Google\xa0Maps', 'Param√®tres', 'Play\xa0Store', 'Prime Video']
‚úÖ Retour √† la first home page !</msg>
<msg time="2025-05-29T10:03:34.658692" level="FAIL">WebDriverException: Message: An unknown server-side error occurred while processing the command. Original error: Could not proxy command to the remote server. Original error: socket hang up
Stacktrace:
UnknownError: An unknown server-side error occurred while processing the command. Original error: Could not proxy command to the remote server. Original error: socket hang up
    at UIA2Proxy.command (C:\Users\bahae\AppData\Roaming\npm\node_modules\appium\node_modules\@appium\base-driver\lib\jsonwp-proxy\proxy.js:350:13)
    at processTicksAndRejections (node:internal/process/task_queues:95:5)
    at AndroidUiautomator2Driver.performActions (C:\Users\bahae\.appium\node_modules\appium-uiautomator2-driver\lib\commands\actions.js:88:3)</msg>
<var>${is_visible}</var>
<arg>${driver}</arg>
<arg>${app_name}</arg>
<status status="FAIL" start="2025-05-29T10:03:19.962431" elapsed="14.700834">WebDriverException: Message: An unknown server-side error occurred while processing the command. Original error: Could not proxy command to the remote server. Original error: socket hang up
Stacktrace:
UnknownError: An unknown server-side error occurred while processing the command. Original error: Could not proxy command to the remote server. Original error: socket hang up
    at UIA2Proxy.command (C:\Users\bahae\AppData\Roaming\npm\node_modules\appium\node_modules\@appium\base-driver\lib\jsonwp-proxy\proxy.js:350:13)
    at processTicksAndRejections (node:internal/process/task_queues:95:5)
    at AndroidUiautomator2Driver.performActions (C:\Users\bahae\.appium\node_modules\appium-uiautomator2-driver\lib\commands\actions.js:88:3)</status>
</kw>
<kw name="Run Keyword If" owner="BuiltIn">
<arg>${is_visible}</arg>
<arg>Uninstall Application</arg>
<arg>${driver}</arg>
<arg>${app_name}</arg>
<doc>Runs the given keyword with the given arguments, if ``condition`` is true.</doc>
<status status="NOT RUN" start="2025-05-29T10:03:34.663265" elapsed="0.000000"/>
</kw>
<kw name="Sleep" owner="BuiltIn">
<arg>${QUICK_WAIT}</arg>
<doc>Pauses the test executed for the given time.</doc>
<status status="NOT RUN" start="2025-05-29T10:03:34.663265" elapsed="0.000000"/>
</kw>
<arg>${driver}</arg>
<arg>${TEST_APP_NAME}</arg>
<arg>${TEST_APP_PACKAGE}</arg>
<doc>Uninstalls the application if it exists</doc>
<status status="FAIL" start="2025-05-29T10:03:19.962431" elapsed="14.701834">WebDriverException: Message: An unknown server-side error occurred while processing the command. Original error: Could not proxy command to the remote server. Original error: socket hang up
Stacktrace:
UnknownError: An unknown server-side error occurred while processing the command. Original error: Could not proxy command to the remote server. Original error: socket hang up
    at UIA2Proxy.command (C:\Users\bahae\AppData\Roaming\npm\node_modules\appium\node_modules\@appium\base-driver\lib\jsonwp-proxy\proxy.js:350:13)
    at processTicksAndRejections (node:internal/process/task_queues:95:5)
    at AndroidUiautomator2Driver.performActions (C:\Users\bahae\.appium\node_modules\appium-uiautomator2-driver\lib\commands\actions.js:88:3)</status>
</kw>
<kw name="Install Apk" owner="Integration">
<arg>${driver}</arg>
<arg>${TEST_APK_FILE}</arg>
<doc>Installe un fichier APK sur un appareil Android via ADB.</doc>
<status status="NOT RUN" start="2025-05-29T10:03:34.664265" elapsed="0.000000"/>
</kw>
<kw name="Sleep" owner="BuiltIn">
<arg>${QUICK_WAIT}</arg>
<doc>Pauses the test executed for the given time.</doc>
<status status="NOT RUN" start="2025-05-29T10:03:34.664265" elapsed="0.000511"/>
</kw>
<kw name="Verify App Installation">
<arg>${driver}</arg>
<arg>${TEST_APP_NAME}</arg>
<arg>${TEST_APP_PACKAGE}</arg>
<doc>Verifies if the application is properly installed</doc>
<status status="NOT RUN" start="2025-05-29T10:03:34.664776" elapsed="0.000000"/>
</kw>
<doc>Executes the APK installation test</doc>
<status status="FAIL" start="2025-05-29T10:03:19.962431" elapsed="14.702345">WebDriverException: Message: An unknown server-side error occurred while processing the command. Original error: Could not proxy command to the remote server. Original error: socket hang up
Stacktrace:
UnknownError: An unknown server-side error occurred while processing the command. Original error: Could not proxy command to the remote server. Original error: socket hang up
    at UIA2Proxy.command (C:\Users\bahae\AppData\Roaming\npm\node_modules\appium\node_modules\@appium\base-driver\lib\jsonwp-proxy\proxy.js:350:13)
    at processTicksAndRejections (node:internal/process/task_queues:95:5)
    at AndroidUiautomator2Driver.performActions (C:\Users\bahae\.appium\node_modules\appium-uiautomator2-driver\lib\commands\actions.js:88:3)</status>
</kw>
<msg time="2025-05-29T10:03:34.665072" level="INFO">${test_status} = False</msg>
<var>${test_status}</var>
<arg>${test_keyword}</arg>
<doc>Runs the given keyword with given arguments and returns the status as a Boolean value.</doc>
<status status="PASS" start="2025-05-29T10:03:19.961438" elapsed="14.703634"/>
</kw>
<if>
<branch type="IF" condition="${test_status}">
<kw name="Log" owner="BuiltIn">
<arg>Test ${test_name} r√©ussi</arg>
<doc>Logs the given message with the given level.</doc>
<status status="NOT RUN" start="2025-05-29T10:03:34.665072" elapsed="0.000000"/>
</kw>
<kw name="Exit For Loop" owner="BuiltIn">
<doc>Stops executing the enclosing FOR loop.</doc>
<status status="NOT RUN" start="2025-05-29T10:03:34.665072" elapsed="0.000000"/>
</kw>
<status status="NOT RUN" start="2025-05-29T10:03:34.665072" elapsed="0.000000"/>
</branch>
<branch type="ELSE">
<kw name="Evaluate" owner="BuiltIn">
<msg time="2025-05-29T10:03:34.665789" level="INFO">${attempt} = 2</msg>
<var>${attempt}</var>
<arg>${attempt} + 1</arg>
<doc>Evaluates the given expression in Python and returns the result.</doc>
<status status="PASS" start="2025-05-29T10:03:34.665072" elapsed="0.000717"/>
</kw>
<if>
<branch type="IF" condition="${attempt} &lt;= ${MAX_RETRIES}">
<kw name="Log" owner="BuiltIn">
<msg time="2025-05-29T10:03:34.665789" level="INFO">Test Test Install Apk √©chou√© - Tentative 2/3</msg>
<arg>Test ${test_name} √©chou√© - Tentative ${attempt}/${MAX_RETRIES}</arg>
<doc>Logs the given message with the given level.</doc>
<status status="PASS" start="2025-05-29T10:03:34.665789" elapsed="0.000000"/>
</kw>
<kw name="Sleep" owner="BuiltIn">
<msg time="2025-05-29T10:03:36.667527" level="INFO">Slept 2 seconds.</msg>
<arg>${RETRY_DELAY}</arg>
<doc>Pauses the test executed for the given time.</doc>
<status status="PASS" start="2025-05-29T10:03:34.666789" elapsed="2.000738"/>
</kw>
<status status="PASS" start="2025-05-29T10:03:34.665789" elapsed="2.001738"/>
</branch>
<status status="PASS" start="2025-05-29T10:03:34.665789" elapsed="2.001738"/>
</if>
<status status="PASS" start="2025-05-29T10:03:34.665072" elapsed="2.002455"/>
</branch>
<status status="PASS" start="2025-05-29T10:03:34.665072" elapsed="2.002455"/>
</if>
<var name="${index}">0</var>
<status status="PASS" start="2025-05-29T10:03:19.961438" elapsed="16.706089"/>
</iter>
<iter>
<kw name="Run Keyword And Return Status" owner="BuiltIn">
<kw name="Execute Install Apk Test">
<kw name="Uninstall App If Exists">
<kw name="Search Application" owner="Integration">
<msg time="2025-05-29T10:03:36.672923" level="FAIL">WebDriverException: Message: An unknown server-side error occurred while processing the command. Original error: 'POST /actions' cannot be proxied to UiAutomator2 server because the instrumentation process is not running (probably crashed). Check the server log and/or the logcat output for more details
Stacktrace:
UnknownError: An unknown server-side error occurred while processing the command. Original error: 'POST /actions' cannot be proxied to UiAutomator2 server because the instrumentation process is not running (probably crashed). Check the server log and/or the logcat output for more details
    at UIA2Proxy.command (C:\Users\bahae\AppData\Roaming\npm\node_modules\appium\node_modules\@appium\base-driver\lib\jsonwp-proxy\proxy.js:350:13)
    at processTicksAndRejections (node:internal/process/task_queues:95:5)
    at AndroidUiautomator2Driver.performActions (C:\Users\bahae\.appium\node_modules\appium-uiautomator2-driver\lib\commands\actions.js:88:3)</msg>
<var>${is_visible}</var>
<arg>${driver}</arg>
<arg>${app_name}</arg>
<status status="FAIL" start="2025-05-29T10:03:36.668528" elapsed="0.004395">WebDriverException: Message: An unknown server-side error occurred while processing the command. Original error: 'POST /actions' cannot be proxied to UiAutomator2 server because the instrumentation process is not running (probably crashed). Check the server log and/or the logcat output for more details
Stacktrace:
UnknownError: An unknown server-side error occurred while processing the command. Original error: 'POST /actions' cannot be proxied to UiAutomator2 server because the instrumentation process is not running (probably crashed). Check the server log and/or the logcat output for more details
    at UIA2Proxy.command (C:\Users\bahae\AppData\Roaming\npm\node_modules\appium\node_modules\@appium\base-driver\lib\jsonwp-proxy\proxy.js:350:13)
    at processTicksAndRejections (node:internal/process/task_queues:95:5)
    at AndroidUiautomator2Driver.performActions (C:\Users\bahae\.appium\node_modules\appium-uiautomator2-driver\lib\commands\actions.js:88:3)</status>
</kw>
<kw name="Run Keyword If" owner="BuiltIn">
<arg>${is_visible}</arg>
<arg>Uninstall Application</arg>
<arg>${driver}</arg>
<arg>${app_name}</arg>
<doc>Runs the given keyword with the given arguments, if ``condition`` is true.</doc>
<status status="NOT RUN" start="2025-05-29T10:03:36.672923" elapsed="0.000000"/>
</kw>
<kw name="Sleep" owner="BuiltIn">
<arg>${QUICK_WAIT}</arg>
<doc>Pauses the test executed for the given time.</doc>
<status status="NOT RUN" start="2025-05-29T10:03:36.673920" elapsed="0.000000"/>
</kw>
<arg>${driver}</arg>
<arg>${TEST_APP_NAME}</arg>
<arg>${TEST_APP_PACKAGE}</arg>
<doc>Uninstalls the application if it exists</doc>
<status status="FAIL" start="2025-05-29T10:03:36.667527" elapsed="0.006393">WebDriverException: Message: An unknown server-side error occurred while processing the command. Original error: 'POST /actions' cannot be proxied to UiAutomator2 server because the instrumentation process is not running (probably crashed). Check the server log and/or the logcat output for more details
Stacktrace:
UnknownError: An unknown server-side error occurred while processing the command. Original error: 'POST /actions' cannot be proxied to UiAutomator2 server because the instrumentation process is not running (probably crashed). Check the server log and/or the logcat output for more details
    at UIA2Proxy.command (C:\Users\bahae\AppData\Roaming\npm\node_modules\appium\node_modules\@appium\base-driver\lib\jsonwp-proxy\proxy.js:350:13)
    at processTicksAndRejections (node:internal/process/task_queues:95:5)
    at AndroidUiautomator2Driver.performActions (C:\Users\bahae\.appium\node_modules\appium-uiautomator2-driver\lib\commands\actions.js:88:3)</status>
</kw>
<kw name="Install Apk" owner="Integration">
<arg>${driver}</arg>
<arg>${TEST_APK_FILE}</arg>
<doc>Installe un fichier APK sur un appareil Android via ADB.</doc>
<status status="NOT RUN" start="2025-05-29T10:03:36.673920" elapsed="0.000000"/>
</kw>
<kw name="Sleep" owner="BuiltIn">
<arg>${QUICK_WAIT}</arg>
<doc>Pauses the test executed for the given time.</doc>
<status status="NOT RUN" start="2025-05-29T10:03:36.673920" elapsed="0.000000"/>
</kw>
<kw name="Verify App Installation">
<arg>${driver}</arg>
<arg>${TEST_APP_NAME}</arg>
<arg>${TEST_APP_PACKAGE}</arg>
<doc>Verifies if the application is properly installed</doc>
<status status="NOT RUN" start="2025-05-29T10:03:36.673920" elapsed="0.000000"/>
</kw>
<doc>Executes the APK installation test</doc>
<status status="FAIL" start="2025-05-29T10:03:36.667527" elapsed="0.006393">WebDriverException: Message: An unknown server-side error occurred while processing the command. Original error: 'POST /actions' cannot be proxied to UiAutomator2 server because the instrumentation process is not running (probably crashed). Check the server log and/or the logcat output for more details
Stacktrace:
UnknownError: An unknown server-side error occurred while processing the command. Original error: 'POST /actions' cannot be proxied to UiAutomator2 server because the instrumentation process is not running (probably crashed). Check the server log and/or the logcat output for more details
    at UIA2Proxy.command (C:\Users\bahae\AppData\Roaming\npm\node_modules\appium\node_modules\@appium\base-driver\lib\jsonwp-proxy\proxy.js:350:13)
    at processTicksAndRejections (node:internal/process/task_queues:95:5)
    at AndroidUiautomator2Driver.performActions (C:\Users\bahae\.appium\node_modules\appium-uiautomator2-driver\lib\commands\actions.js:88:3)</status>
</kw>
<msg time="2025-05-29T10:03:36.673920" level="INFO">${test_status} = False</msg>
<var>${test_status}</var>
<arg>${test_keyword}</arg>
<doc>Runs the given keyword with given arguments and returns the status as a Boolean value.</doc>
<status status="PASS" start="2025-05-29T10:03:36.667527" elapsed="0.006393"/>
</kw>
<if>
<branch type="IF" condition="${test_status}">
<kw name="Log" owner="BuiltIn">
<arg>Test ${test_name} r√©ussi</arg>
<doc>Logs the given message with the given level.</doc>
<status status="NOT RUN" start="2025-05-29T10:03:36.673920" elapsed="0.000000"/>
</kw>
<kw name="Exit For Loop" owner="BuiltIn">
<doc>Stops executing the enclosing FOR loop.</doc>
<status status="NOT RUN" start="2025-05-29T10:03:36.673920" elapsed="0.000000"/>
</kw>
<status status="NOT RUN" start="2025-05-29T10:03:36.673920" elapsed="0.000000"/>
</branch>
<branch type="ELSE">
<kw name="Evaluate" owner="BuiltIn">
<msg time="2025-05-29T10:03:36.674920" level="INFO">${attempt} = 3</msg>
<var>${attempt}</var>
<arg>${attempt} + 1</arg>
<doc>Evaluates the given expression in Python and returns the result.</doc>
<status status="PASS" start="2025-05-29T10:03:36.673920" elapsed="0.001000"/>
</kw>
<if>
<branch type="IF" condition="${attempt} &lt;= ${MAX_RETRIES}">
<kw name="Log" owner="BuiltIn">
<msg time="2025-05-29T10:03:36.674920" level="INFO">Test Test Install Apk √©chou√© - Tentative 3/3</msg>
<arg>Test ${test_name} √©chou√© - Tentative ${attempt}/${MAX_RETRIES}</arg>
<doc>Logs the given message with the given level.</doc>
<status status="PASS" start="2025-05-29T10:03:36.674920" elapsed="0.000000"/>
</kw>
<kw name="Sleep" owner="BuiltIn">
<msg time="2025-05-29T10:03:38.675294" level="INFO">Slept 2 seconds.</msg>
<arg>${RETRY_DELAY}</arg>
<doc>Pauses the test executed for the given time.</doc>
<status status="PASS" start="2025-05-29T10:03:36.674920" elapsed="2.000374"/>
</kw>
<status status="PASS" start="2025-05-29T10:03:36.674920" elapsed="2.000374"/>
</branch>
<status status="PASS" start="2025-05-29T10:03:36.674920" elapsed="2.000374"/>
</if>
<status status="PASS" start="2025-05-29T10:03:36.673920" elapsed="2.001374"/>
</branch>
<status status="PASS" start="2025-05-29T10:03:36.673920" elapsed="2.001374"/>
</if>
<var name="${index}">1</var>
<status status="PASS" start="2025-05-29T10:03:36.667527" elapsed="2.007767"/>
</iter>
<iter>
<kw name="Run Keyword And Return Status" owner="BuiltIn">
<kw name="Execute Install Apk Test">
<kw name="Uninstall App If Exists">
<kw name="Search Application" owner="Integration">
<msg time="2025-05-29T10:03:38.681295" level="FAIL">WebDriverException: Message: An unknown server-side error occurred while processing the command. Original error: 'POST /actions' cannot be proxied to UiAutomator2 server because the instrumentation process is not running (probably crashed). Check the server log and/or the logcat output for more details
Stacktrace:
UnknownError: An unknown server-side error occurred while processing the command. Original error: 'POST /actions' cannot be proxied to UiAutomator2 server because the instrumentation process is not running (probably crashed). Check the server log and/or the logcat output for more details
    at UIA2Proxy.command (C:\Users\bahae\AppData\Roaming\npm\node_modules\appium\node_modules\@appium\base-driver\lib\jsonwp-proxy\proxy.js:350:13)
    at processTicksAndRejections (node:internal/process/task_queues:95:5)
    at AndroidUiautomator2Driver.performActions (C:\Users\bahae\.appium\node_modules\appium-uiautomator2-driver\lib\commands\actions.js:88:3)</msg>
<var>${is_visible}</var>
<arg>${driver}</arg>
<arg>${app_name}</arg>
<status status="FAIL" start="2025-05-29T10:03:38.676296" elapsed="0.006003">WebDriverException: Message: An unknown server-side error occurred while processing the command. Original error: 'POST /actions' cannot be proxied to UiAutomator2 server because the instrumentation process is not running (probably crashed). Check the server log and/or the logcat output for more details
Stacktrace:
UnknownError: An unknown server-side error occurred while processing the command. Original error: 'POST /actions' cannot be proxied to UiAutomator2 server because the instrumentation process is not running (probably crashed). Check the server log and/or the logcat output for more details
    at UIA2Proxy.command (C:\Users\bahae\AppData\Roaming\npm\node_modules\appium\node_modules\@appium\base-driver\lib\jsonwp-proxy\proxy.js:350:13)
    at processTicksAndRejections (node:internal/process/task_queues:95:5)
    at AndroidUiautomator2Driver.performActions (C:\Users\bahae\.appium\node_modules\appium-uiautomator2-driver\lib\commands\actions.js:88:3)</status>
</kw>
<kw name="Run Keyword If" owner="BuiltIn">
<arg>${is_visible}</arg>
<arg>Uninstall Application</arg>
<arg>${driver}</arg>
<arg>${app_name}</arg>
<doc>Runs the given keyword with the given arguments, if ``condition`` is true.</doc>
<status status="NOT RUN" start="2025-05-29T10:03:38.682299" elapsed="0.000000"/>
</kw>
<kw name="Sleep" owner="BuiltIn">
<arg>${QUICK_WAIT}</arg>
<doc>Pauses the test executed for the given time.</doc>
<status status="NOT RUN" start="2025-05-29T10:03:38.682299" elapsed="0.000507"/>
</kw>
<arg>${driver}</arg>
<arg>${TEST_APP_NAME}</arg>
<arg>${TEST_APP_PACKAGE}</arg>
<doc>Uninstalls the application if it exists</doc>
<status status="FAIL" start="2025-05-29T10:03:38.676296" elapsed="0.006522">WebDriverException: Message: An unknown server-side error occurred while processing the command. Original error: 'POST /actions' cannot be proxied to UiAutomator2 server because the instrumentation process is not running (probably crashed). Check the server log and/or the logcat output for more details
Stacktrace:
UnknownError: An unknown server-side error occurred while processing the command. Original error: 'POST /actions' cannot be proxied to UiAutomator2 server because the instrumentation process is not running (probably crashed). Check the server log and/or the logcat output for more details
    at UIA2Proxy.command (C:\Users\bahae\AppData\Roaming\npm\node_modules\appium\node_modules\@appium\base-driver\lib\jsonwp-proxy\proxy.js:350:13)
    at processTicksAndRejections (node:internal/process/task_queues:95:5)
    at AndroidUiautomator2Driver.performActions (C:\Users\bahae\.appium\node_modules\appium-uiautomator2-driver\lib\commands\actions.js:88:3)</status>
</kw>
<kw name="Install Apk" owner="Integration">
<arg>${driver}</arg>
<arg>${TEST_APK_FILE}</arg>
<doc>Installe un fichier APK sur un appareil Android via ADB.</doc>
<status status="NOT RUN" start="2025-05-29T10:03:38.682818" elapsed="0.000000"/>
</kw>
<kw name="Sleep" owner="BuiltIn">
<arg>${QUICK_WAIT}</arg>
<doc>Pauses the test executed for the given time.</doc>
<status status="NOT RUN" start="2025-05-29T10:03:38.682818" elapsed="0.000000"/>
</kw>
<kw name="Verify App Installation">
<arg>${driver}</arg>
<arg>${TEST_APP_NAME}</arg>
<arg>${TEST_APP_PACKAGE}</arg>
<doc>Verifies if the application is properly installed</doc>
<status status="NOT RUN" start="2025-05-29T10:03:38.682818" elapsed="0.000000"/>
</kw>
<doc>Executes the APK installation test</doc>
<status status="FAIL" start="2025-05-29T10:03:38.675294" elapsed="0.007524">WebDriverException: Message: An unknown server-side error occurred while processing the command. Original error: 'POST /actions' cannot be proxied to UiAutomator2 server because the instrumentation process is not running (probably crashed). Check the server log and/or the logcat output for more details
Stacktrace:
UnknownError: An unknown server-side error occurred while processing the command. Original error: 'POST /actions' cannot be proxied to UiAutomator2 server because the instrumentation process is not running (probably crashed). Check the server log and/or the logcat output for more details
    at UIA2Proxy.command (C:\Users\bahae\AppData\Roaming\npm\node_modules\appium\node_modules\@appium\base-driver\lib\jsonwp-proxy\proxy.js:350:13)
    at processTicksAndRejections (node:internal/process/task_queues:95:5)
    at AndroidUiautomator2Driver.performActions (C:\Users\bahae\.appium\node_modules\appium-uiautomator2-driver\lib\commands\actions.js:88:3)</status>
</kw>
<msg time="2025-05-29T10:03:38.682818" level="INFO">${test_status} = False</msg>
<var>${test_status}</var>
<arg>${test_keyword}</arg>
<doc>Runs the given keyword with given arguments and returns the status as a Boolean value.</doc>
<status status="PASS" start="2025-05-29T10:03:38.675294" elapsed="0.007524"/>
</kw>
<if>
<branch type="IF" condition="${test_status}">
<kw name="Log" owner="BuiltIn">
<arg>Test ${test_name} r√©ussi</arg>
<doc>Logs the given message with the given level.</doc>
<status status="NOT RUN" start="2025-05-29T10:03:38.682818" elapsed="0.000000"/>
</kw>
<kw name="Exit For Loop" owner="BuiltIn">
<doc>Stops executing the enclosing FOR loop.</doc>
<status status="NOT RUN" start="2025-05-29T10:03:38.682818" elapsed="0.000000"/>
</kw>
<status status="NOT RUN" start="2025-05-29T10:03:38.682818" elapsed="0.000000"/>
</branch>
<branch type="ELSE">
<kw name="Evaluate" owner="BuiltIn">
<msg time="2025-05-29T10:03:38.683815" level="INFO">${attempt} = 4</msg>
<var>${attempt}</var>
<arg>${attempt} + 1</arg>
<doc>Evaluates the given expression in Python and returns the result.</doc>
<status status="PASS" start="2025-05-29T10:03:38.683815" elapsed="0.000000"/>
</kw>
<if>
<branch type="IF" condition="${attempt} &lt;= ${MAX_RETRIES}">
<kw name="Log" owner="BuiltIn">
<arg>Test ${test_name} √©chou√© - Tentative ${attempt}/${MAX_RETRIES}</arg>
<doc>Logs the given message with the given level.</doc>
<status status="NOT RUN" start="2025-05-29T10:03:38.683815" elapsed="0.000000"/>
</kw>
<kw name="Sleep" owner="BuiltIn">
<arg>${RETRY_DELAY}</arg>
<doc>Pauses the test executed for the given time.</doc>
<status status="NOT RUN" start="2025-05-29T10:03:38.683815" elapsed="0.000000"/>
</kw>
<status status="NOT RUN" start="2025-05-29T10:03:38.683815" elapsed="0.000000"/>
</branch>
<status status="PASS" start="2025-05-29T10:03:38.683815" elapsed="0.000000"/>
</if>
<status status="PASS" start="2025-05-29T10:03:38.682818" elapsed="0.000997"/>
</branch>
<status status="PASS" start="2025-05-29T10:03:38.682818" elapsed="0.000997"/>
</if>
<var name="${index}">2</var>
<status status="PASS" start="2025-05-29T10:03:38.675294" elapsed="0.008521"/>
</iter>
<var>${index}</var>
<value>${MAX_RETRIES}</value>
<status status="PASS" start="2025-05-29T10:03:19.960905" elapsed="18.722910"/>
</for>
<if>
<branch type="IF" condition="not ${test_status}">
<kw name="Fail" owner="BuiltIn">
<msg time="2025-05-29T10:03:38.683815" level="FAIL">Le test Test Install Apk a √©chou√© apr√®s 3 tentatives</msg>
<arg>Le test ${test_name} a √©chou√© apr√®s ${MAX_RETRIES} tentatives</arg>
<doc>Fails the test with the given message and optionally alters its tags.</doc>
<status status="FAIL" start="2025-05-29T10:03:38.683815" elapsed="0.000000">Le test Test Install Apk a √©chou√© apr√®s 3 tentatives</status>
</kw>
<status status="FAIL" start="2025-05-29T10:03:38.683815" elapsed="0.000000">Le test Test Install Apk a √©chou√© apr√®s 3 tentatives</status>
</branch>
<status status="FAIL" start="2025-05-29T10:03:38.683815" elapsed="0.000000">Le test Test Install Apk a √©chou√© apr√®s 3 tentatives</status>
</if>
<arg>Execute Install Apk Test</arg>
<arg>Test Install Apk</arg>
<status status="FAIL" start="2025-05-29T10:03:19.959905" elapsed="18.724910">Le test Test Install Apk a √©chou√© apr√®s 3 tentatives</status>
</kw>
<doc>Tests APK installation process
- Checks pre-installation state
- Installs the APK
- Verifies installation in system and UI</doc>
<tag>installation</tag>
<tag>smoke</tag>
<status status="FAIL" start="2025-05-29T10:03:19.959905" elapsed="18.724910">Le test Test Install Apk a √©chou√© apr√®s 3 tentatives</status>
</test>
<test id="s1-t2" name="Test Uninstall Application" line="206">
<kw name="Execute Test With Retry">
<kw name="Set Variable" owner="BuiltIn">
<msg time="2025-05-29T10:03:38.685807" level="INFO">${attempt} = 1</msg>
<var>${attempt}</var>
<arg>1</arg>
<doc>Returns the given values which can then be assigned to a variables.</doc>
<status status="PASS" start="2025-05-29T10:03:38.685807" elapsed="0.000000"/>
</kw>
<kw name="Set Variable" owner="BuiltIn">
<msg time="2025-05-29T10:03:38.685807" level="INFO">${test_status} = False</msg>
<var>${test_status}</var>
<arg>${FALSE}</arg>
<doc>Returns the given values which can then be assigned to a variables.</doc>
<status status="PASS" start="2025-05-29T10:03:38.685807" elapsed="0.000000"/>
</kw>
<for flavor="IN RANGE">
<iter>
<kw name="Run Keyword And Return Status" owner="BuiltIn">
<kw name="Execute Uninstall Application Test">
<kw name="Uninstall Application">
<kw name="Open Application With Click" owner="Integration">
<msg time="2025-05-29T10:03:38.691354" level="FAIL">WebDriverException: Message: An unknown server-side error occurred while processing the command. Original error: 'POST /actions' cannot be proxied to UiAutomator2 server because the instrumentation process is not running (probably crashed). Check the server log and/or the logcat output for more details
Stacktrace:
UnknownError: An unknown server-side error occurred while processing the command. Original error: 'POST /actions' cannot be proxied to UiAutomator2 server because the instrumentation process is not running (probably crashed). Check the server log and/or the logcat output for more details
    at UIA2Proxy.command (C:\Users\bahae\AppData\Roaming\npm\node_modules\appium\node_modules\@appium\base-driver\lib\jsonwp-proxy\proxy.js:350:13)
    at processTicksAndRejections (node:internal/process/task_queues:95:5)
    at AndroidUiautomator2Driver.performActions (C:\Users\bahae\.appium\node_modules\appium-uiautomator2-driver\lib\commands\actions.js:88:3)</msg>
<var>${result}</var>
<arg>${driver}</arg>
<arg>${LANG_DICT.Setting}</arg>
<status status="FAIL" start="2025-05-29T10:03:38.686330" elapsed="0.005024">WebDriverException: Message: An unknown server-side error occurred while processing the command. Original error: 'POST /actions' cannot be proxied to UiAutomator2 server because the instrumentation process is not running (probably crashed). Check the server log and/or the logcat output for more details
Stacktrace:
UnknownError: An unknown server-side error occurred while processing the command. Original error: 'POST /actions' cannot be proxied to UiAutomator2 server because the instrumentation process is not running (probably crashed). Check the server log and/or the logcat output for more details
    at UIA2Proxy.command (C:\Users\bahae\AppData\Roaming\npm\node_modules\appium\node_modules\@appium\base-driver\lib\jsonwp-proxy\proxy.js:350:13)
    at processTicksAndRejections (node:internal/process/task_queues:95:5)
    at AndroidUiautomator2Driver.performActions (C:\Users\bahae\.appium\node_modules\appium-uiautomator2-driver\lib\commands\actions.js:88:3)</status>
</kw>
<kw name="Sleep" owner="BuiltIn">
<arg>${QUICK_WAIT}</arg>
<doc>Pauses the test executed for the given time.</doc>
<status status="NOT RUN" start="2025-05-29T10:03:38.692337" elapsed="0.000000"/>
</kw>
<kw name="Wait For Element">
<var>${exists}</var>
<arg>${driver}</arg>
<arg>${Setting_xpath_id}</arg>
<doc>Waits for an element to be present with retry mechanism</doc>
<status status="NOT RUN" start="2025-05-29T10:03:38.692337" elapsed="0.000000"/>
</kw>
<kw name="Should Be True" owner="BuiltIn">
<arg>${exists}</arg>
<arg>Settings screen is not displayed</arg>
<doc>Fails if the given condition is not true.</doc>
<status status="NOT RUN" start="2025-05-29T10:03:38.692337" elapsed="0.000000"/>
</kw>
<kw name="Clique Sur Setting" owner="Integration">
<arg>${driver}</arg>
<arg>${LANG_DICT.apps}</arg>
<arg>${Setting_menu}</arg>
<status status="NOT RUN" start="2025-05-29T10:03:38.692337" elapsed="0.000000"/>
</kw>
<kw name="Sleep" owner="BuiltIn">
<arg>${QUICK_WAIT}</arg>
<doc>Pauses the test executed for the given time.</doc>
<status status="NOT RUN" start="2025-05-29T10:03:38.692337" elapsed="0.000000"/>
</kw>
<kw name="Wait For Element">
<var>${view_all_exists}</var>
<arg>${driver}</arg>
<arg>${Setting_system}</arg>
<doc>Waits for an element to be present with retry mechanism</doc>
<status status="NOT RUN" start="2025-05-29T10:03:38.692337" elapsed="0.000000"/>
</kw>
<kw name="Should Be True" owner="BuiltIn">
<arg>${view_all_exists}</arg>
<arg>Apps section is not displayed</arg>
<doc>Fails if the given condition is not true.</doc>
<status status="NOT RUN" start="2025-05-29T10:03:38.692337" elapsed="0.000000"/>
</kw>
<kw name="Clique Sur Setting Include" owner="Integration">
<arg>${driver}</arg>
<arg>${LANG_DICT.view_all}</arg>
<arg>${Setting_system}</arg>
<status status="NOT RUN" start="2025-05-29T10:03:38.692337" elapsed="0.000000"/>
</kw>
<kw name="Sleep" owner="BuiltIn">
<arg>${QUICK_WAIT}</arg>
<doc>Pauses the test executed for the given time.</doc>
<status status="NOT RUN" start="2025-05-29T10:03:38.692337" elapsed="0.000000"/>
</kw>
<kw name="Clique Sur Setting" owner="Integration">
<arg>${driver}</arg>
<arg>${app_name}</arg>
<arg>${Setting_system}</arg>
<status status="NOT RUN" start="2025-05-29T10:03:38.692337" elapsed="0.000000"/>
</kw>
<kw name="Sleep" owner="BuiltIn">
<arg>${QUICK_WAIT}</arg>
<doc>Pauses the test executed for the given time.</doc>
<status status="NOT RUN" start="2025-05-29T10:03:38.692337" elapsed="0.000000"/>
</kw>
<kw name="Click Element By Text Att" owner="Integration">
<arg>${driver}</arg>
<arg>${LANG_DICT.uninstall}</arg>
<status status="NOT RUN" start="2025-05-29T10:03:38.692337" elapsed="0.001002"/>
</kw>
<kw name="Sleep" owner="BuiltIn">
<arg>${QUICK_WAIT}</arg>
<doc>Pauses the test executed for the given time.</doc>
<status status="NOT RUN" start="2025-05-29T10:03:38.693339" elapsed="0.000000"/>
</kw>
<kw name="Click Element By Text" owner="Integration">
<arg>${driver}</arg>
<arg>${LANG_DICT.confirm}</arg>
<status status="NOT RUN" start="2025-05-29T10:03:38.693339" elapsed="0.000000"/>
</kw>
<kw name="Sleep" owner="BuiltIn">
<arg>${QUICK_WAIT}</arg>
<doc>Pauses the test executed for the given time.</doc>
<status status="NOT RUN" start="2025-05-29T10:03:38.693339" elapsed="0.000000"/>
</kw>
<arg>${driver}</arg>
<arg>${TEST_APP_NAME}</arg>
<doc>Performs the uninstallation process</doc>
<status status="FAIL" start="2025-05-29T10:03:38.686330" elapsed="0.007009">WebDriverException: Message: An unknown server-side error occurred while processing the command. Original error: 'POST /actions' cannot be proxied to UiAutomator2 server because the instrumentation process is not running (probably crashed). Check the server log and/or the logcat output for more details
Stacktrace:
UnknownError: An unknown server-side error occurred while processing the command. Original error: 'POST /actions' cannot be proxied to UiAutomator2 server because the instrumentation process is not running (probably crashed). Check the server log and/or the logcat output for more details
    at UIA2Proxy.command (C:\Users\bahae\AppData\Roaming\npm\node_modules\appium\node_modules\@appium\base-driver\lib\jsonwp-proxy\proxy.js:350:13)
    at processTicksAndRejections (node:internal/process/task_queues:95:5)
    at AndroidUiautomator2Driver.performActions (C:\Users\bahae\.appium\node_modules\appium-uiautomator2-driver\lib\commands\actions.js:88:3)</status>
</kw>
<kw name="Verify App Uninstallation">
<arg>${driver}</arg>
<arg>${TEST_APP_NAME}</arg>
<arg>${TEST_APP_PACKAGE}</arg>
<doc>Verifies if the application is completely uninstalled</doc>
<status status="NOT RUN" start="2025-05-29T10:03:38.693339" elapsed="0.000000"/>
</kw>
<doc>Executes the application uninstallation test</doc>
<status status="FAIL" start="2025-05-29T10:03:38.686330" elapsed="0.007009">WebDriverException: Message: An unknown server-side error occurred while processing the command. Original error: 'POST /actions' cannot be proxied to UiAutomator2 server because the instrumentation process is not running (probably crashed). Check the server log and/or the logcat output for more details
Stacktrace:
UnknownError: An unknown server-side error occurred while processing the command. Original error: 'POST /actions' cannot be proxied to UiAutomator2 server because the instrumentation process is not running (probably crashed). Check the server log and/or the logcat output for more details
    at UIA2Proxy.command (C:\Users\bahae\AppData\Roaming\npm\node_modules\appium\node_modules\@appium\base-driver\lib\jsonwp-proxy\proxy.js:350:13)
    at processTicksAndRejections (node:internal/process/task_queues:95:5)
    at AndroidUiautomator2Driver.performActions (C:\Users\bahae\.appium\node_modules\appium-uiautomator2-driver\lib\commands\actions.js:88:3)</status>
</kw>
<msg time="2025-05-29T10:03:38.693339" level="INFO">${test_status} = False</msg>
<var>${test_status}</var>
<arg>${test_keyword}</arg>
<doc>Runs the given keyword with given arguments and returns the status as a Boolean value.</doc>
<status status="PASS" start="2025-05-29T10:03:38.686330" elapsed="0.007009"/>
</kw>
<if>
<branch type="IF" condition="${test_status}">
<kw name="Log" owner="BuiltIn">
<arg>Test ${test_name} r√©ussi</arg>
<doc>Logs the given message with the given level.</doc>
<status status="NOT RUN" start="2025-05-29T10:03:38.693339" elapsed="0.000000"/>
</kw>
<kw name="Exit For Loop" owner="BuiltIn">
<doc>Stops executing the enclosing FOR loop.</doc>
<status status="NOT RUN" start="2025-05-29T10:03:38.693339" elapsed="0.000000"/>
</kw>
<status status="NOT RUN" start="2025-05-29T10:03:38.693339" elapsed="0.000849"/>
</branch>
<branch type="ELSE">
<kw name="Evaluate" owner="BuiltIn">
<msg time="2025-05-29T10:03:38.694207" level="INFO">${attempt} = 2</msg>
<var>${attempt}</var>
<arg>${attempt} + 1</arg>
<doc>Evaluates the given expression in Python and returns the result.</doc>
<status status="PASS" start="2025-05-29T10:03:38.694207" elapsed="0.000000"/>
</kw>
<if>
<branch type="IF" condition="${attempt} &lt;= ${MAX_RETRIES}">
<kw name="Log" owner="BuiltIn">
<msg time="2025-05-29T10:03:38.694207" level="INFO">Test Test Uninstall Application √©chou√© - Tentative 2/3</msg>
<arg>Test ${test_name} √©chou√© - Tentative ${attempt}/${MAX_RETRIES}</arg>
<doc>Logs the given message with the given level.</doc>
<status status="PASS" start="2025-05-29T10:03:38.694207" elapsed="0.000517"/>
</kw>
<kw name="Sleep" owner="BuiltIn">
<msg time="2025-05-29T10:03:40.695425" level="INFO">Slept 2 seconds.</msg>
<arg>${RETRY_DELAY}</arg>
<doc>Pauses the test executed for the given time.</doc>
<status status="PASS" start="2025-05-29T10:03:38.694724" elapsed="2.000701"/>
</kw>
<status status="PASS" start="2025-05-29T10:03:38.694207" elapsed="2.001218"/>
</branch>
<status status="PASS" start="2025-05-29T10:03:38.694207" elapsed="2.001218"/>
</if>
<status status="PASS" start="2025-05-29T10:03:38.694207" elapsed="2.001218"/>
</branch>
<status status="PASS" start="2025-05-29T10:03:38.693339" elapsed="2.002086"/>
</if>
<var name="${index}">0</var>
<status status="PASS" start="2025-05-29T10:03:38.686330" elapsed="2.009095"/>
</iter>
<iter>
<kw name="Run Keyword And Return Status" owner="BuiltIn">
<kw name="Execute Uninstall Application Test">
<kw name="Uninstall Application">
<kw name="Open Application With Click" owner="Integration">
<msg time="2025-05-29T10:03:40.703945" level="FAIL">WebDriverException: Message: An unknown server-side error occurred while processing the command. Original error: 'POST /actions' cannot be proxied to UiAutomator2 server because the instrumentation process is not running (probably crashed). Check the server log and/or the logcat output for more details
Stacktrace:
UnknownError: An unknown server-side error occurred while processing the command. Original error: 'POST /actions' cannot be proxied to UiAutomator2 server because the instrumentation process is not running (probably crashed). Check the server log and/or the logcat output for more details
    at UIA2Proxy.command (C:\Users\bahae\AppData\Roaming\npm\node_modules\appium\node_modules\@appium\base-driver\lib\jsonwp-proxy\proxy.js:350:13)
    at processTicksAndRejections (node:internal/process/task_queues:95:5)
    at AndroidUiautomator2Driver.performActions (C:\Users\bahae\.appium\node_modules\appium-uiautomator2-driver\lib\commands\actions.js:88:3)</msg>
<var>${result}</var>
<arg>${driver}</arg>
<arg>${LANG_DICT.Setting}</arg>
<status status="FAIL" start="2025-05-29T10:03:40.696427" elapsed="0.007518">WebDriverException: Message: An unknown server-side error occurred while processing the command. Original error: 'POST /actions' cannot be proxied to UiAutomator2 server because the instrumentation process is not running (probably crashed). Check the server log and/or the logcat output for more details
Stacktrace:
UnknownError: An unknown server-side error occurred while processing the command. Original error: 'POST /actions' cannot be proxied to UiAutomator2 server because the instrumentation process is not running (probably crashed). Check the server log and/or the logcat output for more details
    at UIA2Proxy.command (C:\Users\bahae\AppData\Roaming\npm\node_modules\appium\node_modules\@appium\base-driver\lib\jsonwp-proxy\proxy.js:350:13)
    at processTicksAndRejections (node:internal/process/task_queues:95:5)
    at AndroidUiautomator2Driver.performActions (C:\Users\bahae\.appium\node_modules\appium-uiautomator2-driver\lib\commands\actions.js:88:3)</status>
</kw>
<kw name="Sleep" owner="BuiltIn">
<arg>${QUICK_WAIT}</arg>
<doc>Pauses the test executed for the given time.</doc>
<status status="NOT RUN" start="2025-05-29T10:03:40.703945" elapsed="0.000000"/>
</kw>
<kw name="Wait For Element">
<var>${exists}</var>
<arg>${driver}</arg>
<arg>${Setting_xpath_id}</arg>
<doc>Waits for an element to be present with retry mechanism</doc>
<status status="NOT RUN" start="2025-05-29T10:03:40.704944" elapsed="0.000000"/>
</kw>
<kw name="Should Be True" owner="BuiltIn">
<arg>${exists}</arg>
<arg>Settings screen is not displayed</arg>
<doc>Fails if the given condition is not true.</doc>
<status status="NOT RUN" start="2025-05-29T10:03:40.704944" elapsed="0.000000"/>
</kw>
<kw name="Clique Sur Setting" owner="Integration">
<arg>${driver}</arg>
<arg>${LANG_DICT.apps}</arg>
<arg>${Setting_menu}</arg>
<status status="NOT RUN" start="2025-05-29T10:03:40.704944" elapsed="0.000000"/>
</kw>
<kw name="Sleep" owner="BuiltIn">
<arg>${QUICK_WAIT}</arg>
<doc>Pauses the test executed for the given time.</doc>
<status status="NOT RUN" start="2025-05-29T10:03:40.705473" elapsed="0.000000"/>
</kw>
<kw name="Wait For Element">
<var>${view_all_exists}</var>
<arg>${driver}</arg>
<arg>${Setting_system}</arg>
<doc>Waits for an element to be present with retry mechanism</doc>
<status status="NOT RUN" start="2025-05-29T10:03:40.705473" elapsed="0.000000"/>
</kw>
<kw name="Should Be True" owner="BuiltIn">
<arg>${view_all_exists}</arg>
<arg>Apps section is not displayed</arg>
<doc>Fails if the given condition is not true.</doc>
<status status="NOT RUN" start="2025-05-29T10:03:40.705473" elapsed="0.000000"/>
</kw>
<kw name="Clique Sur Setting Include" owner="Integration">
<arg>${driver}</arg>
<arg>${LANG_DICT.view_all}</arg>
<arg>${Setting_system}</arg>
<status status="NOT RUN" start="2025-05-29T10:03:40.705473" elapsed="0.000000"/>
</kw>
<kw name="Sleep" owner="BuiltIn">
<arg>${QUICK_WAIT}</arg>
<doc>Pauses the test executed for the given time.</doc>
<status status="NOT RUN" start="2025-05-29T10:03:40.705473" elapsed="0.000000"/>
</kw>
<kw name="Clique Sur Setting" owner="Integration">
<arg>${driver}</arg>
<arg>${app_name}</arg>
<arg>${Setting_system}</arg>
<status status="NOT RUN" start="2025-05-29T10:03:40.705473" elapsed="0.000000"/>
</kw>
<kw name="Sleep" owner="BuiltIn">
<arg>${QUICK_WAIT}</arg>
<doc>Pauses the test executed for the given time.</doc>
<status status="NOT RUN" start="2025-05-29T10:03:40.705473" elapsed="0.000000"/>
</kw>
<kw name="Click Element By Text Att" owner="Integration">
<arg>${driver}</arg>
<arg>${LANG_DICT.uninstall}</arg>
<status status="NOT RUN" start="2025-05-29T10:03:40.705473" elapsed="0.000000"/>
</kw>
<kw name="Sleep" owner="BuiltIn">
<arg>${QUICK_WAIT}</arg>
<doc>Pauses the test executed for the given time.</doc>
<status status="NOT RUN" start="2025-05-29T10:03:40.705473" elapsed="0.000000"/>
</kw>
<kw name="Click Element By Text" owner="Integration">
<arg>${driver}</arg>
<arg>${LANG_DICT.confirm}</arg>
<status status="NOT RUN" start="2025-05-29T10:03:40.706469" elapsed="0.000000"/>
</kw>
<kw name="Sleep" owner="BuiltIn">
<arg>${QUICK_WAIT}</arg>
<doc>Pauses the test executed for the given time.</doc>
<status status="NOT RUN" start="2025-05-29T10:03:40.706469" elapsed="0.000000"/>
</kw>
<arg>${driver}</arg>
<arg>${TEST_APP_NAME}</arg>
<doc>Performs the uninstallation process</doc>
<status status="FAIL" start="2025-05-29T10:03:40.696427" elapsed="0.010042">WebDriverException: Message: An unknown server-side error occurred while processing the command. Original error: 'POST /actions' cannot be proxied to UiAutomator2 server because the instrumentation process is not running (probably crashed). Check the server log and/or the logcat output for more details
Stacktrace:
UnknownError: An unknown server-side error occurred while processing the command. Original error: 'POST /actions' cannot be proxied to UiAutomator2 server because the instrumentation process is not running (probably crashed). Check the server log and/or the logcat output for more details
    at UIA2Proxy.command (C:\Users\bahae\AppData\Roaming\npm\node_modules\appium\node_modules\@appium\base-driver\lib\jsonwp-proxy\proxy.js:350:13)
    at processTicksAndRejections (node:internal/process/task_queues:95:5)
    at AndroidUiautomator2Driver.performActions (C:\Users\bahae\.appium\node_modules\appium-uiautomator2-driver\lib\commands\actions.js:88:3)</status>
</kw>
<kw name="Verify App Uninstallation">
<arg>${driver}</arg>
<arg>${TEST_APP_NAME}</arg>
<arg>${TEST_APP_PACKAGE}</arg>
<doc>Verifies if the application is completely uninstalled</doc>
<status status="NOT RUN" start="2025-05-29T10:03:40.706469" elapsed="0.000000"/>
</kw>
<doc>Executes the application uninstallation test</doc>
<status status="FAIL" start="2025-05-29T10:03:40.696427" elapsed="0.010042">WebDriverException: Message: An unknown server-side error occurred while processing the command. Original error: 'POST /actions' cannot be proxied to UiAutomator2 server because the instrumentation process is not running (probably crashed). Check the server log and/or the logcat output for more details
Stacktrace:
UnknownError: An unknown server-side error occurred while processing the command. Original error: 'POST /actions' cannot be proxied to UiAutomator2 server because the instrumentation process is not running (probably crashed). Check the server log and/or the logcat output for more details
    at UIA2Proxy.command (C:\Users\bahae\AppData\Roaming\npm\node_modules\appium\node_modules\@appium\base-driver\lib\jsonwp-proxy\proxy.js:350:13)
    at processTicksAndRejections (node:internal/process/task_queues:95:5)
    at AndroidUiautomator2Driver.performActions (C:\Users\bahae\.appium\node_modules\appium-uiautomator2-driver\lib\commands\actions.js:88:3)</status>
</kw>
<msg time="2025-05-29T10:03:40.706469" level="INFO">${test_status} = False</msg>
<var>${test_status}</var>
<arg>${test_keyword}</arg>
<doc>Runs the given keyword with given arguments and returns the status as a Boolean value.</doc>
<status status="PASS" start="2025-05-29T10:03:40.695425" elapsed="0.011044"/>
</kw>
<if>
<branch type="IF" condition="${test_status}">
<kw name="Log" owner="BuiltIn">
<arg>Test ${test_name} r√©ussi</arg>
<doc>Logs the given message with the given level.</doc>
<status status="NOT RUN" start="2025-05-29T10:03:40.707467" elapsed="0.000000"/>
</kw>
<kw name="Exit For Loop" owner="BuiltIn">
<doc>Stops executing the enclosing FOR loop.</doc>
<status status="NOT RUN" start="2025-05-29T10:03:40.707467" elapsed="0.000000"/>
</kw>
<status status="NOT RUN" start="2025-05-29T10:03:40.706469" elapsed="0.000998"/>
</branch>
<branch type="ELSE">
<kw name="Evaluate" owner="BuiltIn">
<msg time="2025-05-29T10:03:40.707997" level="INFO">${attempt} = 3</msg>
<var>${attempt}</var>
<arg>${attempt} + 1</arg>
<doc>Evaluates the given expression in Python and returns the result.</doc>
<status status="PASS" start="2025-05-29T10:03:40.707467" elapsed="0.000530"/>
</kw>
<if>
<branch type="IF" condition="${attempt} &lt;= ${MAX_RETRIES}">
<kw name="Log" owner="BuiltIn">
<msg time="2025-05-29T10:03:40.707997" level="INFO">Test Test Uninstall Application √©chou√© - Tentative 3/3</msg>
<arg>Test ${test_name} √©chou√© - Tentative ${attempt}/${MAX_RETRIES}</arg>
<doc>Logs the given message with the given level.</doc>
<status status="PASS" start="2025-05-29T10:03:40.707997" elapsed="0.000000"/>
</kw>
<kw name="Sleep" owner="BuiltIn">
<msg time="2025-05-29T10:03:42.708842" level="INFO">Slept 2 seconds.</msg>
<arg>${RETRY_DELAY}</arg>
<doc>Pauses the test executed for the given time.</doc>
<status status="PASS" start="2025-05-29T10:03:40.707997" elapsed="2.000845"/>
</kw>
<status status="PASS" start="2025-05-29T10:03:40.707997" elapsed="2.000845"/>
</branch>
<status status="PASS" start="2025-05-29T10:03:40.707997" elapsed="2.000845"/>
</if>
<status status="PASS" start="2025-05-29T10:03:40.707467" elapsed="2.001375"/>
</branch>
<status status="PASS" start="2025-05-29T10:03:40.706469" elapsed="2.002373"/>
</if>
<var name="${index}">1</var>
<status status="PASS" start="2025-05-29T10:03:40.695425" elapsed="2.013417"/>
</iter>
<iter>
<kw name="Run Keyword And Return Status" owner="BuiltIn">
<kw name="Execute Uninstall Application Test">
<kw name="Uninstall Application">
<kw name="Open Application With Click" owner="Integration">
<msg time="2025-05-29T10:03:42.714934" level="FAIL">WebDriverException: Message: An unknown server-side error occurred while processing the command. Original error: 'POST /actions' cannot be proxied to UiAutomator2 server because the instrumentation process is not running (probably crashed). Check the server log and/or the logcat output for more details
Stacktrace:
UnknownError: An unknown server-side error occurred while processing the command. Original error: 'POST /actions' cannot be proxied to UiAutomator2 server because the instrumentation process is not running (probably crashed). Check the server log and/or the logcat output for more details
    at UIA2Proxy.command (C:\Users\bahae\AppData\Roaming\npm\node_modules\appium\node_modules\@appium\base-driver\lib\jsonwp-proxy\proxy.js:350:13)
    at processTicksAndRejections (node:internal/process/task_queues:95:5)
    at AndroidUiautomator2Driver.performActions (C:\Users\bahae\.appium\node_modules\appium-uiautomator2-driver\lib\commands\actions.js:88:3)</msg>
<var>${result}</var>
<arg>${driver}</arg>
<arg>${LANG_DICT.Setting}</arg>
<status status="FAIL" start="2025-05-29T10:03:42.709842" elapsed="0.006082">WebDriverException: Message: An unknown server-side error occurred while processing the command. Original error: 'POST /actions' cannot be proxied to UiAutomator2 server because the instrumentation process is not running (probably crashed). Check the server log and/or the logcat output for more details
Stacktrace:
UnknownError: An unknown server-side error occurred while processing the command. Original error: 'POST /actions' cannot be proxied to UiAutomator2 server because the instrumentation process is not running (probably crashed). Check the server log and/or the logcat output for more details
    at UIA2Proxy.command (C:\Users\bahae\AppData\Roaming\npm\node_modules\appium\node_modules\@appium\base-driver\lib\jsonwp-proxy\proxy.js:350:13)
    at processTicksAndRejections (node:internal/process/task_queues:95:5)
    at AndroidUiautomator2Driver.performActions (C:\Users\bahae\.appium\node_modules\appium-uiautomator2-driver\lib\commands\actions.js:88:3)</status>
</kw>
<kw name="Sleep" owner="BuiltIn">
<arg>${QUICK_WAIT}</arg>
<doc>Pauses the test executed for the given time.</doc>
<status status="NOT RUN" start="2025-05-29T10:03:42.715924" elapsed="0.000000"/>
</kw>
<kw name="Wait For Element">
<var>${exists}</var>
<arg>${driver}</arg>
<arg>${Setting_xpath_id}</arg>
<doc>Waits for an element to be present with retry mechanism</doc>
<status status="NOT RUN" start="2025-05-29T10:03:42.715924" elapsed="0.000000"/>
</kw>
<kw name="Should Be True" owner="BuiltIn">
<arg>${exists}</arg>
<arg>Settings screen is not displayed</arg>
<doc>Fails if the given condition is not true.</doc>
<status status="NOT RUN" start="2025-05-29T10:03:42.715924" elapsed="0.000000"/>
</kw>
<kw name="Clique Sur Setting" owner="Integration">
<arg>${driver}</arg>
<arg>${LANG_DICT.apps}</arg>
<arg>${Setting_menu}</arg>
<status status="NOT RUN" start="2025-05-29T10:03:42.715924" elapsed="0.000000"/>
</kw>
<kw name="Sleep" owner="BuiltIn">
<arg>${QUICK_WAIT}</arg>
<doc>Pauses the test executed for the given time.</doc>
<status status="NOT RUN" start="2025-05-29T10:03:42.715924" elapsed="0.000000"/>
</kw>
<kw name="Wait For Element">
<var>${view_all_exists}</var>
<arg>${driver}</arg>
<arg>${Setting_system}</arg>
<doc>Waits for an element to be present with retry mechanism</doc>
<status status="NOT RUN" start="2025-05-29T10:03:42.715924" elapsed="0.000000"/>
</kw>
<kw name="Should Be True" owner="BuiltIn">
<arg>${view_all_exists}</arg>
<arg>Apps section is not displayed</arg>
<doc>Fails if the given condition is not true.</doc>
<status status="NOT RUN" start="2025-05-29T10:03:42.715924" elapsed="0.000000"/>
</kw>
<kw name="Clique Sur Setting Include" owner="Integration">
<arg>${driver}</arg>
<arg>${LANG_DICT.view_all}</arg>
<arg>${Setting_system}</arg>
<status status="NOT RUN" start="2025-05-29T10:03:42.716904" elapsed="0.000000"/>
</kw>
<kw name="Sleep" owner="BuiltIn">
<arg>${QUICK_WAIT}</arg>
<doc>Pauses the test executed for the given time.</doc>
<status status="NOT RUN" start="2025-05-29T10:03:42.716904" elapsed="0.000000"/>
</kw>
<kw name="Clique Sur Setting" owner="Integration">
<arg>${driver}</arg>
<arg>${app_name}</arg>
<arg>${Setting_system}</arg>
<status status="NOT RUN" start="2025-05-29T10:03:42.716904" elapsed="0.000000"/>
</kw>
<kw name="Sleep" owner="BuiltIn">
<arg>${QUICK_WAIT}</arg>
<doc>Pauses the test executed for the given time.</doc>
<status status="NOT RUN" start="2025-05-29T10:03:42.716904" elapsed="0.000000"/>
</kw>
<kw name="Click Element By Text Att" owner="Integration">
<arg>${driver}</arg>
<arg>${LANG_DICT.uninstall}</arg>
<status status="NOT RUN" start="2025-05-29T10:03:42.716904" elapsed="0.000000"/>
</kw>
<kw name="Sleep" owner="BuiltIn">
<arg>${QUICK_WAIT}</arg>
<doc>Pauses the test executed for the given time.</doc>
<status status="NOT RUN" start="2025-05-29T10:03:42.716904" elapsed="0.000000"/>
</kw>
<kw name="Click Element By Text" owner="Integration">
<arg>${driver}</arg>
<arg>${LANG_DICT.confirm}</arg>
<status status="NOT RUN" start="2025-05-29T10:03:42.716904" elapsed="0.000000"/>
</kw>
<kw name="Sleep" owner="BuiltIn">
<arg>${QUICK_WAIT}</arg>
<doc>Pauses the test executed for the given time.</doc>
<status status="NOT RUN" start="2025-05-29T10:03:42.716904" elapsed="0.000000"/>
</kw>
<arg>${driver}</arg>
<arg>${TEST_APP_NAME}</arg>
<doc>Performs the uninstallation process</doc>
<status status="FAIL" start="2025-05-29T10:03:42.709842" elapsed="0.007590">WebDriverException: Message: An unknown server-side error occurred while processing the command. Original error: 'POST /actions' cannot be proxied to UiAutomator2 server because the instrumentation process is not running (probably crashed). Check the server log and/or the logcat output for more details
Stacktrace:
UnknownError: An unknown server-side error occurred while processing the command. Original error: 'POST /actions' cannot be proxied to UiAutomator2 server because the instrumentation process is not running (probably crashed). Check the server log and/or the logcat output for more details
    at UIA2Proxy.command (C:\Users\bahae\AppData\Roaming\npm\node_modules\appium\node_modules\@appium\base-driver\lib\jsonwp-proxy\proxy.js:350:13)
    at processTicksAndRejections (node:internal/process/task_queues:95:5)
    at AndroidUiautomator2Driver.performActions (C:\Users\bahae\.appium\node_modules\appium-uiautomator2-driver\lib\commands\actions.js:88:3)</status>
</kw>
<kw name="Verify App Uninstallation">
<arg>${driver}</arg>
<arg>${TEST_APP_NAME}</arg>
<arg>${TEST_APP_PACKAGE}</arg>
<doc>Verifies if the application is completely uninstalled</doc>
<status status="NOT RUN" start="2025-05-29T10:03:42.717432" elapsed="0.000000"/>
</kw>
<doc>Executes the application uninstallation test</doc>
<status status="FAIL" start="2025-05-29T10:03:42.708842" elapsed="0.008590">WebDriverException: Message: An unknown server-side error occurred while processing the command. Original error: 'POST /actions' cannot be proxied to UiAutomator2 server because the instrumentation process is not running (probably crashed). Check the server log and/or the logcat output for more details
Stacktrace:
UnknownError: An unknown server-side error occurred while processing the command. Original error: 'POST /actions' cannot be proxied to UiAutomator2 server because the instrumentation process is not running (probably crashed). Check the server log and/or the logcat output for more details
    at UIA2Proxy.command (C:\Users\bahae\AppData\Roaming\npm\node_modules\appium\node_modules\@appium\base-driver\lib\jsonwp-proxy\proxy.js:350:13)
    at processTicksAndRejections (node:internal/process/task_queues:95:5)
    at AndroidUiautomator2Driver.performActions (C:\Users\bahae\.appium\node_modules\appium-uiautomator2-driver\lib\commands\actions.js:88:3)</status>
</kw>
<msg time="2025-05-29T10:03:42.717432" level="INFO">${test_status} = False</msg>
<var>${test_status}</var>
<arg>${test_keyword}</arg>
<doc>Runs the given keyword with given arguments and returns the status as a Boolean value.</doc>
<status status="PASS" start="2025-05-29T10:03:42.708842" elapsed="0.008590"/>
</kw>
<if>
<branch type="IF" condition="${test_status}">
<kw name="Log" owner="BuiltIn">
<arg>Test ${test_name} r√©ussi</arg>
<doc>Logs the given message with the given level.</doc>
<status status="NOT RUN" start="2025-05-29T10:03:42.717432" elapsed="0.000000"/>
</kw>
<kw name="Exit For Loop" owner="BuiltIn">
<doc>Stops executing the enclosing FOR loop.</doc>
<status status="NOT RUN" start="2025-05-29T10:03:42.717432" elapsed="0.000000"/>
</kw>
<status status="NOT RUN" start="2025-05-29T10:03:42.717432" elapsed="0.000000"/>
</branch>
<branch type="ELSE">
<kw name="Evaluate" owner="BuiltIn">
<msg time="2025-05-29T10:03:42.717432" level="INFO">${attempt} = 4</msg>
<var>${attempt}</var>
<arg>${attempt} + 1</arg>
<doc>Evaluates the given expression in Python and returns the result.</doc>
<status status="PASS" start="2025-05-29T10:03:42.717432" elapsed="0.000000"/>
</kw>
<if>
<branch type="IF" condition="${attempt} &lt;= ${MAX_RETRIES}">
<kw name="Log" owner="BuiltIn">
<arg>Test ${test_name} √©chou√© - Tentative ${attempt}/${MAX_RETRIES}</arg>
<doc>Logs the given message with the given level.</doc>
<status status="NOT RUN" start="2025-05-29T10:03:42.717432" elapsed="0.000000"/>
</kw>
<kw name="Sleep" owner="BuiltIn">
<arg>${RETRY_DELAY}</arg>
<doc>Pauses the test executed for the given time.</doc>
<status status="NOT RUN" start="2025-05-29T10:03:42.718424" elapsed="0.000000"/>
</kw>
<status status="NOT RUN" start="2025-05-29T10:03:42.717432" elapsed="0.000992"/>
</branch>
<status status="PASS" start="2025-05-29T10:03:42.717432" elapsed="0.000992"/>
</if>
<status status="PASS" start="2025-05-29T10:03:42.717432" elapsed="0.000992"/>
</branch>
<status status="PASS" start="2025-05-29T10:03:42.717432" elapsed="0.000992"/>
</if>
<var name="${index}">2</var>
<status status="PASS" start="2025-05-29T10:03:42.708842" elapsed="0.009582"/>
</iter>
<var>${index}</var>
<value>${MAX_RETRIES}</value>
<status status="PASS" start="2025-05-29T10:03:38.685807" elapsed="4.032617"/>
</for>
<if>
<branch type="IF" condition="not ${test_status}">
<kw name="Fail" owner="BuiltIn">
<msg time="2025-05-29T10:03:42.718424" level="FAIL">Le test Test Uninstall Application a √©chou√© apr√®s 3 tentatives</msg>
<arg>Le test ${test_name} a √©chou√© apr√®s ${MAX_RETRIES} tentatives</arg>
<doc>Fails the test with the given message and optionally alters its tags.</doc>
<status status="FAIL" start="2025-05-29T10:03:42.718424" elapsed="0.000000">Le test Test Uninstall Application a √©chou√© apr√®s 3 tentatives</status>
</kw>
<status status="FAIL" start="2025-05-29T10:03:42.718424" elapsed="0.000000">Le test Test Uninstall Application a √©chou√© apr√®s 3 tentatives</status>
</branch>
<status status="FAIL" start="2025-05-29T10:03:42.718424" elapsed="0.000000">Le test Test Uninstall Application a √©chou√© apr√®s 3 tentatives</status>
</if>
<arg>Execute Uninstall Application Test</arg>
<arg>Test Uninstall Application</arg>
<status status="FAIL" start="2025-05-29T10:03:38.684815" elapsed="4.033609">Le test Test Uninstall Application a √©chou√© apr√®s 3 tentatives</status>
</kw>
<doc>Tests application uninstallation
- Navigates through settings
- Performs uninstallation
- Verifies complete removal</doc>
<tag>smoke</tag>
<tag>uninstallation</tag>
<status status="FAIL" start="2025-05-29T10:03:38.684815" elapsed="4.033609">Le test Test Uninstall Application a √©chou√© apr√®s 3 tentatives</status>
</test>
<kw name="Fermer Driver" type="TEARDOWN">
<try>
<branch type="TRY">
<kw name="Run Keyword And Return Status" owner="BuiltIn">
<kw name="Get Source" owner="AppiumLibrary">
<kw name="Capture Page Screenshot" owner="AppiumLibrary">
<msg time="2025-05-29T10:03:42.719424" level="FAIL">No application is open</msg>
<doc>Takes a screenshot of the current page and embeds it into the log.</doc>
<status status="FAIL" start="2025-05-29T10:03:42.719424" elapsed="0.002040">No application is open</status>
</kw>
<msg time="2025-05-29T10:03:42.721984" level="WARN">Keyword 'Capture Page Screenshot' could not be run on failure: No application is open</msg>
<msg time="2025-05-29T10:03:42.721984" level="FAIL">No application is open</msg>
<doc>Returns the entire source of the current page.</doc>
<status status="FAIL" start="2025-05-29T10:03:42.719424" elapsed="0.002560">No application is open</status>
</kw>
<msg time="2025-05-29T10:03:42.721984" level="INFO">${session_active} = False</msg>
<var>${session_active}</var>
<arg>Get Source</arg>
<doc>Runs the given keyword with given arguments and returns the status as a Boolean value.</doc>
<status status="PASS" start="2025-05-29T10:03:42.719424" elapsed="0.002560"/>
</kw>
<if>
<branch type="IF" condition="${session_active}">
<kw name="Close Driver" owner="Integration">
<arg>${driver}</arg>
<doc>Ferme proprement le driver Appium.</doc>
<status status="NOT RUN" start="2025-05-29T10:03:42.721984" elapsed="0.000000"/>
</kw>
<kw name="Log" owner="BuiltIn">
<arg>Driver ferm√© avec succ√®s</arg>
<doc>Logs the given message with the given level.</doc>
<status status="NOT RUN" start="2025-05-29T10:03:42.722978" elapsed="0.000000"/>
</kw>
<status status="NOT RUN" start="2025-05-29T10:03:42.721984" elapsed="0.000994"/>
</branch>
<branch type="ELSE">
<kw name="Log" owner="BuiltIn">
<msg time="2025-05-29T10:03:42.722978" level="INFO">Le driver n'√©tait pas actif</msg>
<arg>Le driver n'√©tait pas actif</arg>
<doc>Logs the given message with the given level.</doc>
<status status="PASS" start="2025-05-29T10:03:42.722978" elapsed="0.000000"/>
</kw>
<status status="PASS" start="2025-05-29T10:03:42.722978" elapsed="0.000000"/>
</branch>
<status status="PASS" start="2025-05-29T10:03:42.721984" elapsed="0.000994"/>
</if>
<status status="PASS" start="2025-05-29T10:03:42.719424" elapsed="0.003554"/>
</branch>
<branch type="EXCEPT" assign="${error}">
<kw name="Log" owner="BuiltIn">
<arg>Erreur lors de la fermeture du driver: ${error}</arg>
<doc>Logs the given message with the given level.</doc>
<status status="NOT RUN" start="2025-05-29T10:03:42.722978" elapsed="0.000000"/>
</kw>
<status status="NOT RUN" start="2025-05-29T10:03:42.722978" elapsed="0.000000"/>
</branch>
<status status="PASS" start="2025-05-29T10:03:42.719424" elapsed="0.003554"/>
</try>
<doc>Cleans up and closes the test driver</doc>
<status status="PASS" start="2025-05-29T10:03:42.719424" elapsed="0.003554"/>
</kw>
<doc>Tests for APK installation and uninstallation
- Verifies APK installation via ADB
- Checks application visibility in UI
- Tests complete uninstallation flow</doc>
<status status="FAIL" start="2025-05-29T10:03:09.901869" elapsed="32.821109"/>
</suite>
<statistics>
<total>
<stat pass="0" fail="2" skip="0">All Tests</stat>
</total>
<tag>
<stat pass="0" fail="1" skip="0">installation</stat>
<stat pass="0" fail="2" skip="0">smoke</stat>
<stat pass="0" fail="1" skip="0">uninstallation</stat>
</tag>
<suite>
<stat name="InstallationApplications" id="s1" pass="0" fail="2" skip="0">InstallationApplications</stat>
</suite>
</statistics>
<errors>
<msg time="2025-05-29T10:03:14.780473" level="WARN">Retrying (Retry(total=2, connect=None, read=None, redirect=None, status=None)) after connection broken by 'NewConnectionError('&lt;urllib3.connection.HTTPConnection object at 0x000002169F844140&gt;: Failed to establish a new connection: [WinError 10061] Aucune connexion n‚Äôa pu √™tre √©tablie car l‚Äôordinateur cible l‚Äôa express√©ment refus√©e')': /session</msg>
<msg time="2025-05-29T10:03:42.721984" level="WARN">Keyword 'Capture Page Screenshot' could not be run on failure: No application is open</msg>
</errors>
</robot>
