<?xml version="1.0" encoding="UTF-8"?>
<robot generator="Robot 7.2.2 (Python 3.12.5 on win32)" generated="2025-06-15T14:50:23.936086" rpa="false" schemaversion="5">
<suite id="s1" name="TestsAudio" source="C:\Users\bahae\Documents\PfeProject\test_cases\TestsAudio.robot">
<kw name="Démarrer Driver" type="SETUP">
<kw name="Log" owner="BuiltIn">
<msg time="2025-06-15T14:50:27.900575" level="INFO">Tentative d'initialisation du driver Appium...</msg>
<arg>Tentative d'initialisation du driver Appium...</arg>
<doc>Logs the given message with the given level.</doc>
<status status="PASS" start="2025-06-15T14:50:27.900046" elapsed="0.000529"/>
</kw>
<kw name="Log" owner="BuiltIn">
<msg time="2025-06-15T14:50:27.900575" level="INFO">URL Appium: C:\Users\bahae\Documents\PfeProject\test_cases\..\config.py</msg>
<arg>URL Appium: C:\\Users\\bahae\\Documents\\PfeProject\\test_cases${/}..${/}config.py</arg>
<doc>Logs the given message with the given level.</doc>
<status status="PASS" start="2025-06-15T14:50:27.900575" elapsed="0.000000"/>
</kw>
<kw name="Run Keyword And Ignore Error" owner="BuiltIn">
<kw name="Setup Driver" owner="Integration">
<arg>${Device}</arg>
<doc>Initialise et retourne le driver Appium.</doc>
<status status="PASS" start="2025-06-15T14:50:27.900575" elapsed="5.649602"/>
</kw>
<msg time="2025-06-15T14:50:33.551162" level="INFO">${result} = ('PASS', &lt;appium.webdriver.webdriver.WebDriver (session="94892004-72a9-4411-91a2-3c6828de82bb")&gt;)</msg>
<var>${result}</var>
<arg>setup driver</arg>
<arg>${Device}</arg>
<doc>Runs the given keyword with the given arguments and ignores possible error.</doc>
<status status="PASS" start="2025-06-15T14:50:27.900575" elapsed="5.650587"/>
</kw>
<kw name="Set Variable" owner="BuiltIn">
<msg time="2025-06-15T14:50:33.551162" level="INFO">${status} = PASS</msg>
<msg time="2025-06-15T14:50:33.551162" level="INFO">${driver} = &lt;appium.webdriver.webdriver.WebDriver (session="94892004-72a9-4411-91a2-3c6828de82bb")&gt;</msg>
<var>${status}</var>
<var>${driver}</var>
<arg>${result}</arg>
<doc>Returns the given values which can then be assigned to a variables.</doc>
<status status="PASS" start="2025-06-15T14:50:33.551162" elapsed="0.000000"/>
</kw>
<if>
<branch type="IF" condition="'${status}' == 'FAIL'">
<kw name="Log" owner="BuiltIn">
<arg>Échec de l'initialisation du driver: ${driver}</arg>
<doc>Logs the given message with the given level.</doc>
<status status="NOT RUN" start="2025-06-15T14:50:33.552161" elapsed="0.000000"/>
</kw>
<kw name="Fail" owner="BuiltIn">
<arg>Impossible d'initialiser le driver Appium: ${driver}</arg>
<doc>Fails the test with the given message and optionally alters its tags.</doc>
<status status="NOT RUN" start="2025-06-15T14:50:33.552161" elapsed="0.000000"/>
</kw>
<status status="NOT RUN" start="2025-06-15T14:50:33.551162" elapsed="0.000999"/>
</branch>
<status status="PASS" start="2025-06-15T14:50:33.551162" elapsed="0.000999"/>
</if>
<kw name="Set Suite Variable" owner="BuiltIn">
<msg time="2025-06-15T14:50:33.552161" level="INFO">${driver} = &lt;appium.webdriver.webdriver.WebDriver (session="94892004-72a9-4411-91a2-3c6828de82bb")&gt;</msg>
<arg>${driver}</arg>
<doc>Makes a variable available everywhere within the scope of the current suite.</doc>
<status status="PASS" start="2025-06-15T14:50:33.552161" elapsed="0.000000"/>
</kw>
<kw name="Log" owner="BuiltIn">
<msg time="2025-06-15T14:50:33.552161" level="INFO">Driver Appium initialisé avec succès</msg>
<arg>Driver Appium initialisé avec succès</arg>
<doc>Logs the given message with the given level.</doc>
<status status="PASS" start="2025-06-15T14:50:33.552161" elapsed="0.001001"/>
</kw>
<status status="PASS" start="2025-06-15T14:50:27.899045" elapsed="5.654117"/>
</kw>
<test id="s1-t1" name="Test fgdya" line="236">
<kw name="Close Activity Robot" owner="Integration">
<msg time="2025-06-15T14:50:34.935721" level="INFO">Échec de terminateApp: Message: The following required parameter is missing: ["appId"]
Known required parameters are: ["appId"]
Known optional parameters are: ["timeout"]
You have provided none
Stacktrace:
BadParametersError: The following required parameter is missing: ["appId"]
Known required parameters are: ["appId"]
Known optional parameters are: ["timeout"]
You have provided none
    at checkParams (C:\Users\bahae\AppData\Roaming\npm\node_modules\appium\node_modules\@appium\base-driver\lib\protocol\protocol.js:155:9)
    at validateExecuteMethodParams (C:\Users\bahae\AppData\Roaming\npm\node_modules\appium\node_modules\@appium\base-driver\lib\protocol\protocol.js:242:5)
    at AndroidUiautomator2Driver.executeMethod (C:\Users\bahae\AppData\Roaming\npm\node_modules\appium\node_modules\@appium\base-driver\lib\basedriver\commands\execute.ts:34:45)
    at AndroidUiautomator2Driver.execute (C:\Users\bahae\.appium\node_modules\appium-uiautomator2-driver\node_modules\appium-android-driver\lib\commands\execute.js:17:23)
    at runCommandPromise (C:\Users\bahae\AppData\Roaming\npm\node_modules\appium\node_modules\@appium\base-driver\lib\basedriver\driver.ts:115:20)
    at C:\Users\bahae\AppData\Roaming\npm\node_modules\appium\node_modules\async-lock\lib\index.js:171:12
    at AsyncLock._promiseTry (C:\Users\bahae\AppData\Roaming\npm\node_modules\appium\node_modules\async-lock\lib\index.js:306:31)
    at exec (C:\Users\bahae\AppData\Roaming\npm\node_modules\appium\node_modules\async-lock\lib\index.js:170:9)
    at AsyncLock.acquire (C:\Users\bahae\AppData\Roaming\npm\node_modules\appium\node_modules\async-lock\lib\index.js:189:3)
    at AndroidUiautomator2Driver.executeCommand (C:\Users\bahae\AppData\Roaming\npm\node_modules\appium\node_modules\@appium\base-driver\lib\basedriver\driver.ts:159:39)
    at processTicksAndRejections (node:internal/process/task_queues:95:5)
    at defaultBehavior (C:\Users\bahae\AppData\Roaming\npm\node_modules\appium\lib\appium.js:787:14)
    at AppiumDriver.executeWrappedCommand (C:\Users\bahae\AppData\Roaming\npm\node_modules\appium\lib\appium.js:900:16)
    at AppiumDriver.executeCommand (C:\Users\bahae\AppData\Roaming\npm\node_modules\appium\lib\appium.js:799:17)
    at asyncHandler (C:\Users\bahae\AppData\Roaming\npm\node_modules\appium\node_modules\@appium\base-driver\lib\protocol\protocol.js:387:19)
Touche HOME pressée
Application com.example.audioapplicationtest fermée avec force-stop
Application com.example.audioapplicationtest fermée avec succès</msg>
<arg>${driver}</arg>
<arg>com.example.audioapplicationtest</arg>
<doc>Version de close_activity adaptée pour Robot Framework.
Utilise plusieurs méthodes pour s'assurer que l'application est bien fermée.</doc>
<status status="PASS" start="2025-06-15T14:50:33.553684" elapsed="1.382037"/>
</kw>
<status status="PASS" start="2025-06-15T14:50:33.553162" elapsed="1.382559"/>
</test>
<test id="s1-t2" name="Test Audio Recording And Playback" line="239">
<kw name="Close Activity" owner="Integration">
<msg time="2025-06-15T14:50:34.949248" level="INFO">Erreur lors de la fermeture de l'application com.example.audioapplicationtest/.AudioPlayerActivity: Message: The following required parameter is missing: ["appId"]
Known required parameters are: ["appId"]
Known optional parameters are: ["timeout"]
You have provided none
Stacktrace:
BadParametersError: The following required parameter is missing: ["appId"]
Known required parameters are: ["appId"]
Known optional parameters are: ["timeout"]
You have provided none
    at checkParams (C:\Users\bahae\AppData\Roaming\npm\node_modules\appium\node_modules\@appium\base-driver\lib\protocol\protocol.js:155:9)
    at validateExecuteMethodParams (C:\Users\bahae\AppData\Roaming\npm\node_modules\appium\node_modules\@appium\base-driver\lib\protocol\protocol.js:242:5)
    at AndroidUiautomator2Driver.executeMethod (C:\Users\bahae\AppData\Roaming\npm\node_modules\appium\node_modules\@appium\base-driver\lib\basedriver\commands\execute.ts:34:45)
    at AndroidUiautomator2Driver.execute (C:\Users\bahae\.appium\node_modules\appium-uiautomator2-driver\node_modules\appium-android-driver\lib\commands\execute.js:17:23)
    at runCommandPromise (C:\Users\bahae\AppData\Roaming\npm\node_modules\appium\node_modules\@appium\base-driver\lib\basedriver\driver.ts:115:20)
    at C:\Users\bahae\AppData\Roaming\npm\node_modules\appium\node_modules\async-lock\lib\index.js:171:12
    at AsyncLock._promiseTry (C:\Users\bahae\AppData\Roaming\npm\node_modules\appium\node_modules\async-lock\lib\index.js:306:31)
    at exec (C:\Users\bahae\AppData\Roaming\npm\node_modules\appium\node_modules\async-lock\lib\index.js:170:9)
    at AsyncLock.acquire (C:\Users\bahae\AppData\Roaming\npm\node_modules\appium\node_modules\async-lock\lib\index.js:189:3)
    at AndroidUiautomator2Driver.executeCommand (C:\Users\bahae\AppData\Roaming\npm\node_modules\appium\node_modules\@appium\base-driver\lib\basedriver\driver.ts:159:39)
    at processTicksAndRejections (node:internal/process/task_queues:95:5)
    at defaultBehavior (C:\Users\bahae\AppData\Roaming\npm\node_modules\appium\lib\appium.js:787:14)
    at AppiumDriver.executeWrappedCommand (C:\Users\bahae\AppData\Roaming\npm\node_modules\appium\lib\appium.js:900:16)
    at AppiumDriver.executeCommand (C:\Users\bahae\AppData\Roaming\npm\node_modules\appium\lib\appium.js:799:17)
    at asyncHandler (C:\Users\bahae\AppData\Roaming\npm\node_modules\appium\node_modules\@appium\base-driver\lib\protocol\protocol.js:387:19)</msg>
<arg>${driver}</arg>
<arg>com.example.audioapplicationtest/.AudioPlayerActivity</arg>
<doc>Ferme une application spécifique sur un appareil Android via Appium.</doc>
<status status="PASS" start="2025-06-15T14:50:34.937719" elapsed="0.011529"/>
</kw>
<kw name="Execute Test With Retry">
<kw name="Set Variable" owner="BuiltIn">
<msg time="2025-06-15T14:50:34.951247" level="INFO">${attempt} = 1</msg>
<var>${attempt}</var>
<arg>1</arg>
<doc>Returns the given values which can then be assigned to a variables.</doc>
<status status="PASS" start="2025-06-15T14:50:34.950245" elapsed="0.001002"/>
</kw>
<kw name="Set Variable" owner="BuiltIn">
<msg time="2025-06-15T14:50:34.951247" level="INFO">${test_status} = False</msg>
<var>${test_status}</var>
<arg>${FALSE}</arg>
<doc>Returns the given values which can then be assigned to a variables.</doc>
<status status="PASS" start="2025-06-15T14:50:34.951247" elapsed="0.000000"/>
</kw>
<for flavor="IN RANGE">
<iter>
<kw name="Run Keyword And Return Status" owner="BuiltIn">
<kw name="Verify Audio Recording">
<kw name="Initialize Language Settings">
<kw name="Get System Language" owner="Integration">
<msg time="2025-06-15T14:50:35.080056" level="INFO">${lang} = eng</msg>
<var>${lang}</var>
<arg>${Device}</arg>
<status status="PASS" start="2025-06-15T14:50:34.952246" elapsed="0.127810"/>
</kw>
<kw name="Set Variable If" owner="BuiltIn">
<msg time="2025-06-15T14:50:35.081045" level="INFO">${lang_dict} = {'System': 'System', 'Setting': 'Settings', 'Audio': 'Recording', 'Record': 'START', 'Stop': 'STOP', 'Play': 'Play'}</msg>
<var>${lang_dict}</var>
<arg>'${lang}' == 'fr'</arg>
<arg>${LANG_FR}</arg>
<arg>${LANG_EN}</arg>
<doc>Sets variable based on the given condition.</doc>
<status status="PASS" start="2025-06-15T14:50:35.081045" elapsed="0.000000"/>
</kw>
<kw name="Set Suite Variable" owner="BuiltIn">
<msg time="2025-06-15T14:50:35.082044" level="INFO">${LANG_DICT} = {'System': 'System', 'Setting': 'Settings', 'Audio': 'Recording', 'Record': 'START', 'Stop': 'STOP', 'Play': 'Play'}</msg>
<arg>${LANG_DICT}</arg>
<arg>${lang_dict}</arg>
<doc>Makes a variable available everywhere within the scope of the current suite.</doc>
<status status="PASS" start="2025-06-15T14:50:35.081045" elapsed="0.000999"/>
</kw>
<status status="PASS" start="2025-06-15T14:50:34.952246" elapsed="0.129798"/>
</kw>
<kw name="Navigate To Audio App">
<kw name="Start Activity Code" owner="Integration">
<arg>${driver}</arg>
<arg>com.example.audioapplicationtest/.MainActivity</arg>
<doc>Lance une activité spécifique sur un appareil Android via Appium.</doc>
<status status="PASS" start="2025-06-15T14:50:35.082044" elapsed="0.154514"/>
</kw>
<kw name="Sleep" owner="BuiltIn">
<msg time="2025-06-15T14:50:38.236723" level="INFO">Slept 3 seconds.</msg>
<arg>3s</arg>
<doc>Pauses the test executed for the given time.</doc>
<status status="PASS" start="2025-06-15T14:50:35.236558" elapsed="3.000165"/>
</kw>
<kw name="Print Activity" owner="Integration">
<msg time="2025-06-15T14:50:38.359939" level="INFO">${current_activity} = com.example.audioapplicationtest/.MainActivity</msg>
<var>${current_activity}</var>
<arg>${driver}</arg>
<doc>Retourne l'activité complète sous la forme 'com.android.car.messenger/.ui.launcher.MessageLauncherActivity'.</doc>
<status status="PASS" start="2025-06-15T14:50:38.236723" elapsed="0.123216"/>
</kw>
<kw name="Should Contain" owner="BuiltIn">
<arg>${current_activity}</arg>
<arg>com.example.audioapplicationtest/.MainActivity</arg>
<arg>L'application n'est pas correctement lancée</arg>
<doc>Fails if ``container`` does not contain ``item`` one or more times.</doc>
<status status="PASS" start="2025-06-15T14:50:38.359939" elapsed="0.001028"/>
</kw>
<status status="PASS" start="2025-06-15T14:50:35.082044" elapsed="3.278972"/>
</kw>
<kw name="Start Audio Recording And Playback">
<kw name="Log" owner="BuiltIn">
<msg time="2025-06-15T14:50:38.361016" level="INFO">Démarrage de l'enregistrement audio...</msg>
<arg>Démarrage de l'enregistrement audio...</arg>
<doc>Logs the given message with the given level.</doc>
<status status="PASS" start="2025-06-15T14:50:38.361016" elapsed="0.000000"/>
</kw>
<kw name="Get Audio File Duration">
<kw name="Get Audio Duration" owner="Integration">
<msg time="2025-06-15T14:50:38.367534" level="INFO">✅ Durée du fichier audio C:\Users\bahae\Documents\PfeProject\test_cases\test.wav: 18.31 secondes</msg>
<msg time="2025-06-15T14:50:38.368539" level="INFO">${duration} = 18.311836734693877</msg>
<var>${duration}</var>
<arg>${driver}</arg>
<arg>${audio_file}</arg>
<doc>Obtient la durée d'un fichier audio en secondes.</doc>
<status status="PASS" start="2025-06-15T14:50:38.361977" elapsed="0.006562"/>
</kw>
<kw name="Should Not Be Equal As Numbers" owner="BuiltIn">
<msg time="2025-06-15T14:50:38.368539" level="INFO">Argument types are:
&lt;class 'float'&gt;
&lt;class 'str'&gt;</msg>
<arg>${duration}</arg>
<arg>0</arg>
<arg>Impossible d'obtenir la durée du fichier audio</arg>
<doc>Fails if objects are equal after converting them to real numbers.</doc>
<status status="PASS" start="2025-06-15T14:50:38.368539" elapsed="0.000000"/>
</kw>
<return>
<value>${duration}</value>
<status status="PASS" start="2025-06-15T14:50:38.368539" elapsed="0.000000"/>
</return>
<msg time="2025-06-15T14:50:38.368539" level="INFO">${duration} = 18.311836734693877</msg>
<var>${duration}</var>
<arg>${audio_file}</arg>
<status status="PASS" start="2025-06-15T14:50:38.361977" elapsed="0.006562"/>
</kw>
<kw name="Log" owner="BuiltIn">
<msg time="2025-06-15T14:50:38.369493" level="INFO">Durée du fichier audio à lire: 18.311836734693877 secondes</msg>
<arg>Durée du fichier audio à lire: ${duration} secondes</arg>
<doc>Logs the given message with the given level.</doc>
<status status="PASS" start="2025-06-15T14:50:38.369493" elapsed="0.000000"/>
</kw>
<kw name="Click Record Button">
<kw name="Wait For Record Button">
<kw name="Wait Until Keyword Succeeds" owner="BuiltIn">
<kw name="Check Element Exists" owner="Integration">
<arg>${driver}</arg>
<arg>//android.widget.Button[@text="START"]</arg>
<doc>Vérifie si un élément existe en utilisant le XPath donné.</doc>
<status status="PASS" start="2025-06-15T14:50:38.370495" elapsed="1.059752"/>
</kw>
<arg>${timeout}</arg>
<arg>${QUICK_WAIT}</arg>
<arg>Check Element Exists</arg>
<arg>${driver}</arg>
<arg>//android.widget.Button[@text="START"]</arg>
<doc>Runs the specified keyword and retries if it fails.</doc>
<status status="PASS" start="2025-06-15T14:50:38.369493" elapsed="1.060754"/>
</kw>
<status status="PASS" start="2025-06-15T14:50:38.369493" elapsed="1.060754"/>
</kw>
<kw name="Check Element Exists" owner="Integration">
<msg time="2025-06-15T14:50:39.517920" level="INFO">${button_exists} = True</msg>
<var>${button_exists}</var>
<arg>${driver}</arg>
<arg>//android.widget.Button[@text="START"]</arg>
<doc>Vérifie si un élément existe en utilisant le XPath donné.</doc>
<status status="PASS" start="2025-06-15T14:50:39.430773" elapsed="0.087147"/>
</kw>
<kw name="Should Be True" owner="BuiltIn">
<arg>${button_exists}</arg>
<arg>Le bouton START n'est pas visible</arg>
<doc>Fails if the given condition is not true.</doc>
<status status="PASS" start="2025-06-15T14:50:39.518913" elapsed="0.000000"/>
</kw>
<kw name="Run Keyword And Return Status" owner="BuiltIn">
<kw name="Click Element By Xpath Bounds" owner="Integration">
<arg>${driver}</arg>
<arg>//android.widget.Button[@text="START"]</arg>
<doc>Trouve un élément par XPath et clique dessus en utilisant ses bounds.</doc>
<status status="PASS" start="2025-06-15T14:50:39.518913" elapsed="0.607272"/>
</kw>
<msg time="2025-06-15T14:50:40.126185" level="INFO">${success} = True</msg>
<var>${success}</var>
<arg>click_element_by_xpath_bounds</arg>
<arg>${driver}</arg>
<arg>//android.widget.Button[@text="START"]</arg>
<doc>Runs the given keyword with given arguments and returns the status as a Boolean value.</doc>
<status status="PASS" start="2025-06-15T14:50:39.518913" elapsed="0.607272"/>
</kw>
<kw name="Should Be True" owner="BuiltIn">
<arg>${success}</arg>
<arg>Impossible de cliquer sur le bouton START</arg>
<doc>Fails if the given condition is not true.</doc>
<status status="PASS" start="2025-06-15T14:50:40.126725" elapsed="0.000000"/>
</kw>
<status status="PASS" start="2025-06-15T14:50:38.369493" elapsed="1.757232"/>
</kw>
<kw name="Sleep" owner="BuiltIn">
<msg time="2025-06-15T14:50:42.128283" level="INFO">Slept 2 seconds.</msg>
<arg>2s</arg>
<doc>Pauses the test executed for the given time.</doc>
<status status="PASS" start="2025-06-15T14:50:40.126725" elapsed="2.001558"/>
</kw>
<kw name="Run Keyword And Return Status" owner="BuiltIn">
<kw name="Play Audio" owner="Integration">
<msg time="2025-06-15T14:51:00.585369" level="INFO">✅ Lecture audio réussie : Lecture du fichier test.wav terminée</msg>
<arg>${driver}</arg>
<arg>${audio_file}</arg>
<doc>Joue un fichier audio via l'API Flask.</doc>
<status status="PASS" start="2025-06-15T14:50:42.128283" elapsed="18.457086"/>
</kw>
<msg time="2025-06-15T14:51:00.585369" level="INFO">${success} = True</msg>
<var>${success}</var>
<arg>play_audio</arg>
<arg>${driver}</arg>
<arg>${audio_file}</arg>
<doc>Runs the given keyword with given arguments and returns the status as a Boolean value.</doc>
<status status="PASS" start="2025-06-15T14:50:42.128283" elapsed="18.457086"/>
</kw>
<kw name="Should Be True" owner="BuiltIn">
<arg>${success}</arg>
<arg>La lecture audio a échoué</arg>
<doc>Fails if the given condition is not true.</doc>
<status status="PASS" start="2025-06-15T14:51:00.585369" elapsed="0.000000"/>
</kw>
<kw name="Sleep" owner="BuiltIn">
<msg time="2025-06-15T14:51:18.899081" level="INFO">Slept 18 seconds 312 milliseconds.</msg>
<arg>${duration}s</arg>
<doc>Pauses the test executed for the given time.</doc>
<status status="PASS" start="2025-06-15T14:51:00.586354" elapsed="18.312727"/>
</kw>
<kw name="Click Stop Button">
<kw name="Check Element Exists" owner="Integration">
<msg time="2025-06-15T14:51:19.006437" level="INFO">${button_exists} = True</msg>
<var>${button_exists}</var>
<arg>${driver}</arg>
<arg>//android.widget.Button[@text="STOP"]</arg>
<doc>Vérifie si un élément existe en utilisant le XPath donné.</doc>
<status status="PASS" start="2025-06-15T14:51:18.899602" elapsed="0.106835"/>
</kw>
<kw name="Should Be True" owner="BuiltIn">
<arg>${button_exists}</arg>
<arg>Le bouton STOP n'est pas visible</arg>
<doc>Fails if the given condition is not true.</doc>
<status status="PASS" start="2025-06-15T14:51:19.006437" elapsed="0.001001"/>
</kw>
<kw name="Run Keyword And Return Status" owner="BuiltIn">
<kw name="Click Element By Xpath Bounds" owner="Integration">
<arg>${driver}</arg>
<arg>//android.widget.Button[@text="STOP"]</arg>
<doc>Trouve un élément par XPath et clique dessus en utilisant ses bounds.</doc>
<status status="PASS" start="2025-06-15T14:51:19.007438" elapsed="0.544271"/>
</kw>
<msg time="2025-06-15T14:51:19.552707" level="INFO">${success} = True</msg>
<var>${success}</var>
<arg>click_element_by_xpath_bounds</arg>
<arg>${driver}</arg>
<arg>//android.widget.Button[@text="STOP"]</arg>
<doc>Runs the given keyword with given arguments and returns the status as a Boolean value.</doc>
<status status="PASS" start="2025-06-15T14:51:19.007438" elapsed="0.545269"/>
</kw>
<kw name="Should Be True" owner="BuiltIn">
<arg>${success}</arg>
<arg>Impossible de cliquer sur le bouton STOP</arg>
<doc>Fails if the given condition is not true.</doc>
<status status="PASS" start="2025-06-15T14:51:19.552707" elapsed="0.000000"/>
</kw>
<status status="PASS" start="2025-06-15T14:51:18.899602" elapsed="0.653105"/>
</kw>
<status status="PASS" start="2025-06-15T14:50:38.361016" elapsed="41.191691"/>
</kw>
<kw name="Compare Audio Files">
<kw name="Compare With Latest Recorded" owner="TestAudio">
<msg time="2025-06-15T14:52:22.335472" level="INFO">Graphiques sauvegardés dans: resultats\Tests_2025-06-15_14-50_TestsAudio\plots\audio_comparison_enregistrement_20250615_145155.png</msg>
<msg time="2025-06-15T14:52:22.335472" level="INFO">============================= Début du test audio ==============================
Original: C:\Users\bahae\Documents\PfeProject\test_cases\test.wav
Enregistré: latest_download.wav
Date du test: 2025-06-15 14:51:21

Original - Durée: 18.31s -&gt; Segment actif: 18.31s
Enregistré - Durée: 39.38s -&gt; Segment actif: 18.17s
Recherche du meilleur alignement...
Alignement initial trouvé, ajustement fin...

Détails de l'alignement:
Position originale: 0.000s
Position enregistrée: -0.043s
Ajustement: -43.2ms
Corrélation initiale: 0.848
Original length: 803007, Recorded length: 803007
Best lag: 0 samples (0.000 seconds)
Final lengths - Original: 803007, Aligned: 803007
Décalage temporel final: 0.000 secondes

=== Résultats ===
Décalage temporel: 0.000 secondes
         snr: 5.4059
 correlation: 0.8483
         mse: 0.0094
        rmse: 0.0971
energy_ratio: 0.8755
    max_diff: 1.0665
   mean_diff: 0.0645
         mos: 3.8342
     clarity: 1.0557
  clarity_db: 0.2355

=== Résultat: SUCCÈS ===
SNR: 5.41 dB (seuil: -1 dB)
Corrélation: 0.848 (seuil: 0.4)
MOS: 3.83/5 (seuil: 3.0)
Clarté: 1.056 (seuil: 0.8)</msg>
<msg time="2025-06-15T14:52:22.335472" level="INFO">C:\Users\bahae\Documents\PfeProject\test_cases\TestAudio.py:339: UserWarning: Glyph 9989 (\N{WHITE HEAVY CHECK MARK}) missing from font(s) DejaVu Sans.
  plt.savefig(output_file, dpi=300, bbox_inches='tight')
C:\Program Files\JetBrains\PyCharm 2024.3.2\plugins\python-ce\helpers\pycharm_matplotlib_backend\backend_interagg.py:124: UserWarning: Glyph 9989 (\N{WHITE HEAVY CHECK MARK}) missing from font(s) DejaVu Sans.
  FigureCanvasAgg.draw(self)</msg>
<msg time="2025-06-15T14:52:22.336488" level="INFO">${test_passed} = True</msg>
<msg time="2025-06-15T14:52:22.336488" level="INFO">${metrics} = {'snr': 5.405930522625714, 'correlation': 0.8483078076096547, 'mse': 0.009434935224478304, 'rmse': 0.09713359472642977, 'energy_ratio': 0.8755107577328773, 'max_diff': 1.0665025779910198, 'mean_diff':...</msg>
<var>${test_passed}</var>
<var>${metrics}</var>
<arg>${original_audio}</arg>
<doc>Télécharge le dernier audio enregistré via l'API Flask et le compare à l'original.
:param original_audio: Chemin du fichier original (wav)
:param latest_audio_path: Chemin où sauvegarder le fichier téléchargé
:param api_url: URL de l'API Flask pour récupérer le dernier audio enregistré
:return: (test_passed, metrics)</doc>
<status status="PASS" start="2025-06-15T14:51:19.553707" elapsed="62.782781"/>
</kw>
<kw name="Log" owner="BuiltIn">
<msg time="2025-06-15T14:52:22.337470" level="INFO">SNR: 5.405930522625714 dB</msg>
<arg>SNR: ${metrics['snr']} dB</arg>
<doc>Logs the given message with the given level.</doc>
<status status="PASS" start="2025-06-15T14:52:22.336488" elapsed="0.000982"/>
</kw>
<kw name="Log" owner="BuiltIn">
<msg time="2025-06-15T14:52:22.338470" level="INFO">Corrélation: 0.8483078076096547 (seuil: 0.4)</msg>
<arg>Corrélation: ${metrics['correlation']} (seuil: 0.4)</arg>
<doc>Logs the given message with the given level.</doc>
<status status="PASS" start="2025-06-15T14:52:22.337470" elapsed="0.001000"/>
</kw>
<kw name="Log" owner="BuiltIn">
<msg time="2025-06-15T14:52:22.338470" level="INFO">MOS: 3.8342065900366142/5 (seuil: 3.0)</msg>
<arg>MOS: ${metrics['mos']}/5 (seuil: 3.0)</arg>
<doc>Logs the given message with the given level.</doc>
<status status="PASS" start="2025-06-15T14:52:22.338470" elapsed="0.000000"/>
</kw>
<kw name="Log" owner="BuiltIn">
<msg time="2025-06-15T14:52:22.339995" level="INFO">Clarté: 1.0557309099210377 (seuil: 0.8)</msg>
<arg>Clarté: ${metrics['clarity']} (seuil: 0.8)</arg>
<doc>Logs the given message with the given level.</doc>
<status status="PASS" start="2025-06-15T14:52:22.339471" elapsed="0.000524"/>
</kw>
<kw name="Evaluate" owner="BuiltIn">
<msg time="2025-06-15T14:52:22.340989" level="INFO">${correlation_ok} = True</msg>
<var>${correlation_ok}</var>
<arg>${metrics['correlation']} &gt;= 0.4</arg>
<doc>Evaluates the given expression in Python and returns the result.</doc>
<status status="PASS" start="2025-06-15T14:52:22.339995" elapsed="0.000994"/>
</kw>
<kw name="Evaluate" owner="BuiltIn">
<msg time="2025-06-15T14:52:22.341989" level="INFO">${mos_ok} = True</msg>
<var>${mos_ok}</var>
<arg>${metrics['mos']} &gt;= 3.0</arg>
<doc>Evaluates the given expression in Python and returns the result.</doc>
<status status="PASS" start="2025-06-15T14:52:22.340989" elapsed="0.001000"/>
</kw>
<kw name="Evaluate" owner="BuiltIn">
<msg time="2025-06-15T14:52:22.344275" level="INFO">${clarity_ok} = True</msg>
<var>${clarity_ok}</var>
<arg>${metrics['clarity']} &gt;= 0.8</arg>
<doc>Evaluates the given expression in Python and returns the result.</doc>
<status status="PASS" start="2025-06-15T14:52:22.341989" elapsed="0.002286"/>
</kw>
<kw name="Evaluate" owner="BuiltIn">
<msg time="2025-06-15T14:52:22.344275" level="INFO">${test_passed} = True</msg>
<var>${test_passed}</var>
<arg>${correlation_ok} and ${mos_ok} and ${clarity_ok}</arg>
<doc>Evaluates the given expression in Python and returns the result.</doc>
<status status="PASS" start="2025-06-15T14:52:22.344275" elapsed="0.000000"/>
</kw>
<if>
<branch type="IF" condition="not ${test_passed}">
<kw name="Log" owner="BuiltIn">
<arg>❌ Test échoué - Métriques critiques non satisfaites</arg>
<doc>Logs the given message with the given level.</doc>
<status status="NOT RUN" start="2025-06-15T14:52:22.344275" elapsed="0.000000"/>
</kw>
<kw name="Fail" owner="BuiltIn">
<arg>Test audio échoué - Vérifiez les métriques dans les logs</arg>
<doc>Fails the test with the given message and optionally alters its tags.</doc>
<status status="NOT RUN" start="2025-06-15T14:52:22.345269" elapsed="0.000000"/>
</kw>
<status status="NOT RUN" start="2025-06-15T14:52:22.344275" elapsed="0.000994"/>
</branch>
<branch type="ELSE">
<kw name="Log" owner="BuiltIn">
<msg time="2025-06-15T14:52:22.346504" level="INFO">✅ Test réussi - Toutes les métriques sont satisfaites</msg>
<arg>✅ Test réussi - Toutes les métriques sont satisfaites</arg>
<doc>Logs the given message with the given level.</doc>
<status status="PASS" start="2025-06-15T14:52:22.345269" elapsed="0.001235"/>
</kw>
<status status="PASS" start="2025-06-15T14:52:22.345269" elapsed="0.001235"/>
</branch>
<status status="PASS" start="2025-06-15T14:52:22.344275" elapsed="0.002229"/>
</if>
<return>
<value>${test_passed}</value>
<value>${metrics}</value>
<status status="PASS" start="2025-06-15T14:52:22.346504" elapsed="0.000000"/>
</return>
<msg time="2025-06-15T14:52:22.347495" level="INFO">${result} = [True, {'snr': 5.405930522625714, 'correlation': 0.8483078076096547, 'mse': 0.009434935224478304, 'rmse': 0.09713359472642977, 'energy_ratio': 0.8755107577328773, 'max_diff': 1.0665025779910198, 'mean...</msg>
<var>${result}</var>
<arg>${DEFAULT_OUTPUT_FILE}</arg>
<status status="PASS" start="2025-06-15T14:51:19.553707" elapsed="62.793788"/>
</kw>
<kw name="Log" owner="BuiltIn">
<msg time="2025-06-15T14:52:22.347495" level="INFO">Résultat de la comparaison: [True, {'snr': 5.405930522625714, 'correlation': 0.8483078076096547, 'mse': 0.009434935224478304, 'rmse': 0.09713359472642977, 'energy_ratio': 0.8755107577328773, 'max_diff': 1.0665025779910198, 'mean_diff': 0.06450628583406387, 'mos': 3.8342065900366142, 'clarity': 1.0557309099210377, 'clarity_db': 0.23553237151191592, 'plot_file': 'resultats\\Tests_2025-06-15_14-50_TestsAudio\\plots\\audio_comparison_enregistrement_20250615_145155.png'}]</msg>
<arg>Résultat de la comparaison: ${result}</arg>
<doc>Logs the given message with the given level.</doc>
<status status="PASS" start="2025-06-15T14:52:22.347495" elapsed="0.000000"/>
</kw>
<status status="PASS" start="2025-06-15T14:50:34.952246" elapsed="107.395249"/>
</kw>
<msg time="2025-06-15T14:52:22.347495" level="INFO">${test_status} = True</msg>
<var>${test_status}</var>
<arg>${test_keyword}</arg>
<doc>Runs the given keyword with given arguments and returns the status as a Boolean value.</doc>
<status status="PASS" start="2025-06-15T14:50:34.952246" elapsed="107.395249"/>
</kw>
<if>
<branch type="IF" condition="${test_status}">
<kw name="Log" owner="BuiltIn">
<msg time="2025-06-15T14:52:22.348495" level="INFO">Test Test Audio Recording And Playback réussi</msg>
<arg>Test ${test_name} réussi</arg>
<doc>Logs the given message with the given level.</doc>
<status status="PASS" start="2025-06-15T14:52:22.348495" elapsed="0.000000"/>
</kw>
<kw name="Exit For Loop" owner="BuiltIn">
<msg time="2025-06-15T14:52:22.348495" level="INFO">Exiting for loop altogether.</msg>
<doc>Stops executing the enclosing FOR loop.</doc>
<status status="PASS" start="2025-06-15T14:52:22.348495" elapsed="0.000000"/>
</kw>
<status status="PASS" start="2025-06-15T14:52:22.347495" elapsed="0.001000"/>
</branch>
<branch type="ELSE">
<kw name="Evaluate" owner="BuiltIn">
<var>${attempt}</var>
<arg>${attempt} + 1</arg>
<doc>Evaluates the given expression in Python and returns the result.</doc>
<status status="NOT RUN" start="2025-06-15T14:52:22.348495" elapsed="0.000000"/>
</kw>
<if>
<branch type="IF" condition="${attempt} &lt;= ${MAX_RETRIES}">
<kw name="Log" owner="BuiltIn">
<arg>Test ${test_name} échoué - Tentative ${attempt}/${MAX_RETRIES}</arg>
<doc>Logs the given message with the given level.</doc>
<status status="NOT RUN" start="2025-06-15T14:52:22.349494" elapsed="0.000000"/>
</kw>
<kw name="Sleep" owner="BuiltIn">
<arg>${RETRY_DELAY}</arg>
<doc>Pauses the test executed for the given time.</doc>
<status status="NOT RUN" start="2025-06-15T14:52:22.349494" elapsed="0.000000"/>
</kw>
<status status="NOT RUN" start="2025-06-15T14:52:22.349494" elapsed="0.000000"/>
</branch>
<status status="NOT RUN" start="2025-06-15T14:52:22.348495" elapsed="0.000999"/>
</if>
<status status="NOT RUN" start="2025-06-15T14:52:22.348495" elapsed="0.000999"/>
</branch>
<status status="PASS" start="2025-06-15T14:52:22.347495" elapsed="0.001999"/>
</if>
<var name="${index}">0</var>
<status status="PASS" start="2025-06-15T14:50:34.952246" elapsed="107.397248"/>
</iter>
<var>${index}</var>
<value>${MAX_RETRIES}</value>
<status status="PASS" start="2025-06-15T14:50:34.951247" elapsed="107.398247"/>
</for>
<if>
<branch type="IF" condition="not ${test_status}">
<kw name="Fail" owner="BuiltIn">
<arg>Le test ${test_name} a échoué après ${MAX_RETRIES} tentatives</arg>
<doc>Fails the test with the given message and optionally alters its tags.</doc>
<status status="NOT RUN" start="2025-06-15T14:52:22.349494" elapsed="0.000000"/>
</kw>
<status status="NOT RUN" start="2025-06-15T14:52:22.349494" elapsed="0.000000"/>
</branch>
<status status="PASS" start="2025-06-15T14:52:22.349494" elapsed="0.000000"/>
</if>
<arg>Verify Audio Recording</arg>
<arg>Test Audio Recording And Playback</arg>
<status status="PASS" start="2025-06-15T14:50:34.950245" elapsed="107.399249"/>
</kw>
<doc>Verifies audio recording and playback functionality
- Navigates to audio recording app
- Records audio for a specified duration
- Plays back the recorded audio
- Supports both French and English interfaces</doc>
<tag>audio</tag>
<tag>playback</tag>
<tag>recording</tag>
<status status="PASS" start="2025-06-15T14:50:34.936721" elapsed="107.413776"/>
</test>
<test id="s1-t3" name="Test Audio Player And Playback" line="250">
<kw name="Navigate To Audio Player App">
<kw name="Start Activity Code" owner="Integration">
<msg time="2025-06-15T14:52:22.366613" level="FAIL">InvalidSessionIdException: Message: A session is either terminated or not started
Stacktrace:
NoSuchDriverError: A session is either terminated or not started
    at asyncHandler (C:\Users\bahae\AppData\Roaming\npm\node_modules\appium\node_modules\@appium\base-driver\lib\protocol\protocol.js:309:15)
    at C:\Users\bahae\AppData\Roaming\npm\node_modules\appium\node_modules\@appium\base-driver\lib\protocol\protocol.js:512:15
    at Layer.handle [as handle_request] (C:\Users\bahae\AppData\Roaming\npm\node_modules\appium\node_modules\express\lib\router\layer.js:95:5)
    at next (C:\Users\bahae\AppData\Roaming\npm\node_modules\appium\node_modules\express\lib\router\route.js:149:13)
    at Route.dispatch (C:\Users\bahae\AppData\Roaming\npm\node_modules\appium\node_modules\express\lib\router\route.js:119:3)
    at Layer.handle [as handle_request] (C:\Users\bahae\AppData\Roaming\npm\node_modules\appium\node_modules\express\lib\router\layer.js:95:5)
    at C:\Users\bahae\AppData\Roaming\npm\node_modules\appium\node_modules\express\lib\router\index.js:284:15
    at param (C:\Users\bahae\AppData\Roaming\npm\node_modules\appium\node_modules\express\lib\router\index.js:365:14)
    at param (C:\Users\bahae\AppData\Roaming\npm\node_modules\appium\node_modules\express\lib\router\index.js:376:14)
    at Function.process_params (C:\Users\bahae\AppData\Roaming\npm\node_modules\appium\node_modules\express\lib\router\index.js:421:3)
    at next (C:\Users\bahae\AppData\Roaming\npm\node_modules\appium\node_modules\express\lib\router\index.js:280:10)
    at logger (C:\Users\bahae\AppData\Roaming\npm\node_modules\appium\node_modules\morgan\index.js:144:5)
    at Layer.handle [as handle_request] (C:\Users\bahae\AppData\Roaming\npm\node_modules\appium\node_modules\express\lib\router\layer.js:95:5)
    at trim_prefix (C:\Users\bahae\AppData\Roaming\npm\node_modules\appium\node_modules\express\lib\router\index.js:328:13)
    at C:\Users\bahae\AppData\Roaming\npm\node_modules\appium\node_modules\express\lib\router\index.js:286:9
    at Function.process_params (C:\Users\bahae\AppData\Roaming\npm\node_modules\appium\node_modules\express\lib\router\index.js:346:12)
    at next (C:\Users\bahae\AppData\Roaming\npm\node_modules\appium\node_modules\express\lib\router\index.js:280:10)
    at C:\Users\bahae\AppData\Roaming\npm\node_modules\appium\node_modules\body-parser\lib\read.js:137:5
    at AsyncResource.runInAsyncScope (node:async_hooks:206:9)
    at invokeCallback (C:\Users\bahae\AppData\Roaming\npm\node_modules\appium\node_modules\raw-body\index.js:238:16)
    at done (C:\Users\bahae\AppData\Roaming\npm\node_modules\appium\node_modules\raw-body\index.js:227:7)
    at IncomingMessage.onEnd (C:\Users\bahae\AppData\Roaming\npm\node_modules\appium\node_modules\raw-body\index.js:287:7)</msg>
<arg>${driver}</arg>
<arg>com.example.audioapplicationtest/.AudioPlayerActivity</arg>
<doc>Lance une activité spécifique sur un appareil Android via Appium.</doc>
<status status="FAIL" start="2025-06-15T14:52:22.351849" elapsed="0.022259">InvalidSessionIdException: Message: A session is either terminated or not started
Stacktrace:
NoSuchDriverError: A session is either terminated or not started
    at asyncHandler (C:\Users\bahae\AppData\Roaming\npm\node_modules\appium\node_modules\@appium\base-driver\lib\protocol\protocol.js:309:15)
    at C:\Users\bahae\AppData\Roaming\npm\node_modules\appium\node_modules\@appium\base-driver\lib\protocol\protocol.js:512:15
    at Layer.handle [as handle_request] (C:\Users\bahae\AppData\Roaming\npm\node_modules\appium\node_modules\express\lib\router\layer.js:95:5)
    at next (C:\Users\bahae\AppData\Roaming\npm\node_modules\appium\node_modules\express\lib\router\route.js:149:13)
    at Route.dispatch (C:\Users\bahae\AppData\Roaming\npm\node_modules\appium\node_modules\express\lib\router\route.js:119:3)
    at Layer.handle [as handle_request] (C:\Users\bahae\AppData\Roaming\npm\node_modules\appium\node_modules\express\lib\router\layer.js:95:5)
    at C:\Users\bahae\AppData\Roaming\npm\node_modules\appium\node_modules\express\lib\router\index.js:284:15
    at param (C:\Users\bahae\AppData\Roaming\npm\node_modules\appium\node_modules\express\lib\router\index.js:365:14)
    [ Message content over the limit has been removed. ]
...AppData\Roaming\npm\node_modules\appium\node_modules\morgan\index.js:144:5)
    at Layer.handle [as handle_request] (C:\Users\bahae\AppData\Roaming\npm\node_modules\appium\node_modules\express\lib\router\layer.js:95:5)
    at trim_prefix (C:\Users\bahae\AppData\Roaming\npm\node_modules\appium\node_modules\express\lib\router\index.js:328:13)
    at C:\Users\bahae\AppData\Roaming\npm\node_modules\appium\node_modules\express\lib\router\index.js:286:9
    at Function.process_params (C:\Users\bahae\AppData\Roaming\npm\node_modules\appium\node_modules\express\lib\router\index.js:346:12)
    at next (C:\Users\bahae\AppData\Roaming\npm\node_modules\appium\node_modules\express\lib\router\index.js:280:10)
    at C:\Users\bahae\AppData\Roaming\npm\node_modules\appium\node_modules\body-parser\lib\read.js:137:5
    at AsyncResource.runInAsyncScope (node:async_hooks:206:9)
    at invokeCallback (C:\Users\bahae\AppData\Roaming\npm\node_modules\appium\node_modules\raw-body\index.js:238:16)
    at done (C:\Users\bahae\AppData\Roaming\npm\node_modules\appium\node_modules\raw-body\index.js:227:7)
    at IncomingMessage.onEnd (C:\Users\bahae\AppData\Roaming\npm\node_modules\appium\node_modules\raw-body\index.js:287:7)</status>
</kw>
<kw name="Sleep" owner="BuiltIn">
<arg>3s</arg>
<doc>Pauses the test executed for the given time.</doc>
<status status="NOT RUN" start="2025-06-15T14:52:22.375127" elapsed="0.000000"/>
</kw>
<kw name="Print Activity" owner="Integration">
<var>${current_activity}</var>
<arg>${driver}</arg>
<doc>Retourne l'activité complète sous la forme 'com.android.car.messenger/.ui.launcher.MessageLauncherActivity'.</doc>
<status status="NOT RUN" start="2025-06-15T14:52:22.375127" elapsed="0.000000"/>
</kw>
<kw name="Should Contain" owner="BuiltIn">
<arg>${current_activity}</arg>
<arg>com.example.audioapplicationtest/.AudioPlayerActivity</arg>
<arg>L'application n'est pas correctement lancée</arg>
<doc>Fails if ``container`` does not contain ``item`` one or more times.</doc>
<status status="NOT RUN" start="2025-06-15T14:52:22.375127" elapsed="0.000000"/>
</kw>
<status status="FAIL" start="2025-06-15T14:52:22.350497" elapsed="0.024630">InvalidSessionIdException: Message: A session is either terminated or not started
Stacktrace:
NoSuchDriverError: A session is either terminated or not started
    at asyncHandler (C:\Users\bahae\AppData\Roaming\npm\node_modules\appium\node_modules\@appium\base-driver\lib\protocol\protocol.js:309:15)
    at C:\Users\bahae\AppData\Roaming\npm\node_modules\appium\node_modules\@appium\base-driver\lib\protocol\protocol.js:512:15
    at Layer.handle [as handle_request] (C:\Users\bahae\AppData\Roaming\npm\node_modules\appium\node_modules\express\lib\router\layer.js:95:5)
    at next (C:\Users\bahae\AppData\Roaming\npm\node_modules\appium\node_modules\express\lib\router\route.js:149:13)
    at Route.dispatch (C:\Users\bahae\AppData\Roaming\npm\node_modules\appium\node_modules\express\lib\router\route.js:119:3)
    at Layer.handle [as handle_request] (C:\Users\bahae\AppData\Roaming\npm\node_modules\appium\node_modules\express\lib\router\layer.js:95:5)
    at C:\Users\bahae\AppData\Roaming\npm\node_modules\appium\node_modules\express\lib\router\index.js:284:15
    at param (C:\Users\bahae\AppData\Roaming\npm\node_modules\appium\node_modules\express\lib\router\index.js:365:14)
    [ Message content over the limit has been removed. ]
...AppData\Roaming\npm\node_modules\appium\node_modules\morgan\index.js:144:5)
    at Layer.handle [as handle_request] (C:\Users\bahae\AppData\Roaming\npm\node_modules\appium\node_modules\express\lib\router\layer.js:95:5)
    at trim_prefix (C:\Users\bahae\AppData\Roaming\npm\node_modules\appium\node_modules\express\lib\router\index.js:328:13)
    at C:\Users\bahae\AppData\Roaming\npm\node_modules\appium\node_modules\express\lib\router\index.js:286:9
    at Function.process_params (C:\Users\bahae\AppData\Roaming\npm\node_modules\appium\node_modules\express\lib\router\index.js:346:12)
    at next (C:\Users\bahae\AppData\Roaming\npm\node_modules\appium\node_modules\express\lib\router\index.js:280:10)
    at C:\Users\bahae\AppData\Roaming\npm\node_modules\appium\node_modules\body-parser\lib\read.js:137:5
    at AsyncResource.runInAsyncScope (node:async_hooks:206:9)
    at invokeCallback (C:\Users\bahae\AppData\Roaming\npm\node_modules\appium\node_modules\raw-body\index.js:238:16)
    at done (C:\Users\bahae\AppData\Roaming\npm\node_modules\appium\node_modules\raw-body\index.js:227:7)
    at IncomingMessage.onEnd (C:\Users\bahae\AppData\Roaming\npm\node_modules\appium\node_modules\raw-body\index.js:287:7)</status>
</kw>
<kw name="Record Audio" owner="Integration">
<var>${recording_success}</var>
<arg>${driver}</arg>
<arg>23</arg>
<doc>Enregistre l'audio du système via l'API Flask.</doc>
<status status="NOT RUN" start="2025-06-15T14:52:22.375127" elapsed="0.000000"/>
</kw>
<kw name="Should Be True" owner="BuiltIn">
<arg>${recording_success}</arg>
<arg>L'enregistrement audio a échoué</arg>
<doc>Fails if the given condition is not true.</doc>
<status status="NOT RUN" start="2025-06-15T14:52:22.376106" elapsed="0.000000"/>
</kw>
<kw name="Sleep" owner="BuiltIn">
<arg>1s</arg>
<doc>Pauses the test executed for the given time.</doc>
<status status="NOT RUN" start="2025-06-15T14:52:22.376106" elapsed="0.000000"/>
</kw>
<kw name="Click Play Button">
<status status="NOT RUN" start="2025-06-15T14:52:22.376106" elapsed="0.000000"/>
</kw>
<kw name="Sleep" owner="BuiltIn">
<arg>22s</arg>
<doc>Pauses the test executed for the given time.</doc>
<status status="NOT RUN" start="2025-06-15T14:52:22.376106" elapsed="0.000000"/>
</kw>
<kw name="Compare Audio Files Play">
<arg>C:\\Users\\bahae\\Documents\\PfeProject\\test_cases${/}test.wav</arg>
<status status="NOT RUN" start="2025-06-15T14:52:22.376106" elapsed="0.000000"/>
</kw>
<doc>Verifies audio recording and playback functionality
- Navigates to audio recording app
- Records audio for a specified duration
- Plays audio
- Supports both French and English interfaces</doc>
<tag>audio</tag>
<tag>playback</tag>
<tag>recording</tag>
<status status="FAIL" start="2025-06-15T14:52:22.350497" elapsed="0.026612">InvalidSessionIdException: Message: A session is either terminated or not started
Stacktrace:
NoSuchDriverError: A session is either terminated or not started
    at asyncHandler (C:\Users\bahae\AppData\Roaming\npm\node_modules\appium\node_modules\@appium\base-driver\lib\protocol\protocol.js:309:15)
    at C:\Users\bahae\AppData\Roaming\npm\node_modules\appium\node_modules\@appium\base-driver\lib\protocol\protocol.js:512:15
    at Layer.handle [as handle_request] (C:\Users\bahae\AppData\Roaming\npm\node_modules\appium\node_modules\express\lib\router\layer.js:95:5)
    at next (C:\Users\bahae\AppData\Roaming\npm\node_modules\appium\node_modules\express\lib\router\route.js:149:13)
    at Route.dispatch (C:\Users\bahae\AppData\Roaming\npm\node_modules\appium\node_modules\express\lib\router\route.js:119:3)
    at Layer.handle [as handle_request] (C:\Users\bahae\AppData\Roaming\npm\node_modules\appium\node_modules\express\lib\router\layer.js:95:5)
    at C:\Users\bahae\AppData\Roaming\npm\node_modules\appium\node_modules\express\lib\router\index.js:284:15
    at param (C:\Users\bahae\AppData\Roaming\npm\node_modules\appium\node_modules\express\lib\router\index.js:365:14)
    [ Message content over the limit has been removed. ]
...AppData\Roaming\npm\node_modules\appium\node_modules\morgan\index.js:144:5)
    at Layer.handle [as handle_request] (C:\Users\bahae\AppData\Roaming\npm\node_modules\appium\node_modules\express\lib\router\layer.js:95:5)
    at trim_prefix (C:\Users\bahae\AppData\Roaming\npm\node_modules\appium\node_modules\express\lib\router\index.js:328:13)
    at C:\Users\bahae\AppData\Roaming\npm\node_modules\appium\node_modules\express\lib\router\index.js:286:9
    at Function.process_params (C:\Users\bahae\AppData\Roaming\npm\node_modules\appium\node_modules\express\lib\router\index.js:346:12)
    at next (C:\Users\bahae\AppData\Roaming\npm\node_modules\appium\node_modules\express\lib\router\index.js:280:10)
    at C:\Users\bahae\AppData\Roaming\npm\node_modules\appium\node_modules\body-parser\lib\read.js:137:5
    at AsyncResource.runInAsyncScope (node:async_hooks:206:9)
    at invokeCallback (C:\Users\bahae\AppData\Roaming\npm\node_modules\appium\node_modules\raw-body\index.js:238:16)
    at done (C:\Users\bahae\AppData\Roaming\npm\node_modules\appium\node_modules\raw-body\index.js:227:7)
    at IncomingMessage.onEnd (C:\Users\bahae\AppData\Roaming\npm\node_modules\appium\node_modules\raw-body\index.js:287:7)</status>
</test>
<kw name="Fermer Driver" type="TEARDOWN">
<kw name="Run Keyword And Return Status" owner="BuiltIn">
<kw name="Variable Should Exist" owner="BuiltIn">
<arg>${driver}</arg>
<doc>Fails unless the given variable exists within the current scope.</doc>
<status status="PASS" start="2025-06-15T14:52:22.378109" elapsed="0.000000"/>
</kw>
<msg time="2025-06-15T14:52:22.378109" level="INFO">${driver_exists} = True</msg>
<var>${driver_exists}</var>
<arg>Variable Should Exist</arg>
<arg>${driver}</arg>
<doc>Runs the given keyword with given arguments and returns the status as a Boolean value.</doc>
<status status="PASS" start="2025-06-15T14:52:22.378109" elapsed="0.000000"/>
</kw>
<if>
<branch type="IF" condition="${driver_exists}">
<kw name="Run Keyword And Return Status" owner="BuiltIn">
<kw name="Close Driver" owner="Integration">
<msg time="2025-06-15T14:52:22.386125" level="FAIL">InvalidSessionIdException: Message: A session is either terminated or not started
Stacktrace:
NoSuchDriverError: A session is either terminated or not started
    at asyncHandler (C:\Users\bahae\AppData\Roaming\npm\node_modules\appium\node_modules\@appium\base-driver\lib\protocol\protocol.js:309:15)
    at C:\Users\bahae\AppData\Roaming\npm\node_modules\appium\node_modules\@appium\base-driver\lib\protocol\protocol.js:512:15
    at Layer.handle [as handle_request] (C:\Users\bahae\AppData\Roaming\npm\node_modules\appium\node_modules\express\lib\router\layer.js:95:5)
    at next (C:\Users\bahae\AppData\Roaming\npm\node_modules\appium\node_modules\express\lib\router\route.js:149:13)
    at Route.dispatch (C:\Users\bahae\AppData\Roaming\npm\node_modules\appium\node_modules\express\lib\router\route.js:119:3)
    at Layer.handle [as handle_request] (C:\Users\bahae\AppData\Roaming\npm\node_modules\appium\node_modules\express\lib\router\layer.js:95:5)
    at C:\Users\bahae\AppData\Roaming\npm\node_modules\appium\node_modules\express\lib\router\index.js:284:15
    at param (C:\Users\bahae\AppData\Roaming\npm\node_modules\appium\node_modules\express\lib\router\index.js:365:14)
    at param (C:\Users\bahae\AppData\Roaming\npm\node_modules\appium\node_modules\express\lib\router\index.js:376:14)
    at Function.process_params (C:\Users\bahae\AppData\Roaming\npm\node_modules\appium\node_modules\express\lib\router\index.js:421:3)
    at next (C:\Users\bahae\AppData\Roaming\npm\node_modules\appium\node_modules\express\lib\router\index.js:280:10)
    at logger (C:\Users\bahae\AppData\Roaming\npm\node_modules\appium\node_modules\morgan\index.js:144:5)
    at Layer.handle [as handle_request] (C:\Users\bahae\AppData\Roaming\npm\node_modules\appium\node_modules\express\lib\router\layer.js:95:5)
    at trim_prefix (C:\Users\bahae\AppData\Roaming\npm\node_modules\appium\node_modules\express\lib\router\index.js:328:13)
    at C:\Users\bahae\AppData\Roaming\npm\node_modules\appium\node_modules\express\lib\router\index.js:286:9
    at Function.process_params (C:\Users\bahae\AppData\Roaming\npm\node_modules\appium\node_modules\express\lib\router\index.js:346:12)
    at next (C:\Users\bahae\AppData\Roaming\npm\node_modules\appium\node_modules\express\lib\router\index.js:280:10)
    at jsonParser (C:\Users\bahae\AppData\Roaming\npm\node_modules\appium\node_modules\body-parser\lib\types\json.js:113:7)
    at Layer.handle [as handle_request] (C:\Users\bahae\AppData\Roaming\npm\node_modules\appium\node_modules\express\lib\router\layer.js:95:5)
    at trim_prefix (C:\Users\bahae\AppData\Roaming\npm\node_modules\appium\node_modules\express\lib\router\index.js:328:13)
    at C:\Users\bahae\AppData\Roaming\npm\node_modules\appium\node_modules\express\lib\router\index.js:286:9
    at Function.process_params (C:\Users\bahae\AppData\Roaming\npm\node_modules\appium\node_modules\express\lib\router\index.js:346:12)</msg>
<arg>${driver}</arg>
<doc>Ferme proprement le driver Appium.</doc>
<status status="FAIL" start="2025-06-15T14:52:22.379104" elapsed="0.008262">InvalidSessionIdException: Message: A session is either terminated or not started
Stacktrace:
NoSuchDriverError: A session is either terminated or not started
    at asyncHandler (C:\Users\bahae\AppData\Roaming\npm\node_modules\appium\node_modules\@appium\base-driver\lib\protocol\protocol.js:309:15)
    at C:\Users\bahae\AppData\Roaming\npm\node_modules\appium\node_modules\@appium\base-driver\lib\protocol\protocol.js:512:15
    at Layer.handle [as handle_request] (C:\Users\bahae\AppData\Roaming\npm\node_modules\appium\node_modules\express\lib\router\layer.js:95:5)
    at next (C:\Users\bahae\AppData\Roaming\npm\node_modules\appium\node_modules\express\lib\router\route.js:149:13)
    at Route.dispatch (C:\Users\bahae\AppData\Roaming\npm\node_modules\appium\node_modules\express\lib\router\route.js:119:3)
    at Layer.handle [as handle_request] (C:\Users\bahae\AppData\Roaming\npm\node_modules\appium\node_modules\express\lib\router\layer.js:95:5)
    at C:\Users\bahae\AppData\Roaming\npm\node_modules\appium\node_modules\express\lib\router\index.js:284:15
    at param (C:\Users\bahae\AppData\Roaming\npm\node_modules\appium\node_modules\express\lib\router\index.js:365:14)
    [ Message content over the limit has been removed. ]
    at Layer.handle [as handle_request] (C:\Users\bahae\AppData\Roaming\npm\node_modules\appium\node_modules\express\lib\router\layer.js:95:5)
    at trim_prefix (C:\Users\bahae\AppData\Roaming\npm\node_modules\appium\node_modules\express\lib\router\index.js:328:13)
    at C:\Users\bahae\AppData\Roaming\npm\node_modules\appium\node_modules\express\lib\router\index.js:286:9
    at Function.process_params (C:\Users\bahae\AppData\Roaming\npm\node_modules\appium\node_modules\express\lib\router\index.js:346:12)
    at next (C:\Users\bahae\AppData\Roaming\npm\node_modules\appium\node_modules\express\lib\router\index.js:280:10)
    at jsonParser (C:\Users\bahae\AppData\Roaming\npm\node_modules\appium\node_modules\body-parser\lib\types\json.js:113:7)
    at Layer.handle [as handle_request] (C:\Users\bahae\AppData\Roaming\npm\node_modules\appium\node_modules\express\lib\router\layer.js:95:5)
    at trim_prefix (C:\Users\bahae\AppData\Roaming\npm\node_modules\appium\node_modules\express\lib\router\index.js:328:13)
    at C:\Users\bahae\AppData\Roaming\npm\node_modules\appium\node_modules\express\lib\router\index.js:286:9
    at Function.process_params (C:\Users\bahae\AppData\Roaming\npm\node_modules\appium\node_modules\express\lib\router\index.js:346:12)</status>
</kw>
<msg time="2025-06-15T14:52:22.387366" level="INFO">${close_success} = False</msg>
<var>${close_success}</var>
<arg>Close Driver</arg>
<arg>${driver}</arg>
<doc>Runs the given keyword with given arguments and returns the status as a Boolean value.</doc>
<status status="PASS" start="2025-06-15T14:52:22.379104" elapsed="0.008262"/>
</kw>
<if>
<branch type="IF" condition="not ${close_success}">
<kw name="Log" owner="BuiltIn">
<msg time="2025-06-15T14:52:22.388352" level="INFO">Warning: Impossible de fermer proprement le driver Appium</msg>
<arg>Warning: Impossible de fermer proprement le driver Appium</arg>
<doc>Logs the given message with the given level.</doc>
<status status="PASS" start="2025-06-15T14:52:22.388352" elapsed="0.000000"/>
</kw>
<status status="PASS" start="2025-06-15T14:52:22.388352" elapsed="0.000000"/>
</branch>
<status status="PASS" start="2025-06-15T14:52:22.388352" elapsed="0.000000"/>
</if>
<status status="PASS" start="2025-06-15T14:52:22.378109" elapsed="0.010243"/>
</branch>
<status status="PASS" start="2025-06-15T14:52:22.378109" elapsed="0.010243"/>
</if>
<status status="PASS" start="2025-06-15T14:52:22.378109" elapsed="0.010243"/>
</kw>
<doc>Tests for audio recording and playback functionality
- Verifies audio recording capabilities
- Verifies audio playback capabilities
- Supports both French and English interfaces</doc>
<status status="FAIL" start="2025-06-15T14:50:23.937077" elapsed="118.451275"/>
</suite>
<statistics>
<total>
<stat pass="2" fail="1" skip="0">All Tests</stat>
</total>
<tag>
<stat pass="1" fail="1" skip="0">audio</stat>
<stat pass="1" fail="1" skip="0">playback</stat>
<stat pass="1" fail="1" skip="0">recording</stat>
</tag>
<suite>
<stat name="TestsAudio" id="s1" pass="2" fail="1" skip="0">TestsAudio</stat>
</suite>
</statistics>
<errors>
</errors>
</robot>
