<?xml version="1.0" encoding="UTF-8"?>
<robot generator="Robot 7.2.2 (Python 3.12.5 on win32)" generated="2025-04-16T10:59:56.878825" rpa="false" schemaversion="5">
<suite id="s1" name="FonctionnaliteBluetooth" source="C:\Users\bahae\Desktop\PfeProject\test_cases\FonctionnaliteBluetooth.robot">
<kw name="D√©marrer Driver" type="SETUP">
<kw name="Setup Driver" owner="Integration">
<msg time="2025-04-16T11:00:01.823248" level="INFO">${driver} = &lt;appium.webdriver.webdriver.WebDriver (session="4369fc69-28f4-422c-bdae-f3ab87b380a5")&gt;</msg>
<var>${driver}</var>
<arg>${Device}</arg>
<doc>Initialise et retourne le driver Appium.</doc>
<status status="PASS" start="2025-04-16T10:59:57.149344" elapsed="4.673904"/>
</kw>
<kw name="Set Suite Variable" owner="BuiltIn">
<msg time="2025-04-16T11:00:01.823248" level="INFO">${driver} = &lt;appium.webdriver.webdriver.WebDriver (session="4369fc69-28f4-422c-bdae-f3ab87b380a5")&gt;</msg>
<arg>${driver}</arg>
<doc>Makes a variable available everywhere within the scope of the current suite.</doc>
<status status="PASS" start="2025-04-16T11:00:01.823248" elapsed="0.000000"/>
</kw>
<kw name="Set Suite Variable" owner="BuiltIn">
<msg time="2025-04-16T11:00:01.824249" level="INFO">${driver_mobile} = None</msg>
<arg>${driver_mobile}</arg>
<arg>${None}</arg>
<doc>Makes a variable available everywhere within the scope of the current suite.</doc>
<status status="PASS" start="2025-04-16T11:00:01.823248" elapsed="0.001001"/>
</kw>
<status status="PASS" start="2025-04-16T10:59:57.148344" elapsed="4.675905"/>
</kw>
<test id="s1-t1" name="Test Ouvrir Bluetooth" line="35">
<kw name="Get System Language" owner="Integration">
<msg time="2025-04-16T11:00:01.890246" level="INFO">${lang} = fr</msg>
<var>${lang}</var>
<arg>${Device}</arg>
<status status="PASS" start="2025-04-16T11:00:01.824249" elapsed="0.065997"/>
</kw>
<if>
<branch type="IF" condition="'${lang}' == 'fr'">
<kw name="Set Variable" owner="BuiltIn">
<msg time="2025-04-16T11:00:01.890246" level="INFO">${System} = Syst√®me</msg>
<var>${System}</var>
<arg>Syst√®me</arg>
<doc>Returns the given values which can then be assigned to a variables.</doc>
<status status="PASS" start="2025-04-16T11:00:01.890246" elapsed="0.000000"/>
</kw>
<kw name="Set Variable" owner="BuiltIn">
<msg time="2025-04-16T11:00:01.891248" level="INFO">${Setting} = Param√®tres</msg>
<var>${Setting}</var>
<arg>Param√®tres</arg>
<doc>Returns the given values which can then be assigned to a variables.</doc>
<status status="PASS" start="2025-04-16T11:00:01.891248" elapsed="0.000000"/>
</kw>
<kw name="Set Variable" owner="BuiltIn">
<msg time="2025-04-16T11:00:01.891248" level="INFO">${apps} = Applis</msg>
<var>${apps}</var>
<arg>Applis</arg>
<doc>Returns the given values which can then be assigned to a variables.</doc>
<status status="PASS" start="2025-04-16T11:00:01.891248" elapsed="0.000000"/>
</kw>
<kw name="Set Variable" owner="BuiltIn">
<msg time="2025-04-16T11:00:01.891248" level="INFO">${Consulter_allapps} = Voir les</msg>
<var>${Consulter_allapps}</var>
<arg>Voir les</arg>
<doc>Returns the given values which can then be assigned to a variables.</doc>
<status status="PASS" start="2025-04-16T11:00:01.891248" elapsed="0.000000"/>
</kw>
<kw name="Set Variable" owner="BuiltIn">
<msg time="2025-04-16T11:00:01.891248" level="INFO">${DesButton} = D√©sinstaller</msg>
<var>${DesButton}</var>
<arg>D√©sinstaller</arg>
<doc>Returns the given values which can then be assigned to a variables.</doc>
<status status="PASS" start="2025-04-16T11:00:01.891248" elapsed="0.000000"/>
</kw>
<kw name="Set Variable" owner="BuiltIn">
<msg time="2025-04-16T11:00:01.891248" level="INFO">${confirme} = OK</msg>
<var>${confirme}</var>
<arg>OK</arg>
<doc>Returns the given values which can then be assigned to a variables.</doc>
<status status="PASS" start="2025-04-16T11:00:01.891248" elapsed="0.000000"/>
</kw>
<status status="PASS" start="2025-04-16T11:00:01.890246" elapsed="0.001002"/>
</branch>
<branch type="ELSE">
<kw name="Set Variable" owner="BuiltIn">
<var>${System}</var>
<arg>System</arg>
<doc>Returns the given values which can then be assigned to a variables.</doc>
<status status="NOT RUN" start="2025-04-16T11:00:01.891248" elapsed="0.000000"/>
</kw>
<kw name="Set Variable" owner="BuiltIn">
<var>${Setting}</var>
<arg>Settings</arg>
<doc>Returns the given values which can then be assigned to a variables.</doc>
<status status="NOT RUN" start="2025-04-16T11:00:01.891248" elapsed="0.000000"/>
</kw>
<kw name="Set Variable" owner="BuiltIn">
<var>${apps}</var>
<arg>Applis</arg>
<doc>Returns the given values which can then be assigned to a variables.</doc>
<status status="NOT RUN" start="2025-04-16T11:00:01.891248" elapsed="0.000000"/>
</kw>
<kw name="Set Variable" owner="BuiltIn">
<var>${Consulter_allapps}</var>
<arg>Voir les</arg>
<doc>Returns the given values which can then be assigned to a variables.</doc>
<status status="NOT RUN" start="2025-04-16T11:00:01.891248" elapsed="0.000000"/>
</kw>
<kw name="Set Variable" owner="BuiltIn">
<var>${DesButton}</var>
<arg>D√©sinstaller</arg>
<doc>Returns the given values which can then be assigned to a variables.</doc>
<status status="NOT RUN" start="2025-04-16T11:00:01.892247" elapsed="0.000000"/>
</kw>
<kw name="Set Variable" owner="BuiltIn">
<var>${confirme}</var>
<arg>OK</arg>
<doc>Returns the given values which can then be assigned to a variables.</doc>
<status status="NOT RUN" start="2025-04-16T11:00:01.892247" elapsed="0.000000"/>
</kw>
<status status="NOT RUN" start="2025-04-16T11:00:01.891248" elapsed="0.000999"/>
</branch>
<status status="PASS" start="2025-04-16T11:00:01.890246" elapsed="0.002001"/>
</if>
<kw name="Open Application With Click" owner="Integration">
<msg time="2025-04-16T11:00:15.909105" level="INFO">üìå Liste des applications d√©tect√©es : ['Agenda', 'Appium Settings', 'ARD Audiothek', 'Audio Bluetooth', 'Crunchyroll', 'Google Assistant', 'Google\xa0Actualit√©s', 'Home Assistant', 'Local Media Player', 'Maps', 'Param√®tres', 'Play\xa0Store', 'Prime Video', 'SMS', 'Spotify']
üìå First Home Page d√©tect√©e : ['Agenda', 'Appium Settings', 'ARD Audiothek', 'Audio Bluetooth', 'Crunchyroll', 'Google Assistant', 'Google\xa0Actualit√©s', 'Home Assistant', 'Local Media Player', 'Maps', 'Param√®tres', 'Play\xa0Store', 'Prime Video', 'SMS', 'Spotify']

üìå Liste des applications d√©tect√©es : ['Agenda', 'Appium Settings', 'ARD Audiothek', 'Audio Bluetooth', 'Crunchyroll', 'Google Assistant', 'Google\xa0Actualit√©s', 'Home Assistant', 'Local Media Player', 'Maps', 'Param√®tres', 'Play\xa0Store', 'Prime Video', 'SMS', 'Spotify']
‚úÖ Retour √† la first home page !

üìå Liste des applications d√©tect√©es : ['Agenda', 'Appium Settings', 'ARD Audiothek', 'Audio Bluetooth', 'Crunchyroll', 'Google Assistant', 'Google\xa0Actualit√©s', 'Home Assistant', 'Local Media Player', 'Maps', 'Param√®tres', 'Play\xa0Store', 'Prime Video', 'SMS', 'Spotify']
125 619 269 657</msg>
<msg time="2025-04-16T11:00:15.909105" level="INFO">${resultat} = True</msg>
<var>${resultat}</var>
<arg>${driver}</arg>
<arg>${Setting}</arg>
<status status="PASS" start="2025-04-16T11:00:01.892247" elapsed="14.016858"/>
</kw>
<kw name="Sleep" owner="BuiltIn">
<msg time="2025-04-16T11:00:17.910881" level="INFO">Slept 2 seconds.</msg>
<arg>2s</arg>
<doc>Pauses the test executed for the given time.</doc>
<status status="PASS" start="2025-04-16T11:00:15.909105" elapsed="2.001776"/>
</kw>
<kw name="Check Element Exists By Id" owner="Integration">
<msg time="2025-04-16T11:00:17.973071" level="INFO">${Verfier} = True</msg>
<var>${Verfier}</var>
<arg>${driver}</arg>
<arg>${Setting_xpath_id}</arg>
<doc>V√©rifie si un √©l√©ment existe en utilisant son ID.</doc>
<status status="PASS" start="2025-04-16T11:00:17.910881" elapsed="0.063189"/>
</kw>
<kw name="Should Be True" owner="BuiltIn">
<arg>${Verfier}</arg>
<arg>Setting n'est pas affich√©.</arg>
<doc>Fails if the given condition is not true.</doc>
<status status="PASS" start="2025-04-16T11:00:17.974070" elapsed="0.000000"/>
</kw>
<kw name="Clique Sur Setting" owner="Integration">
<msg time="2025-04-16T11:00:19.028816" level="INFO">(0, 76, 550, 696)
‚úÖ 'Bluetooth' trouv√© sans swipe. Appui en cours...</msg>
<arg>${driver}</arg>
<arg>Bluetooth</arg>
<arg>${Setting_menu}</arg>
<status status="PASS" start="2025-04-16T11:00:17.974070" elapsed="1.054746"/>
</kw>
<kw name="Element Existe Par Accessibility Id" owner="Integration">
<msg time="2025-04-16T11:00:19.069815" level="INFO">${ble} = True</msg>
<var>${ble}</var>
<arg>${driver}</arg>
<arg>Bluetooth toggle switch</arg>
<status status="PASS" start="2025-04-16T11:00:19.029813" elapsed="0.040002"/>
</kw>
<kw name="Should Be True" owner="BuiltIn">
<arg>${ble}</arg>
<arg>Les param√®tres de Bluetooth ne s'affichent pas.</arg>
<doc>Fails if the given condition is not true.</doc>
<status status="PASS" start="2025-04-16T11:00:19.069815" elapsed="0.000000"/>
</kw>
<kw name="Activer Bluetooth Si Desactive" owner="Integration">
<msg time="2025-04-16T11:00:19.122812" level="INFO">‚úÖ Le Bluetooth est d√©j√† activ√©.</msg>
<arg>${driver}</arg>
<arg>android:id/switch_widget</arg>
<status status="PASS" start="2025-04-16T11:00:19.070815" elapsed="0.052998"/>
</kw>
<kw name="Sleep" owner="BuiltIn">
<msg time="2025-04-16T11:00:22.124002" level="INFO">Slept 3 seconds.</msg>
<arg>3s</arg>
<doc>Pauses the test executed for the given time.</doc>
<status status="PASS" start="2025-04-16T11:00:19.123813" elapsed="3.000189"/>
</kw>
<kw name="Verfier Bluetooth Activer" owner="Integration">
<msg time="2025-04-16T11:00:22.176619" level="INFO">${verifier_ble_ui} = True</msg>
<var>${verifier_ble_ui}</var>
<arg>${driver}</arg>
<arg>android:id/switch_widget</arg>
<status status="PASS" start="2025-04-16T11:00:22.124002" elapsed="0.052617"/>
</kw>
<kw name="Should Be True" owner="BuiltIn">
<arg>${verifier_ble_ui}</arg>
<arg>Le Bluetooth ne s'active pas (ui).</arg>
<doc>Fails if the given condition is not true.</doc>
<status status="PASS" start="2025-04-16T11:00:22.176619" elapsed="0.000000"/>
</kw>
<kw name="Est Bluetooth Active" owner="Integration">
<msg time="2025-04-16T11:00:22.220003" level="INFO">‚úÖ Bluetooth est activ√©.</msg>
<msg time="2025-04-16T11:00:22.220003" level="INFO">${verfier_ble_adb} = True</msg>
<var>${verfier_ble_adb}</var>
<arg>${Device}</arg>
<status status="PASS" start="2025-04-16T11:00:22.177618" elapsed="0.042385"/>
</kw>
<kw name="Should Be True" owner="BuiltIn">
<arg>${verfier_ble_adb}</arg>
<arg>Le Bluetooth ne s'active pas (via adb).</arg>
<doc>Fails if the given condition is not true.</doc>
<status status="PASS" start="2025-04-16T11:00:22.221001" elapsed="0.000000"/>
</kw>
<doc>Ce test v√©rifie si le Bluetooth peut √™tre activ√© sur l'appareil en acc√©dant aux param√®tres.  Il v√©rifie que l'√©l√©ment Bluetooth est bien pr√©sent, puis tente de activer Bluetooth et de v√©rifier son statut.</doc>
<status status="PASS" start="2025-04-16T11:00:01.824249" elapsed="20.396752"/>
</test>
<test id="s1-t2" name="Test Pairing Bluetooth" line="71">
<kw name="Get System Language" owner="Integration">
<msg time="2025-04-16T11:00:22.269002" level="INFO">${lang} = fr</msg>
<var>${lang}</var>
<arg>${Device}</arg>
<status status="PASS" start="2025-04-16T11:00:22.222003" elapsed="0.046999"/>
</kw>
<if>
<branch type="IF" condition="'${lang}' == 'fr'">
<kw name="Set Variable" owner="BuiltIn">
<msg time="2025-04-16T11:00:22.270002" level="INFO">${System} = Syst√®me</msg>
<var>${System}</var>
<arg>Syst√®me</arg>
<doc>Returns the given values which can then be assigned to a variables.</doc>
<status status="PASS" start="2025-04-16T11:00:22.270002" elapsed="0.000000"/>
</kw>
<kw name="Set Variable" owner="BuiltIn">
<msg time="2025-04-16T11:00:22.270002" level="INFO">${Setting} = Param√®tres</msg>
<var>${Setting}</var>
<arg>Param√®tres</arg>
<doc>Returns the given values which can then be assigned to a variables.</doc>
<status status="PASS" start="2025-04-16T11:00:22.270002" elapsed="0.000000"/>
</kw>
<kw name="Set Variable" owner="BuiltIn">
<msg time="2025-04-16T11:00:22.271001" level="INFO">${apps} = Applis</msg>
<var>${apps}</var>
<arg>Applis</arg>
<doc>Returns the given values which can then be assigned to a variables.</doc>
<status status="PASS" start="2025-04-16T11:00:22.270002" elapsed="0.000999"/>
</kw>
<kw name="Set Variable" owner="BuiltIn">
<msg time="2025-04-16T11:00:22.271001" level="INFO">${Consulter_allapps} = Voir les</msg>
<var>${Consulter_allapps}</var>
<arg>Voir les</arg>
<doc>Returns the given values which can then be assigned to a variables.</doc>
<status status="PASS" start="2025-04-16T11:00:22.271001" elapsed="0.000000"/>
</kw>
<kw name="Set Variable" owner="BuiltIn">
<msg time="2025-04-16T11:00:22.271001" level="INFO">${DesButton} = D√©sinstaller</msg>
<var>${DesButton}</var>
<arg>D√©sinstaller</arg>
<doc>Returns the given values which can then be assigned to a variables.</doc>
<status status="PASS" start="2025-04-16T11:00:22.271001" elapsed="0.000000"/>
</kw>
<kw name="Set Variable" owner="BuiltIn">
<msg time="2025-04-16T11:00:22.271001" level="INFO">${confirme} = OK</msg>
<var>${confirme}</var>
<arg>OK</arg>
<doc>Returns the given values which can then be assigned to a variables.</doc>
<status status="PASS" start="2025-04-16T11:00:22.271001" elapsed="0.000000"/>
</kw>
<kw name="Set Variable" owner="BuiltIn">
<msg time="2025-04-16T11:00:22.272002" level="INFO">${pairing} = Associer un nouvel appareil</msg>
<var>${pairing}</var>
<arg>Associer un nouvel appareil</arg>
<doc>Returns the given values which can then be assigned to a variables.</doc>
<status status="PASS" start="2025-04-16T11:00:22.272002" elapsed="0.000000"/>
</kw>
<kw name="Set Variable" owner="BuiltIn">
<msg time="2025-04-16T11:00:22.272002" level="INFO">${pairing_conf} = Associer</msg>
<var>${pairing_conf}</var>
<arg>Associer</arg>
<doc>Returns the given values which can then be assigned to a variables.</doc>
<status status="PASS" start="2025-04-16T11:00:22.272002" elapsed="0.000000"/>
</kw>
<kw name="Set Variable" owner="BuiltIn">
<msg time="2025-04-16T11:00:22.272002" level="INFO">${pairing_conf2} = Continuer</msg>
<var>${pairing_conf2}</var>
<arg>Continuer</arg>
<doc>Returns the given values which can then be assigned to a variables.</doc>
<status status="PASS" start="2025-04-16T11:00:22.272002" elapsed="0.000000"/>
</kw>
<status status="PASS" start="2025-04-16T11:00:22.269002" elapsed="0.003000"/>
</branch>
<branch type="ELSE">
<kw name="Set Variable" owner="BuiltIn">
<var>${System}</var>
<arg>System</arg>
<doc>Returns the given values which can then be assigned to a variables.</doc>
<status status="NOT RUN" start="2025-04-16T11:00:22.272002" elapsed="0.000000"/>
</kw>
<kw name="Set Variable" owner="BuiltIn">
<var>${Setting}</var>
<arg>Settings</arg>
<doc>Returns the given values which can then be assigned to a variables.</doc>
<status status="NOT RUN" start="2025-04-16T11:00:22.272002" elapsed="0.000000"/>
</kw>
<kw name="Set Variable" owner="BuiltIn">
<var>${apps}</var>
<arg>Applis</arg>
<doc>Returns the given values which can then be assigned to a variables.</doc>
<status status="NOT RUN" start="2025-04-16T11:00:22.273002" elapsed="0.000000"/>
</kw>
<kw name="Set Variable" owner="BuiltIn">
<var>${Consulter_allapps}</var>
<arg>Voir les</arg>
<doc>Returns the given values which can then be assigned to a variables.</doc>
<status status="NOT RUN" start="2025-04-16T11:00:22.273002" elapsed="0.000000"/>
</kw>
<kw name="Set Variable" owner="BuiltIn">
<var>${DesButton}</var>
<arg>D√©sinstaller</arg>
<doc>Returns the given values which can then be assigned to a variables.</doc>
<status status="NOT RUN" start="2025-04-16T11:00:22.273002" elapsed="0.000000"/>
</kw>
<kw name="Set Variable" owner="BuiltIn">
<var>${confirme}</var>
<arg>OK</arg>
<doc>Returns the given values which can then be assigned to a variables.</doc>
<status status="NOT RUN" start="2025-04-16T11:00:22.273002" elapsed="0.000000"/>
</kw>
<kw name="Set Variable" owner="BuiltIn">
<var>${pairing}</var>
<arg>Pair new device</arg>
<doc>Returns the given values which can then be assigned to a variables.</doc>
<status status="NOT RUN" start="2025-04-16T11:00:22.273002" elapsed="0.000000"/>
</kw>
<kw name="Set Variable" owner="BuiltIn">
<var>${pairing_conf}</var>
<arg>Pair</arg>
<doc>Returns the given values which can then be assigned to a variables.</doc>
<status status="NOT RUN" start="2025-04-16T11:00:22.273002" elapsed="0.000000"/>
</kw>
<kw name="Set Variable" owner="BuiltIn">
<var>${pairing_conf2}</var>
<arg>Continue</arg>
<doc>Returns the given values which can then be assigned to a variables.</doc>
<status status="NOT RUN" start="2025-04-16T11:00:22.273002" elapsed="0.000000"/>
</kw>
<status status="NOT RUN" start="2025-04-16T11:00:22.272002" elapsed="0.001000"/>
</branch>
<status status="PASS" start="2025-04-16T11:00:22.269002" elapsed="0.004000"/>
</if>
<kw name="Open Application With Click" owner="Integration">
<msg time="2025-04-16T11:00:34.990569" level="INFO">üìå Liste des applications d√©tect√©es : ['Agenda', 'Appium Settings', 'ARD Audiothek', 'Audio Bluetooth', 'Crunchyroll', 'Google Assistant', 'Google\xa0Actualit√©s', 'Home Assistant', 'Local Media Player', 'Maps', 'Param√®tres', 'Play\xa0Store', 'Prime Video', 'SMS', 'Spotify']
üìå First Home Page d√©tect√©e : ['Agenda', 'Appium Settings', 'ARD Audiothek', 'Audio Bluetooth', 'Crunchyroll', 'Google Assistant', 'Google\xa0Actualit√©s', 'Home Assistant', 'Local Media Player', 'Maps', 'Param√®tres', 'Play\xa0Store', 'Prime Video', 'SMS', 'Spotify']

üìå Liste des applications d√©tect√©es : ['Agenda', 'Appium Settings', 'ARD Audiothek', 'Audio Bluetooth', 'Crunchyroll', 'Google Assistant', 'Google\xa0Actualit√©s', 'Home Assistant', 'Local Media Player', 'Maps', 'Param√®tres', 'Play\xa0Store', 'Prime Video', 'SMS', 'Spotify']
‚úÖ Retour √† la first home page !

üìå Liste des applications d√©tect√©es : ['Agenda', 'Appium Settings', 'ARD Audiothek', 'Audio Bluetooth', 'Crunchyroll', 'Google Assistant', 'Google\xa0Actualit√©s', 'Home Assistant', 'Local Media Player', 'Maps', 'Param√®tres', 'Play\xa0Store', 'Prime Video', 'SMS', 'Spotify']
125 619 269 657</msg>
<msg time="2025-04-16T11:00:34.990569" level="INFO">${resultat} = True</msg>
<var>${resultat}</var>
<arg>${driver}</arg>
<arg>${Setting}</arg>
<status status="PASS" start="2025-04-16T11:00:22.273002" elapsed="12.717567"/>
</kw>
<kw name="Setup Driver Mobile" owner="script_mobile">
<msg time="2025-04-16T11:00:39.442301" level="INFO">${driver_mobile} = &lt;appium.webdriver.webdriver.WebDriver (session="0ed995ad-c4cf-4e03-8396-f5ec84664da6")&gt;</msg>
<var>${driver_mobile}</var>
<arg>${Device_mobile}</arg>
<doc>Initialise et retourne le driver Appium.</doc>
<status status="PASS" start="2025-04-16T11:00:34.990569" elapsed="4.451732"/>
</kw>
<kw name="Clique Sur Setting" owner="Integration">
<msg time="2025-04-16T11:00:40.475151" level="INFO">(0, 76, 550, 696)
‚úÖ 'Bluetooth' trouv√© sans swipe. Appui en cours...</msg>
<arg>${driver}</arg>
<arg>Bluetooth</arg>
<arg>${Setting_menu}</arg>
<status status="PASS" start="2025-04-16T11:00:39.443302" elapsed="1.031849"/>
</kw>
<kw name="Get Bluetooth Name" owner="script_mobile">
<msg time="2025-04-16T11:00:40.626223" level="INFO">${name_bluetooth_mobile} = sdk_gphone64_x86_64</msg>
<var>${name_bluetooth_mobile}</var>
<arg>${driver_mobile}</arg>
<doc>R√©cup√®re le nom de l'appareil Bluetooth via ADB.</doc>
<status status="PASS" start="2025-04-16T11:00:40.476150" elapsed="0.150073"/>
</kw>
<kw name="Log" owner="BuiltIn">
<msg time="2025-04-16T11:00:40.626223" level="INFO">sdk_gphone64_x86_64</msg>
<arg>${name_bluetooth_mobile}</arg>
<doc>Logs the given message with the given level.</doc>
<status status="PASS" start="2025-04-16T11:00:40.626223" elapsed="0.000000"/>
</kw>
<kw name="Press Key" owner="Integration">
<msg time="2025-04-16T11:00:40.707266" level="INFO">Keycode 176 press√©.</msg>
<arg>${driver_mobile}</arg>
<arg>176</arg>
<doc>Effectue un appui sur une touche sp√©cifique via son keycode.</doc>
<status status="PASS" start="2025-04-16T11:00:40.627223" elapsed="0.080043"/>
</kw>
<kw name="Wait Until Keyword Succeeds" owner="BuiltIn">
<kw name="Click Element By Text Att" owner="Integration">
<msg time="2025-04-16T11:00:50.967975" level="FAIL">TimeoutException: Message: 
Stacktrace:
NoSuchElementError: An element could not be located on the page using the given search parameters.
    at AndroidUiautomator2Driver.findElOrEls (C:\Users\bahae\.appium\node_modules\appium-uiautomator2-driver\node_modules\appium-android-driver\lib\commands\find.ts:86:11)
    at processTicksAndRejections (node:internal/process/task_queues:95:5)
    at AndroidUiautomator2Driver.findElOrElsWithProcessing (C:\Users\bahae\AppData\Roaming\npm\node_modules\appium\node_modules\@appium\base-driver\lib\basedriver\commands\find.ts:60:12)
    at AndroidUiautomator2Driver.findElement (C:\Users\bahae\AppData\Roaming\npm\node_modules\appium\node_modules\@appium\base-driver\lib\basedriver\commands\find.ts:75:12)</msg>
<arg>${driver_mobile}</arg>
<arg>Bluetooth, pairing</arg>
<status status="FAIL" start="2025-04-16T11:00:40.708265" elapsed="10.263698">TimeoutException: Message: 
Stacktrace:
NoSuchElementError: An element could not be located on the page using the given search parameters.
    at AndroidUiautomator2Driver.findElOrEls (C:\Users\bahae\.appium\node_modules\appium-uiautomator2-driver\node_modules\appium-android-driver\lib\commands\find.ts:86:11)
    at processTicksAndRejections (node:internal/process/task_queues:95:5)
    at AndroidUiautomator2Driver.findElOrElsWithProcessing (C:\Users\bahae\AppData\Roaming\npm\node_modules\appium\node_modules\@appium\base-driver\lib\basedriver\commands\find.ts:60:12)
    at AndroidUiautomator2Driver.findElement (C:\Users\bahae\AppData\Roaming\npm\node_modules\appium\node_modules\@appium\base-driver\lib\basedriver\commands\find.ts:75:12)</status>
</kw>
<kw name="Click Element By Text Att" owner="Integration">
<msg time="2025-04-16T11:01:03.506261" level="FAIL">TimeoutException: Message: 
Stacktrace:
NoSuchElementError: An element could not be located on the page using the given search parameters.
    at AndroidUiautomator2Driver.findElOrEls (C:\Users\bahae\.appium\node_modules\appium-uiautomator2-driver\node_modules\appium-android-driver\lib\commands\find.ts:86:11)
    at processTicksAndRejections (node:internal/process/task_queues:95:5)
    at AndroidUiautomator2Driver.findElOrElsWithProcessing (C:\Users\bahae\AppData\Roaming\npm\node_modules\appium\node_modules\@appium\base-driver\lib\basedriver\commands\find.ts:60:12)
    at AndroidUiautomator2Driver.findElement (C:\Users\bahae\AppData\Roaming\npm\node_modules\appium\node_modules\@appium\base-driver\lib\basedriver\commands\find.ts:75:12)</msg>
<arg>${driver_mobile}</arg>
<arg>Bluetooth, pairing</arg>
<status status="FAIL" start="2025-04-16T11:00:52.972303" elapsed="10.533958">TimeoutException: Message: 
Stacktrace:
NoSuchElementError: An element could not be located on the page using the given search parameters.
    at AndroidUiautomator2Driver.findElOrEls (C:\Users\bahae\.appium\node_modules\appium-uiautomator2-driver\node_modules\appium-android-driver\lib\commands\find.ts:86:11)
    at processTicksAndRejections (node:internal/process/task_queues:95:5)
    at AndroidUiautomator2Driver.findElOrElsWithProcessing (C:\Users\bahae\AppData\Roaming\npm\node_modules\appium\node_modules\@appium\base-driver\lib\basedriver\commands\find.ts:60:12)
    at AndroidUiautomator2Driver.findElement (C:\Users\bahae\AppData\Roaming\npm\node_modules\appium\node_modules\@appium\base-driver\lib\basedriver\commands\find.ts:75:12)</status>
</kw>
<kw name="Click Element By Text Att" owner="Integration">
<msg time="2025-04-16T11:01:15.674179" level="FAIL">TimeoutException: Message: 
Stacktrace:
NoSuchElementError: An element could not be located on the page using the given search parameters.
    at AndroidUiautomator2Driver.findElOrEls (C:\Users\bahae\.appium\node_modules\appium-uiautomator2-driver\node_modules\appium-android-driver\lib\commands\find.ts:86:11)
    at processTicksAndRejections (node:internal/process/task_queues:95:5)
    at AndroidUiautomator2Driver.findElOrElsWithProcessing (C:\Users\bahae\AppData\Roaming\npm\node_modules\appium\node_modules\@appium\base-driver\lib\basedriver\commands\find.ts:60:12)
    at AndroidUiautomator2Driver.findElement (C:\Users\bahae\AppData\Roaming\npm\node_modules\appium\node_modules\@appium\base-driver\lib\basedriver\commands\find.ts:75:12)</msg>
<arg>${driver_mobile}</arg>
<arg>Bluetooth, pairing</arg>
<status status="FAIL" start="2025-04-16T11:01:05.506941" elapsed="10.168237">TimeoutException: Message: 
Stacktrace:
NoSuchElementError: An element could not be located on the page using the given search parameters.
    at AndroidUiautomator2Driver.findElOrEls (C:\Users\bahae\.appium\node_modules\appium-uiautomator2-driver\node_modules\appium-android-driver\lib\commands\find.ts:86:11)
    at processTicksAndRejections (node:internal/process/task_queues:95:5)
    at AndroidUiautomator2Driver.findElOrElsWithProcessing (C:\Users\bahae\AppData\Roaming\npm\node_modules\appium\node_modules\@appium\base-driver\lib\basedriver\commands\find.ts:60:12)
    at AndroidUiautomator2Driver.findElement (C:\Users\bahae\AppData\Roaming\npm\node_modules\appium\node_modules\@appium\base-driver\lib\basedriver\commands\find.ts:75:12)</status>
</kw>
<msg time="2025-04-16T11:01:15.675178" level="FAIL">Keyword 'Click Element By Text Att' failed after retrying for 30 seconds. The last error was: TimeoutException: Message: 
Stacktrace:
NoSuchElementError: An element could not be located on the page using the given search parameters.
    at AndroidUiautomator2Driver.findElOrEls (C:\Users\bahae\.appium\node_modules\appium-uiautomator2-driver\node_modules\appium-android-driver\lib\commands\find.ts:86:11)
    at processTicksAndRejections (node:internal/process/task_queues:95:5)
    at AndroidUiautomator2Driver.findElOrElsWithProcessing (C:\Users\bahae\AppData\Roaming\npm\node_modules\appium\node_modules\@appium\base-driver\lib\basedriver\commands\find.ts:60:12)
    at AndroidUiautomator2Driver.findElement (C:\Users\bahae\AppData\Roaming\npm\node_modules\appium\node_modules\@appium\base-driver\lib\basedriver\commands\find.ts:75:12)</msg>
<arg>30s</arg>
<arg>2s</arg>
<arg>Click Element By Text Att</arg>
<arg>${driver_mobile}</arg>
<arg>Bluetooth, pairing</arg>
<doc>Runs the specified keyword and retries if it fails.</doc>
<status status="FAIL" start="2025-04-16T11:00:40.708265" elapsed="34.966913">Keyword 'Click Element By Text Att' failed after retrying for 30 seconds. The last error was: TimeoutException: Message: 
Stacktrace:
NoSuchElementError: An element could not be located on the page using the given search parameters.
    at AndroidUiautomator2Driver.findElOrEls (C:\Users\bahae\.appium\node_modules\appium-uiautomator2-driver\node_modules\appium-android-driver\lib\commands\find.ts:86:11)
    at processTicksAndRejections (node:internal/process/task_queues:95:5)
    at AndroidUiautomator2Driver.findElOrElsWithProcessing (C:\Users\bahae\AppData\Roaming\npm\node_modules\appium\node_modules\@appium\base-driver\lib\basedriver\commands\find.ts:60:12)
    at AndroidUiautomator2Driver.findElement (C:\Users\bahae\AppData\Roaming\npm\node_modules\appium\node_modules\@appium\base-driver\lib\basedriver\commands\find.ts:75:12)</status>
</kw>
<kw name="Wait Until Keyword Succeeds" owner="BuiltIn">
<arg>30s</arg>
<arg>2s</arg>
<arg>Click Element By Text Att</arg>
<arg>${driver}</arg>
<arg>${pairing}</arg>
<doc>Runs the specified keyword and retries if it fails.</doc>
<status status="NOT RUN" start="2025-04-16T11:01:15.676178" elapsed="0.000000"/>
</kw>
<kw name="Wait Until Keyword Succeeds" owner="BuiltIn">
<arg>30s</arg>
<arg>2s</arg>
<arg>Click Element By Text Att</arg>
<arg>${driver}</arg>
<arg>${name_bluetooth_mobile}</arg>
<doc>Runs the specified keyword and retries if it fails.</doc>
<status status="NOT RUN" start="2025-04-16T11:01:15.676178" elapsed="0.000000"/>
</kw>
<kw name="Wait Until Keyword Succeeds" owner="BuiltIn">
<arg>30s</arg>
<arg>2s</arg>
<arg>Click Element By Text Att</arg>
<arg>${driver_mobile}</arg>
<arg>Pair</arg>
<doc>Runs the specified keyword and retries if it fails.</doc>
<status status="NOT RUN" start="2025-04-16T11:01:15.676178" elapsed="0.000000"/>
</kw>
<kw name="Wait Until Keyword Succeeds" owner="BuiltIn">
<arg>30s</arg>
<arg>2s</arg>
<arg>Click Element By Text Att</arg>
<arg>${driver}</arg>
<arg>${pairing_conf}</arg>
<doc>Runs the specified keyword and retries if it fails.</doc>
<status status="NOT RUN" start="2025-04-16T11:01:15.676178" elapsed="0.000000"/>
</kw>
<kw name="Wait Until Keyword Succeeds" owner="BuiltIn">
<arg>30s</arg>
<arg>2s</arg>
<arg>Click Element By Text Att</arg>
<arg>${driver_mobile}</arg>
<arg>Allow</arg>
<doc>Runs the specified keyword and retries if it fails.</doc>
<status status="NOT RUN" start="2025-04-16T11:01:15.676178" elapsed="0.000000"/>
</kw>
<kw name="Wait Until Keyword Succeeds" owner="BuiltIn">
<arg>30s</arg>
<arg>2s</arg>
<arg>Click Element By Text Att</arg>
<arg>${driver}</arg>
<arg>${pairing_conf2}</arg>
<doc>Runs the specified keyword and retries if it fails.</doc>
<status status="NOT RUN" start="2025-04-16T11:01:15.676178" elapsed="0.000000"/>
</kw>
<kw name="Is Bluetooth Connected" owner="Integration">
<var>${verif_adb}</var>
<arg>${driver}</arg>
<arg>${name_bluetooth_mobile}</arg>
<doc>V√©rifie si un appareil Bluetooth sp√©cifique est connect√©.</doc>
<status status="NOT RUN" start="2025-04-16T11:01:15.676178" elapsed="0.000000"/>
</kw>
<kw name="Should Be True" owner="BuiltIn">
<arg>${verif_adb}</arg>
<arg>Le Bluetooth n'est pas connect√© (via ADB).</arg>
<doc>Fails if the given condition is not true.</doc>
<status status="NOT RUN" start="2025-04-16T11:01:15.676178" elapsed="0.000000"/>
</kw>
<status status="FAIL" start="2025-04-16T11:00:22.221001" elapsed="53.455177">Keyword 'Click Element By Text Att' failed after retrying for 30 seconds. The last error was: TimeoutException: Message: 
Stacktrace:
NoSuchElementError: An element could not be located on the page using the given search parameters.
    at AndroidUiautomator2Driver.findElOrEls (C:\Users\bahae\.appium\node_modules\appium-uiautomator2-driver\node_modules\appium-android-driver\lib\commands\find.ts:86:11)
    at processTicksAndRejections (node:internal/process/task_queues:95:5)
    at AndroidUiautomator2Driver.findElOrElsWithProcessing (C:\Users\bahae\AppData\Roaming\npm\node_modules\appium\node_modules\@appium\base-driver\lib\basedriver\commands\find.ts:60:12)
    at AndroidUiautomator2Driver.findElement (C:\Users\bahae\AppData\Roaming\npm\node_modules\appium\node_modules\@appium\base-driver\lib\basedriver\commands\find.ts:75:12)</status>
</test>
<test id="s1-t3" name="Test Fermer Bluetooth" line="127">
<kw name="Get System Language" owner="Integration">
<msg time="2025-04-16T11:01:15.716785" level="INFO">${lang} = fr</msg>
<var>${lang}</var>
<arg>${Device}</arg>
<status status="PASS" start="2025-04-16T11:01:15.677179" elapsed="0.039606"/>
</kw>
<if>
<branch type="IF" condition="'${lang}' == 'fr'">
<kw name="Set Variable" owner="BuiltIn">
<msg time="2025-04-16T11:01:15.717788" level="INFO">${System} = Syst√®me</msg>
<var>${System}</var>
<arg>Syst√®me</arg>
<doc>Returns the given values which can then be assigned to a variables.</doc>
<status status="PASS" start="2025-04-16T11:01:15.716785" elapsed="0.001003"/>
</kw>
<kw name="Set Variable" owner="BuiltIn">
<msg time="2025-04-16T11:01:15.717788" level="INFO">${Setting} = Param√®tres</msg>
<var>${Setting}</var>
<arg>Param√®tres</arg>
<doc>Returns the given values which can then be assigned to a variables.</doc>
<status status="PASS" start="2025-04-16T11:01:15.717788" elapsed="0.000000"/>
</kw>
<kw name="Set Variable" owner="BuiltIn">
<msg time="2025-04-16T11:01:15.718305" level="INFO">${apps} = Applis</msg>
<var>${apps}</var>
<arg>Applis</arg>
<doc>Returns the given values which can then be assigned to a variables.</doc>
<status status="PASS" start="2025-04-16T11:01:15.717788" elapsed="0.000517"/>
</kw>
<kw name="Set Variable" owner="BuiltIn">
<msg time="2025-04-16T11:01:15.718305" level="INFO">${Consulter_allapps} = Voir les</msg>
<var>${Consulter_allapps}</var>
<arg>Voir les</arg>
<doc>Returns the given values which can then be assigned to a variables.</doc>
<status status="PASS" start="2025-04-16T11:01:15.718305" elapsed="0.000000"/>
</kw>
<kw name="Set Variable" owner="BuiltIn">
<msg time="2025-04-16T11:01:15.718305" level="INFO">${DesButton} = D√©sinstaller</msg>
<var>${DesButton}</var>
<arg>D√©sinstaller</arg>
<doc>Returns the given values which can then be assigned to a variables.</doc>
<status status="PASS" start="2025-04-16T11:01:15.718305" elapsed="0.000000"/>
</kw>
<kw name="Set Variable" owner="BuiltIn">
<msg time="2025-04-16T11:01:15.718305" level="INFO">${confirme} = OK</msg>
<var>${confirme}</var>
<arg>OK</arg>
<doc>Returns the given values which can then be assigned to a variables.</doc>
<status status="PASS" start="2025-04-16T11:01:15.718305" elapsed="0.000000"/>
</kw>
<status status="PASS" start="2025-04-16T11:01:15.716785" elapsed="0.001520"/>
</branch>
<branch type="ELSE">
<kw name="Set Variable" owner="BuiltIn">
<var>${System}</var>
<arg>System</arg>
<doc>Returns the given values which can then be assigned to a variables.</doc>
<status status="NOT RUN" start="2025-04-16T11:01:15.718305" elapsed="0.000000"/>
</kw>
<kw name="Set Variable" owner="BuiltIn">
<var>${Setting}</var>
<arg>Settings</arg>
<doc>Returns the given values which can then be assigned to a variables.</doc>
<status status="NOT RUN" start="2025-04-16T11:01:15.718305" elapsed="0.000000"/>
</kw>
<kw name="Set Variable" owner="BuiltIn">
<var>${apps}</var>
<arg>Applis</arg>
<doc>Returns the given values which can then be assigned to a variables.</doc>
<status status="NOT RUN" start="2025-04-16T11:01:15.719304" elapsed="0.000000"/>
</kw>
<kw name="Set Variable" owner="BuiltIn">
<var>${Consulter_allapps}</var>
<arg>Voir les</arg>
<doc>Returns the given values which can then be assigned to a variables.</doc>
<status status="NOT RUN" start="2025-04-16T11:01:15.719304" elapsed="0.000000"/>
</kw>
<kw name="Set Variable" owner="BuiltIn">
<var>${DesButton}</var>
<arg>D√©sinstaller</arg>
<doc>Returns the given values which can then be assigned to a variables.</doc>
<status status="NOT RUN" start="2025-04-16T11:01:15.719304" elapsed="0.000000"/>
</kw>
<kw name="Set Variable" owner="BuiltIn">
<var>${confirme}</var>
<arg>OK</arg>
<doc>Returns the given values which can then be assigned to a variables.</doc>
<status status="NOT RUN" start="2025-04-16T11:01:15.719304" elapsed="0.000000"/>
</kw>
<status status="NOT RUN" start="2025-04-16T11:01:15.718305" elapsed="0.000999"/>
</branch>
<status status="PASS" start="2025-04-16T11:01:15.716785" elapsed="0.002519"/>
</if>
<kw name="Open Application With Click" owner="Integration">
<msg time="2025-04-16T11:01:29.841010" level="INFO">üìå Liste des applications d√©tect√©es : ['Agenda', 'Appium Settings', 'ARD Audiothek', 'Audio Bluetooth', 'Crunchyroll', 'Google Assistant', 'Google\xa0Actualit√©s', 'Home Assistant', 'Local Media Player', 'Maps', 'Param√®tres', 'Play\xa0Store', 'Prime Video', 'SMS', 'Spotify']
üìå First Home Page d√©tect√©e : ['Agenda', 'Appium Settings', 'ARD Audiothek', 'Audio Bluetooth', 'Crunchyroll', 'Google Assistant', 'Google\xa0Actualit√©s', 'Home Assistant', 'Local Media Player', 'Maps', 'Param√®tres', 'Play\xa0Store', 'Prime Video', 'SMS', 'Spotify']

üìå Liste des applications d√©tect√©es : ['Agenda', 'Appium Settings', 'ARD Audiothek', 'Audio Bluetooth', 'Crunchyroll', 'Google Assistant', 'Google\xa0Actualit√©s', 'Home Assistant', 'Local Media Player', 'Maps', 'Param√®tres', 'Play\xa0Store', 'Prime Video', 'SMS', 'Spotify']
‚úÖ Retour √† la first home page !

üìå Liste des applications d√©tect√©es : ['Agenda', 'Appium Settings', 'ARD Audiothek', 'Audio Bluetooth', 'Crunchyroll', 'Google Assistant', 'Google\xa0Actualit√©s', 'Home Assistant', 'Local Media Player', 'Maps', 'Param√®tres', 'Play\xa0Store', 'Prime Video', 'SMS', 'Spotify']
125 619 269 657</msg>
<msg time="2025-04-16T11:01:29.841010" level="INFO">${resultat} = True</msg>
<var>${resultat}</var>
<arg>${driver}</arg>
<arg>${Setting}</arg>
<status status="PASS" start="2025-04-16T11:01:15.719304" elapsed="14.121706"/>
</kw>
<kw name="Sleep" owner="BuiltIn">
<msg time="2025-04-16T11:01:31.842039" level="INFO">Slept 2 seconds.</msg>
<arg>2s</arg>
<doc>Pauses the test executed for the given time.</doc>
<status status="PASS" start="2025-04-16T11:01:29.841010" elapsed="2.001029"/>
</kw>
<kw name="Check Element Exists By Id" owner="Integration">
<msg time="2025-04-16T11:01:31.878429" level="INFO">${Verfier} = True</msg>
<var>${Verfier}</var>
<arg>${driver}</arg>
<arg>${Setting_xpath_id}</arg>
<doc>V√©rifie si un √©l√©ment existe en utilisant son ID.</doc>
<status status="PASS" start="2025-04-16T11:01:31.842039" elapsed="0.036390"/>
</kw>
<kw name="Should Be True" owner="BuiltIn">
<arg>${Verfier}</arg>
<arg>Setting n'est pas affich√©.</arg>
<doc>Fails if the given condition is not true.</doc>
<status status="PASS" start="2025-04-16T11:01:31.879425" elapsed="0.000000"/>
</kw>
<kw name="Clique Sur Setting" owner="Integration">
<msg time="2025-04-16T11:01:33.142241" level="INFO">(0, 76, 550, 696)
‚úÖ 'Bluetooth' trouv√© sans swipe. Appui en cours...</msg>
<arg>${driver}</arg>
<arg>Bluetooth</arg>
<arg>${Setting_menu}</arg>
<status status="PASS" start="2025-04-16T11:01:31.879425" elapsed="1.262816"/>
</kw>
<kw name="Element Existe Par Accessibility Id" owner="Integration">
<msg time="2025-04-16T11:01:33.172149" level="INFO">${ble} = True</msg>
<var>${ble}</var>
<arg>${driver}</arg>
<arg>Bluetooth toggle switch</arg>
<status status="PASS" start="2025-04-16T11:01:33.142241" elapsed="0.029908"/>
</kw>
<kw name="Should Be True" owner="BuiltIn">
<arg>${ble}</arg>
<arg>Les param√®tres de Bluetooth ne s'affichent pas.</arg>
<doc>Fails if the given condition is not true.</doc>
<status status="PASS" start="2025-04-16T11:01:33.172149" elapsed="0.000000"/>
</kw>
<kw name="Desactive Bluetooth Si Activer" owner="Integration">
<msg time="2025-04-16T11:01:34.230907" level="INFO">‚úÖ Le Bluetooth est d√©sactiv√©.</msg>
<arg>${driver}</arg>
<arg>android:id/switch_widget</arg>
<status status="PASS" start="2025-04-16T11:01:33.173148" elapsed="1.057759"/>
</kw>
<kw name="Sleep" owner="BuiltIn">
<msg time="2025-04-16T11:01:37.231216" level="INFO">Slept 3 seconds.</msg>
<arg>3s</arg>
<doc>Pauses the test executed for the given time.</doc>
<status status="PASS" start="2025-04-16T11:01:34.230907" elapsed="3.000309"/>
</kw>
<kw name="Verfier Bluetooth Activer" owner="Integration">
<msg time="2025-04-16T11:01:37.277572" level="INFO">${verifier_ble_ui} = False</msg>
<var>${verifier_ble_ui}</var>
<arg>${driver}</arg>
<arg>android:id/switch_widget</arg>
<status status="PASS" start="2025-04-16T11:01:37.231216" elapsed="0.046356"/>
</kw>
<kw name="Should Not Be True" owner="BuiltIn">
<arg>${verifier_ble_ui}</arg>
<arg>Le Bluetooth ne desactive pas (ui).</arg>
<doc>Fails if the given condition is true.</doc>
<status status="PASS" start="2025-04-16T11:01:37.278574" elapsed="0.000000"/>
</kw>
<kw name="Est Bluetooth Active" owner="Integration">
<msg time="2025-04-16T11:01:37.319968" level="INFO">‚ùå Bluetooth est d√©sactiv√©.</msg>
<msg time="2025-04-16T11:01:37.319968" level="INFO">${verfier_ble_adb} = False</msg>
<var>${verfier_ble_adb}</var>
<arg>${Device}</arg>
<status status="PASS" start="2025-04-16T11:01:37.278574" elapsed="0.041394"/>
</kw>
<kw name="Should Not Be True" owner="BuiltIn">
<arg>${verfier_ble_adb}</arg>
<arg>Le Bluetooth ne desactive pas (via adb).</arg>
<doc>Fails if the given condition is true.</doc>
<status status="PASS" start="2025-04-16T11:01:37.319968" elapsed="0.000000"/>
</kw>
<kw name="Close Driver" owner="Integration">
<arg>${driver}</arg>
<doc>Ferme proprement le driver Appium.</doc>
<status status="PASS" start="2025-04-16T11:01:37.319968" elapsed="0.164951"/>
</kw>
<doc>Ce test v√©rifie si le Bluetooth peut √™tre d√©sactiv√© sur l'appareil en acc√©dant aux param√®tres.  Il v√©rifie que l'√©l√©ment Bluetooth est bien pr√©sent, puis tente de d√©sactiver Bluetooth et de v√©rifier son statut.</doc>
<status status="PASS" start="2025-04-16T11:01:15.677179" elapsed="21.807740"/>
</test>
<kw name="Fermer Driver" type="TEARDOWN">
<kw name="Run Keyword If" owner="BuiltIn">
<kw name="Close Driver" owner="Integration">
<msg time="2025-04-16T11:01:37.490922" level="FAIL">InvalidSessionIdException: Message: A session is either terminated or not started
Stacktrace:
NoSuchDriverError: A session is either terminated or not started
    at asyncHandler (C:\Users\bahae\AppData\Roaming\npm\node_modules\appium\node_modules\@appium\base-driver\lib\protocol\protocol.js:309:15)
    at C:\Users\bahae\AppData\Roaming\npm\node_modules\appium\node_modules\@appium\base-driver\lib\protocol\protocol.js:512:15
    at Layer.handle [as handle_request] (C:\Users\bahae\AppData\Roaming\npm\node_modules\appium\node_modules\express\lib\router\layer.js:95:5)
    at next (C:\Users\bahae\AppData\Roaming\npm\node_modules\appium\node_modules\express\lib\router\route.js:149:13)
    at Route.dispatch (C:\Users\bahae\AppData\Roaming\npm\node_modules\appium\node_modules\express\lib\router\route.js:119:3)
    at Layer.handle [as handle_request] (C:\Users\bahae\AppData\Roaming\npm\node_modules\appium\node_modules\express\lib\router\layer.js:95:5)
    at C:\Users\bahae\AppData\Roaming\npm\node_modules\appium\node_modules\express\lib\router\index.js:284:15
    at param (C:\Users\bahae\AppData\Roaming\npm\node_modules\appium\node_modules\express\lib\router\index.js:365:14)
    at param (C:\Users\bahae\AppData\Roaming\npm\node_modules\appium\node_modules\express\lib\router\index.js:376:14)
    at Function.process_params (C:\Users\bahae\AppData\Roaming\npm\node_modules\appium\node_modules\express\lib\router\index.js:421:3)
    at next (C:\Users\bahae\AppData\Roaming\npm\node_modules\appium\node_modules\express\lib\router\index.js:280:10)
    at logger (C:\Users\bahae\AppData\Roaming\npm\node_modules\appium\node_modules\morgan\index.js:144:5)
    at Layer.handle [as handle_request] (C:\Users\bahae\AppData\Roaming\npm\node_modules\appium\node_modules\express\lib\router\layer.js:95:5)
    at trim_prefix (C:\Users\bahae\AppData\Roaming\npm\node_modules\appium\node_modules\express\lib\router\index.js:328:13)
    at C:\Users\bahae\AppData\Roaming\npm\node_modules\appium\node_modules\express\lib\router\index.js:286:9
    at Function.process_params (C:\Users\bahae\AppData\Roaming\npm\node_modules\appium\node_modules\express\lib\router\index.js:346:12)
    at next (C:\Users\bahae\AppData\Roaming\npm\node_modules\appium\node_modules\express\lib\router\index.js:280:10)
    at jsonParser (C:\Users\bahae\AppData\Roaming\npm\node_modules\appium\node_modules\body-parser\lib\types\json.js:113:7)
    at Layer.handle [as handle_request] (C:\Users\bahae\AppData\Roaming\npm\node_modules\appium\node_modules\express\lib\router\layer.js:95:5)
    at trim_prefix (C:\Users\bahae\AppData\Roaming\npm\node_modules\appium\node_modules\express\lib\router\index.js:328:13)
    at C:\Users\bahae\AppData\Roaming\npm\node_modules\appium\node_modules\express\lib\router\index.js:286:9
    at Function.process_params (C:\Users\bahae\AppData\Roaming\npm\node_modules\appium\node_modules\express\lib\router\index.js:346:12)</msg>
<arg>${driver}</arg>
<doc>Ferme proprement le driver Appium.</doc>
<status status="FAIL" start="2025-04-16T11:01:37.485918" elapsed="0.006002">InvalidSessionIdException: Message: A session is either terminated or not started
Stacktrace:
NoSuchDriverError: A session is either terminated or not started
    at asyncHandler (C:\Users\bahae\AppData\Roaming\npm\node_modules\appium\node_modules\@appium\base-driver\lib\protocol\protocol.js:309:15)
    at C:\Users\bahae\AppData\Roaming\npm\node_modules\appium\node_modules\@appium\base-driver\lib\protocol\protocol.js:512:15
    at Layer.handle [as handle_request] (C:\Users\bahae\AppData\Roaming\npm\node_modules\appium\node_modules\express\lib\router\layer.js:95:5)
    at next (C:\Users\bahae\AppData\Roaming\npm\node_modules\appium\node_modules\express\lib\router\route.js:149:13)
    at Route.dispatch (C:\Users\bahae\AppData\Roaming\npm\node_modules\appium\node_modules\express\lib\router\route.js:119:3)
    at Layer.handle [as handle_request] (C:\Users\bahae\AppData\Roaming\npm\node_modules\appium\node_modules\express\lib\router\layer.js:95:5)
    at C:\Users\bahae\AppData\Roaming\npm\node_modules\appium\node_modules\express\lib\router\index.js:284:15
    at param (C:\Users\bahae\AppData\Roaming\npm\node_modules\appium\node_modules\express\lib\router\index.js:365:14)
    [ Message content over the limit has been removed. ]
    at Layer.handle [as handle_request] (C:\Users\bahae\AppData\Roaming\npm\node_modules\appium\node_modules\express\lib\router\layer.js:95:5)
    at trim_prefix (C:\Users\bahae\AppData\Roaming\npm\node_modules\appium\node_modules\express\lib\router\index.js:328:13)
    at C:\Users\bahae\AppData\Roaming\npm\node_modules\appium\node_modules\express\lib\router\index.js:286:9
    at Function.process_params (C:\Users\bahae\AppData\Roaming\npm\node_modules\appium\node_modules\express\lib\router\index.js:346:12)
    at next (C:\Users\bahae\AppData\Roaming\npm\node_modules\appium\node_modules\express\lib\router\index.js:280:10)
    at jsonParser (C:\Users\bahae\AppData\Roaming\npm\node_modules\appium\node_modules\body-parser\lib\types\json.js:113:7)
    at Layer.handle [as handle_request] (C:\Users\bahae\AppData\Roaming\npm\node_modules\appium\node_modules\express\lib\router\layer.js:95:5)
    at trim_prefix (C:\Users\bahae\AppData\Roaming\npm\node_modules\appium\node_modules\express\lib\router\index.js:328:13)
    at C:\Users\bahae\AppData\Roaming\npm\node_modules\appium\node_modules\express\lib\router\index.js:286:9
    at Function.process_params (C:\Users\bahae\AppData\Roaming\npm\node_modules\appium\node_modules\express\lib\router\index.js:346:12)</status>
</kw>
<arg>'${driver}' != 'None'</arg>
<arg>Close Driver</arg>
<arg>${driver}</arg>
<doc>Runs the given keyword with the given arguments, if ``condition`` is true.</doc>
<status status="FAIL" start="2025-04-16T11:01:37.485918" elapsed="0.006002">InvalidSessionIdException: Message: A session is either terminated or not started
Stacktrace:
NoSuchDriverError: A session is either terminated or not started
    at asyncHandler (C:\Users\bahae\AppData\Roaming\npm\node_modules\appium\node_modules\@appium\base-driver\lib\protocol\protocol.js:309:15)
    at C:\Users\bahae\AppData\Roaming\npm\node_modules\appium\node_modules\@appium\base-driver\lib\protocol\protocol.js:512:15
    at Layer.handle [as handle_request] (C:\Users\bahae\AppData\Roaming\npm\node_modules\appium\node_modules\express\lib\router\layer.js:95:5)
    at next (C:\Users\bahae\AppData\Roaming\npm\node_modules\appium\node_modules\express\lib\router\route.js:149:13)
    at Route.dispatch (C:\Users\bahae\AppData\Roaming\npm\node_modules\appium\node_modules\express\lib\router\route.js:119:3)
    at Layer.handle [as handle_request] (C:\Users\bahae\AppData\Roaming\npm\node_modules\appium\node_modules\express\lib\router\layer.js:95:5)
    at C:\Users\bahae\AppData\Roaming\npm\node_modules\appium\node_modules\express\lib\router\index.js:284:15
    at param (C:\Users\bahae\AppData\Roaming\npm\node_modules\appium\node_modules\express\lib\router\index.js:365:14)
    [ Message content over the limit has been removed. ]
    at Layer.handle [as handle_request] (C:\Users\bahae\AppData\Roaming\npm\node_modules\appium\node_modules\express\lib\router\layer.js:95:5)
    at trim_prefix (C:\Users\bahae\AppData\Roaming\npm\node_modules\appium\node_modules\express\lib\router\index.js:328:13)
    at C:\Users\bahae\AppData\Roaming\npm\node_modules\appium\node_modules\express\lib\router\index.js:286:9
    at Function.process_params (C:\Users\bahae\AppData\Roaming\npm\node_modules\appium\node_modules\express\lib\router\index.js:346:12)
    at next (C:\Users\bahae\AppData\Roaming\npm\node_modules\appium\node_modules\express\lib\router\index.js:280:10)
    at jsonParser (C:\Users\bahae\AppData\Roaming\npm\node_modules\appium\node_modules\body-parser\lib\types\json.js:113:7)
    at Layer.handle [as handle_request] (C:\Users\bahae\AppData\Roaming\npm\node_modules\appium\node_modules\express\lib\router\layer.js:95:5)
    at trim_prefix (C:\Users\bahae\AppData\Roaming\npm\node_modules\appium\node_modules\express\lib\router\index.js:328:13)
    at C:\Users\bahae\AppData\Roaming\npm\node_modules\appium\node_modules\express\lib\router\index.js:286:9
    at Function.process_params (C:\Users\bahae\AppData\Roaming\npm\node_modules\appium\node_modules\express\lib\router\index.js:346:12)</status>
</kw>
<kw name="Run Keyword If" owner="BuiltIn">
<arg>'${driver_mobile}' != 'None'</arg>
<arg>Close Driver</arg>
<arg>${driver_mobile}</arg>
<doc>Runs the given keyword with the given arguments, if ``condition`` is true.</doc>
<status status="PASS" start="2025-04-16T11:01:37.492918" elapsed="0.000000"/>
</kw>
<status status="FAIL" start="2025-04-16T11:01:37.485918" elapsed="0.007000">InvalidSessionIdException: Message: A session is either terminated or not started
Stacktrace:
NoSuchDriverError: A session is either terminated or not started
    at asyncHandler (C:\Users\bahae\AppData\Roaming\npm\node_modules\appium\node_modules\@appium\base-driver\lib\protocol\protocol.js:309:15)
    at C:\Users\bahae\AppData\Roaming\npm\node_modules\appium\node_modules\@appium\base-driver\lib\protocol\protocol.js:512:15
    at Layer.handle [as handle_request] (C:\Users\bahae\AppData\Roaming\npm\node_modules\appium\node_modules\express\lib\router\layer.js:95:5)
    at next (C:\Users\bahae\AppData\Roaming\npm\node_modules\appium\node_modules\express\lib\router\route.js:149:13)
    at Route.dispatch (C:\Users\bahae\AppData\Roaming\npm\node_modules\appium\node_modules\express\lib\router\route.js:119:3)
    at Layer.handle [as handle_request] (C:\Users\bahae\AppData\Roaming\npm\node_modules\appium\node_modules\express\lib\router\layer.js:95:5)
    at C:\Users\bahae\AppData\Roaming\npm\node_modules\appium\node_modules\express\lib\router\index.js:284:15
    at param (C:\Users\bahae\AppData\Roaming\npm\node_modules\appium\node_modules\express\lib\router\index.js:365:14)
    [ Message content over the limit has been removed. ]
    at Layer.handle [as handle_request] (C:\Users\bahae\AppData\Roaming\npm\node_modules\appium\node_modules\express\lib\router\layer.js:95:5)
    at trim_prefix (C:\Users\bahae\AppData\Roaming\npm\node_modules\appium\node_modules\express\lib\router\index.js:328:13)
    at C:\Users\bahae\AppData\Roaming\npm\node_modules\appium\node_modules\express\lib\router\index.js:286:9
    at Function.process_params (C:\Users\bahae\AppData\Roaming\npm\node_modules\appium\node_modules\express\lib\router\index.js:346:12)
    at next (C:\Users\bahae\AppData\Roaming\npm\node_modules\appium\node_modules\express\lib\router\index.js:280:10)
    at jsonParser (C:\Users\bahae\AppData\Roaming\npm\node_modules\appium\node_modules\body-parser\lib\types\json.js:113:7)
    at Layer.handle [as handle_request] (C:\Users\bahae\AppData\Roaming\npm\node_modules\appium\node_modules\express\lib\router\layer.js:95:5)
    at trim_prefix (C:\Users\bahae\AppData\Roaming\npm\node_modules\appium\node_modules\express\lib\router\index.js:328:13)
    at C:\Users\bahae\AppData\Roaming\npm\node_modules\appium\node_modules\express\lib\router\index.js:286:9
    at Function.process_params (C:\Users\bahae\AppData\Roaming\npm\node_modules\appium\node_modules\express\lib\router\index.js:346:12)</status>
</kw>
<doc>Ce fichier contient des tests d'activation et de d√©sactivation du Bluetooth sur un appareil Android. Les tests v√©rifient que les param√®tres Bluetooth sont accessibles et que les actions d'activation/d√©sactivation fonctionnent correctement. Les tests prennent en charge les interfaces en fran√ßais et en anglais.</doc>
<status status="FAIL" start="2025-04-16T10:59:56.880827" elapsed="100.612091">Suite teardown failed:
InvalidSessionIdException: Message: A session is either terminated or not started
Stacktrace:
NoSuchDriverError: A session is either terminated or not started
    at asyncHandler (C:\Users\bahae\AppData\Roaming\npm\node_modules\appium\node_modules\@appium\base-driver\lib\protocol\protocol.js:309:15)
    at C:\Users\bahae\AppData\Roaming\npm\node_modules\appium\node_modules\@appium\base-driver\lib\protocol\protocol.js:512:15
    at Layer.handle [as handle_request] (C:\Users\bahae\AppData\Roaming\npm\node_modules\appium\node_modules\express\lib\router\layer.js:95:5)
    at next (C:\Users\bahae\AppData\Roaming\npm\node_modules\appium\node_modules\express\lib\router\route.js:149:13)
    at Route.dispatch (C:\Users\bahae\AppData\Roaming\npm\node_modules\appium\node_modules\express\lib\router\route.js:119:3)
    at Layer.handle [as handle_request] (C:\Users\bahae\AppData\Roaming\npm\node_modules\appium\node_modules\express\lib\router\layer.js:95:5)
    at C:\Users\bahae\AppData\Roaming\npm\node_modules\appium\node_modules\express\lib\router\index.js:284:15
    at param (C:\Users\bahae\AppData\Roaming\npm\node_modules\appium\node_modules\express\lib\router\index.js:365:14)
    [ Message content over the limit has been removed. ]
    at Layer.handle [as handle_request] (C:\Users\bahae\AppData\Roaming\npm\node_modules\appium\node_modules\express\lib\router\layer.js:95:5)
    at trim_prefix (C:\Users\bahae\AppData\Roaming\npm\node_modules\appium\node_modules\express\lib\router\index.js:328:13)
    at C:\Users\bahae\AppData\Roaming\npm\node_modules\appium\node_modules\express\lib\router\index.js:286:9
    at Function.process_params (C:\Users\bahae\AppData\Roaming\npm\node_modules\appium\node_modules\express\lib\router\index.js:346:12)
    at next (C:\Users\bahae\AppData\Roaming\npm\node_modules\appium\node_modules\express\lib\router\index.js:280:10)
    at jsonParser (C:\Users\bahae\AppData\Roaming\npm\node_modules\appium\node_modules\body-parser\lib\types\json.js:113:7)
    at Layer.handle [as handle_request] (C:\Users\bahae\AppData\Roaming\npm\node_modules\appium\node_modules\express\lib\router\layer.js:95:5)
    at trim_prefix (C:\Users\bahae\AppData\Roaming\npm\node_modules\appium\node_modules\express\lib\router\index.js:328:13)
    at C:\Users\bahae\AppData\Roaming\npm\node_modules\appium\node_modules\express\lib\router\index.js:286:9
    at Function.process_params (C:\Users\bahae\AppData\Roaming\npm\node_modules\appium\node_modules\express\lib\router\index.js:346:12)</status>
</suite>
<statistics>
<total>
<stat pass="0" fail="3" skip="0">All Tests</stat>
</total>
<tag>
</tag>
<suite>
<stat name="FonctionnaliteBluetooth" id="s1" pass="0" fail="3" skip="0">FonctionnaliteBluetooth</stat>
</suite>
</statistics>
<errors>
</errors>
</robot>
