<?xml version="1.0" encoding="UTF-8"?>
<robot generator="Robot 7.2.2 (Python 3.12.5 on win32)" generated="2025-05-12T14:25:54.929119" rpa="false" schemaversion="5">
<suite id="s1" name="InstallationApplications" source="C:\Users\bahae\Documents\PfeProject\test_cases\InstallationApplications.robot">
<kw name="Démarrer Driver" type="SETUP">
<kw name="Setup Driver" owner="Integration">
<msg time="2025-05-12T14:26:29.991251" level="FAIL">WebDriverException: Message: An unknown server-side error occurred while processing the command. Original error: Appium Settings app is not running after 30000ms
Stacktrace:
UnknownError: An unknown server-side error occurred while processing the command. Original error: Appium Settings app is not running after 30000ms
    at getResponseForW3CError (C:\Users\bahae\AppData\Roaming\npm\node_modules\appium\node_modules\@appium\base-driver\lib\protocol\errors.js:1143:9)
    at asyncHandler (C:\Users\bahae\AppData\Roaming\npm\node_modules\appium\node_modules\@appium\base-driver\lib\protocol\protocol.js:485:57)</msg>
<var>${driver}</var>
<arg>${Device}</arg>
<doc>Initialise et retourne le driver Appium.</doc>
<status status="FAIL" start="2025-05-12T14:25:57.995231" elapsed="32.000033">WebDriverException: Message: An unknown server-side error occurred while processing the command. Original error: Appium Settings app is not running after 30000ms
Stacktrace:
UnknownError: An unknown server-side error occurred while processing the command. Original error: Appium Settings app is not running after 30000ms
    at getResponseForW3CError (C:\Users\bahae\AppData\Roaming\npm\node_modules\appium\node_modules\@appium\base-driver\lib\protocol\errors.js:1143:9)
    at asyncHandler (C:\Users\bahae\AppData\Roaming\npm\node_modules\appium\node_modules\@appium\base-driver\lib\protocol\protocol.js:485:57)</status>
</kw>
<kw name="Set Suite Variable" owner="BuiltIn">
<arg>${driver}</arg>
<doc>Makes a variable available everywhere within the scope of the current suite.</doc>
<status status="NOT RUN" start="2025-05-12T14:26:29.996264" elapsed="0.000000"/>
</kw>
<kw name="Initialize Language Settings">
<doc>Sets up language-specific variables based on system language</doc>
<status status="NOT RUN" start="2025-05-12T14:26:29.996264" elapsed="0.000000"/>
</kw>
<doc>Initializes the test driver</doc>
<status status="FAIL" start="2025-05-12T14:25:57.994229" elapsed="32.002035">WebDriverException: Message: An unknown server-side error occurred while processing the command. Original error: Appium Settings app is not running after 30000ms
Stacktrace:
UnknownError: An unknown server-side error occurred while processing the command. Original error: Appium Settings app is not running after 30000ms
    at getResponseForW3CError (C:\Users\bahae\AppData\Roaming\npm\node_modules\appium\node_modules\@appium\base-driver\lib\protocol\errors.js:1143:9)
    at asyncHandler (C:\Users\bahae\AppData\Roaming\npm\node_modules\appium\node_modules\@appium\base-driver\lib\protocol\protocol.js:485:57)</status>
</kw>
<test id="s1-t1" name="Test Install Apk" line="198">
<doc>Tests APK installation process
- Checks pre-installation state
- Installs the APK
- Verifies installation in system and UI</doc>
<tag>installation</tag>
<tag>smoke</tag>
<status status="FAIL" start="2025-05-12T14:26:29.996264" elapsed="0.000999">Parent suite setup failed:
WebDriverException: Message: An unknown server-side error occurred while processing the command. Original error: Appium Settings app is not running after 30000ms
Stacktrace:
UnknownError: An unknown server-side error occurred while processing the command. Original error: Appium Settings app is not running after 30000ms
    at getResponseForW3CError (C:\Users\bahae\AppData\Roaming\npm\node_modules\appium\node_modules\@appium\base-driver\lib\protocol\errors.js:1143:9)
    at asyncHandler (C:\Users\bahae\AppData\Roaming\npm\node_modules\appium\node_modules\@appium\base-driver\lib\protocol\protocol.js:485:57)</status>
</test>
<test id="s1-t2" name="Test Uninstall Application" line="206">
<doc>Tests application uninstallation
- Navigates through settings
- Performs uninstallation
- Verifies complete removal</doc>
<tag>smoke</tag>
<tag>uninstallation</tag>
<status status="FAIL" start="2025-05-12T14:26:29.997263" elapsed="0.001001">Parent suite setup failed:
WebDriverException: Message: An unknown server-side error occurred while processing the command. Original error: Appium Settings app is not running after 30000ms
Stacktrace:
UnknownError: An unknown server-side error occurred while processing the command. Original error: Appium Settings app is not running after 30000ms
    at getResponseForW3CError (C:\Users\bahae\AppData\Roaming\npm\node_modules\appium\node_modules\@appium\base-driver\lib\protocol\errors.js:1143:9)
    at asyncHandler (C:\Users\bahae\AppData\Roaming\npm\node_modules\appium\node_modules\@appium\base-driver\lib\protocol\protocol.js:485:57)</status>
</test>
<kw name="Fermer Driver" type="TEARDOWN">
<try>
<branch type="TRY">
<kw name="Run Keyword And Return Status" owner="BuiltIn">
<kw name="Get Source" owner="AppiumLibrary">
<kw name="Capture Page Screenshot" owner="AppiumLibrary">
<msg time="2025-05-12T14:26:30.000264" level="FAIL">No application is open</msg>
<doc>Takes a screenshot of the current page and embeds it into the log.</doc>
<status status="FAIL" start="2025-05-12T14:26:30.000264" elapsed="0.003014">No application is open</status>
</kw>
<msg time="2025-05-12T14:26:30.004277" level="WARN">Keyword 'Capture Page Screenshot' could not be run on failure: No application is open</msg>
<msg time="2025-05-12T14:26:30.004277" level="FAIL">No application is open</msg>
<doc>Returns the entire source of the current page.</doc>
<status status="FAIL" start="2025-05-12T14:26:30.000264" elapsed="0.005025">No application is open</status>
</kw>
<msg time="2025-05-12T14:26:30.005289" level="INFO">${session_active} = False</msg>
<var>${session_active}</var>
<arg>Get Source</arg>
<doc>Runs the given keyword with given arguments and returns the status as a Boolean value.</doc>
<status status="PASS" start="2025-05-12T14:26:30.000264" elapsed="0.005025"/>
</kw>
<if>
<branch type="IF" condition="${session_active}">
<kw name="Close Driver" owner="Integration">
<arg>${driver}</arg>
<doc>Ferme proprement le driver Appium.</doc>
<status status="NOT RUN" start="2025-05-12T14:26:30.006279" elapsed="0.000000"/>
</kw>
<kw name="Log" owner="BuiltIn">
<arg>Driver fermé avec succès</arg>
<doc>Logs the given message with the given level.</doc>
<status status="NOT RUN" start="2025-05-12T14:26:30.006279" elapsed="0.000000"/>
</kw>
<status status="NOT RUN" start="2025-05-12T14:26:30.005289" elapsed="0.000990"/>
</branch>
<branch type="ELSE">
<kw name="Log" owner="BuiltIn">
<msg time="2025-05-12T14:26:30.006279" level="INFO">Le driver n'était pas actif</msg>
<arg>Le driver n'était pas actif</arg>
<doc>Logs the given message with the given level.</doc>
<status status="PASS" start="2025-05-12T14:26:30.006279" elapsed="0.000000"/>
</kw>
<status status="PASS" start="2025-05-12T14:26:30.006279" elapsed="0.000000"/>
</branch>
<status status="PASS" start="2025-05-12T14:26:30.005289" elapsed="0.000990"/>
</if>
<status status="PASS" start="2025-05-12T14:26:29.999264" elapsed="0.007015"/>
</branch>
<branch type="EXCEPT" assign="${error}">
<kw name="Log" owner="BuiltIn">
<arg>Erreur lors de la fermeture du driver: ${error}</arg>
<doc>Logs the given message with the given level.</doc>
<status status="NOT RUN" start="2025-05-12T14:26:30.006279" elapsed="0.000000"/>
</kw>
<status status="NOT RUN" start="2025-05-12T14:26:30.006279" elapsed="0.000999"/>
</branch>
<status status="PASS" start="2025-05-12T14:26:29.999264" elapsed="0.008014"/>
</try>
<doc>Cleans up and closes the test driver</doc>
<status status="PASS" start="2025-05-12T14:26:29.999264" elapsed="0.008014"/>
</kw>
<doc>Tests for APK installation and uninstallation
- Verifies APK installation via ADB
- Checks application visibility in UI
- Tests complete uninstallation flow</doc>
<status status="FAIL" start="2025-05-12T14:25:54.931120" elapsed="35.076158">Suite setup failed:
WebDriverException: Message: An unknown server-side error occurred while processing the command. Original error: Appium Settings app is not running after 30000ms
Stacktrace:
UnknownError: An unknown server-side error occurred while processing the command. Original error: Appium Settings app is not running after 30000ms
    at getResponseForW3CError (C:\Users\bahae\AppData\Roaming\npm\node_modules\appium\node_modules\@appium\base-driver\lib\protocol\errors.js:1143:9)
    at asyncHandler (C:\Users\bahae\AppData\Roaming\npm\node_modules\appium\node_modules\@appium\base-driver\lib\protocol\protocol.js:485:57)</status>
</suite>
<statistics>
<total>
<stat pass="0" fail="2" skip="0">All Tests</stat>
</total>
<tag>
<stat pass="0" fail="1" skip="0">installation</stat>
<stat pass="0" fail="2" skip="0">smoke</stat>
<stat pass="0" fail="1" skip="0">uninstallation</stat>
</tag>
<suite>
<stat name="InstallationApplications" id="s1" pass="0" fail="2" skip="0">InstallationApplications</stat>
</suite>
</statistics>
<errors>
<msg time="2025-05-12T14:26:30.004277" level="WARN">Keyword 'Capture Page Screenshot' could not be run on failure: No application is open</msg>
</errors>
</robot>
